Namespace(model='gipa_deep_wide', root='.', cpu=False, gpu=0, seed=0, n_runs=1, n_epochs=10, eval_times=1, advanced_optimizer=True, train_partition_num=1, eval_partition_num=1, no_attn_dst=False, n_heads=20, norm='none', disable_fea_trans_norm=False, edge_att_act='none', edge_agg_mode='single_softmax', lr=0.0005, n_layers=10, n_hidden=64, dropout=0.4, input_drop=0.4, edge_drop=0.1, eval_every=5, log_every=5, save_pred=False, log_file_name='run_default_wide_deep', first_hidden=512, edge_emb_size=8, wd=0, use_sparse_fea=True, sparse_encoder='log', input_norm=False, first_layer_norm=False, first_layer_act='relu', feature_drop=0.0, last_layer_drop=-1.0, n_deep_layers=3, n_deep_hidden=64, deep_drop_out=0.4, deep_input_drop=0.1, dataset='/home/lupusruber/root/projects/ppi/PPI/data_preparators/whole_graph_data_CC_700.pt')
Running for seeds 0Number of node feature: 8
Number of edge feature: 8
Number of params: 48011160
Run: 1/1, Epoch: 1/10, this epoch time: 10.49s Train loss/score: 0.7558/0.4952
Run: 1/1, Epoch: 2/10, this epoch time: 10.73s Train loss/score: 0.6527/0.5006
Run: 1/1, Epoch: 3/10, this epoch time: 10.44s Train loss/score: 0.5665/0.5056
Run: 1/1, Epoch: 4/10, this epoch time: 10.33s Train loss/score: 0.4956/0.5075
Run: 1/1, Epoch: 5/10, this epoch time: 10.53s Train loss/score: 0.4403/0.5068
Run: 1/1, Epoch: 5/10, Average Train epoch time: 10.50s, Average Eval epoch time: 1.02s
Loss: 0.4403 Train/Val/Test loss: 0.3758/0.3744/0.3711
Train/Val/Test: 0.4990/0.4984/0.4975
Best val/Final test score/Best Step: 0.4984/0.4975/5
Run: 1/1, Epoch: 6/10, this epoch time: 11.62s Train loss/score: 0.3964/0.5051
Run: 1/1, Epoch: 7/10, this epoch time: 11.21s Train loss/score: 0.3628/0.5045
Run: 1/1, Epoch: 8/10, this epoch time: 11.35s Train loss/score: 0.3371/0.5045
Run: 1/1, Epoch: 9/10, this epoch time: 11.49s Train loss/score: 0.3182/0.5046
Run: 1/1, Epoch: 10/10, this epoch time: 12.16s Train loss/score: 0.3046/0.5044
Run: 1/1, Epoch: 10/10, Average Train epoch time: 11.04s, Average Eval epoch time: 1.01s
Loss: 0.3046 Train/Val/Test loss: 0.3394/0.3374/0.3318
Train/Val/Test: 0.5027/0.5029/0.5030
Best val/Final test score/Best Step: 0.5029/0.5030/10
**************************************************
Best val score: 0.5028564300304089, Final test score: 0.5029713170650705
**************************************************
