Namespace(model='gipa_deep_wide', root='./', cpu=False, gpu=0, seed=0, n_runs=10, n_epochs=1500, eval_times=1, advanced_optimizer=True, train_partition_num=1, eval_partition_num=1, no_attn_dst=False, n_heads=10, norm='none', disable_fea_trans_norm=False, edge_att_act='none', edge_agg_mode='single_softmax', lr=0.01, n_layers=5, n_hidden=32, dropout=0.4, input_drop=0.4, edge_drop=0.1, eval_every=5, log_every=5, save_pred=False, log_file_name='run_default_wide_deep', first_hidden=128, edge_emb_size=8, wd=0, use_sparse_fea=True, sparse_encoder='log', input_norm=False, first_layer_norm=False, first_layer_act='relu', feature_drop=0.0, last_layer_drop=-1.0, n_deep_layers=3, n_deep_hidden=128, deep_drop_out=0.4, deep_input_drop=0.1)
Running for seeds 0Number of node feature: 8
Number of edge feature: 8
Number of params: 1621060
Run: 1/10, Epoch: 1/1500, this epoch time: 2.91s Train loss/score: 0.7516/0.0000
Run: 1/10, Epoch: 2/1500, this epoch time: 0.39s Train loss/score: 0.5563/0.0000
Run: 1/10, Epoch: 3/1500, this epoch time: 0.38s Train loss/score: 0.5714/0.0000
Run: 1/10, Epoch: 4/1500, this epoch time: 0.38s Train loss/score: 0.5758/0.0000
Run: 1/10, Epoch: 5/1500, this epoch time: 0.39s Train loss/score: 0.5539/0.0000
Run: 1/10, Epoch: 5/1500, Average Train epoch time: 0.89s, Average Eval epoch time: 0.30s
Loss: 0.5539 Train/Val/Test loss: 1.2528/1.2260/1.2690
Train/Val/Test: 0.0000/0.0000/0.0000
Best val/Final test score/Best Step: 0.0000/0.0000/0
Run: 1/10, Epoch: 6/1500, this epoch time: 0.39s Train loss/score: 0.5314/0.0000
Run: 1/10, Epoch: 7/1500, this epoch time: 0.38s Train loss/score: 0.5182/0.0001
Run: 1/10, Epoch: 8/1500, this epoch time: 0.38s Train loss/score: 0.5150/0.0001
Run: 1/10, Epoch: 9/1500, this epoch time: 0.38s Train loss/score: 0.5066/0.0003
Run: 1/10, Epoch: 10/1500, this epoch time: 0.38s Train loss/score: 0.4961/0.0013
Run: 1/10, Epoch: 10/1500, Average Train epoch time: 0.64s, Average Eval epoch time: 0.30s
Loss: 0.4961 Train/Val/Test loss: 0.8802/0.8614/0.8852
Train/Val/Test: 0.0000/0.0000/0.0000
Best val/Final test score/Best Step: 0.0000/0.0000/0
Run: 1/10, Epoch: 11/1500, this epoch time: 0.38s Train loss/score: 0.4895/0.0003
Run: 1/10, Epoch: 12/1500, this epoch time: 0.38s Train loss/score: 0.4846/0.0000
Run: 1/10, Epoch: 13/1500, this epoch time: 0.38s Train loss/score: 0.4798/0.0001
Run: 1/10, Epoch: 14/1500, this epoch time: 0.37s Train loss/score: 0.4741/0.0001
Run: 1/10, Epoch: 15/1500, this epoch time: 0.40s Train loss/score: 0.4704/0.0000
Run: 1/10, Epoch: 15/1500, Average Train epoch time: 0.55s, Average Eval epoch time: 0.30s
Loss: 0.4704 Train/Val/Test loss: 0.5532/0.5411/0.5564
Train/Val/Test: 0.0000/0.0000/0.0000
Best val/Final test score/Best Step: 0.0000/0.0000/0
Run: 1/10, Epoch: 16/1500, this epoch time: 0.45s Train loss/score: 0.4678/0.0000
Run: 1/10, Epoch: 17/1500, this epoch time: 0.50s Train loss/score: 0.4661/0.0000
Run: 1/10, Epoch: 18/1500, this epoch time: 0.48s Train loss/score: 0.4632/0.0000
Run: 1/10, Epoch: 19/1500, this epoch time: 0.48s Train loss/score: 0.4612/0.0001
Run: 1/10, Epoch: 20/1500, this epoch time: 0.48s Train loss/score: 0.4572/0.0001
Run: 1/10, Epoch: 20/1500, Average Train epoch time: 0.53s, Average Eval epoch time: 0.33s
Loss: 0.4572 Train/Val/Test loss: 0.5397/0.5286/0.5428
Train/Val/Test: 0.0000/0.0000/0.0000
Best val/Final test score/Best Step: 0.0000/0.0000/0
Run: 1/10, Epoch: 21/1500, this epoch time: 0.49s Train loss/score: 0.4546/0.0011
Run: 1/10, Epoch: 22/1500, this epoch time: 0.46s Train loss/score: 0.4534/0.0024
Run: 1/10, Epoch: 23/1500, this epoch time: 0.39s Train loss/score: 0.4515/0.0068
Run: 1/10, Epoch: 24/1500, this epoch time: 0.41s Train loss/score: 0.4506/0.0085
Run: 1/10, Epoch: 25/1500, this epoch time: 0.40s Train loss/score: 0.4489/0.0083
Run: 1/10, Epoch: 25/1500, Average Train epoch time: 0.51s, Average Eval epoch time: 0.32s
Loss: 0.4489 Train/Val/Test loss: 0.5023/0.4956/0.5053
Train/Val/Test: 0.0000/0.0000/0.0000
Best val/Final test score/Best Step: 0.0000/0.0000/0
Run: 1/10, Epoch: 26/1500, this epoch time: 0.41s Train loss/score: 0.4459/0.0082
Run: 1/10, Epoch: 27/1500, this epoch time: 0.40s Train loss/score: 0.4445/0.0088
Run: 1/10, Epoch: 28/1500, this epoch time: 0.40s Train loss/score: 0.4433/0.0081
Run: 1/10, Epoch: 29/1500, this epoch time: 0.40s Train loss/score: 0.4408/0.0066
Run: 1/10, Epoch: 30/1500, this epoch time: 0.39s Train loss/score: 0.4418/0.0051
Run: 1/10, Epoch: 30/1500, Average Train epoch time: 0.49s, Average Eval epoch time: 0.32s
Loss: 0.4418 Train/Val/Test loss: 0.5494/0.5420/0.5496
Train/Val/Test: 0.0000/0.0000/0.0000
Best val/Final test score/Best Step: 0.0000/0.0000/0
Run: 1/10, Epoch: 31/1500, this epoch time: 0.38s Train loss/score: 0.4389/0.0020
Run: 1/10, Epoch: 32/1500, this epoch time: 0.40s Train loss/score: 0.4404/0.0015
Run: 1/10, Epoch: 33/1500, this epoch time: 0.41s Train loss/score: 0.4373/0.0008
Run: 1/10, Epoch: 34/1500, this epoch time: 0.40s Train loss/score: 0.4362/0.0004
Run: 1/10, Epoch: 35/1500, this epoch time: 0.39s Train loss/score: 0.4338/0.0011
Run: 1/10, Epoch: 35/1500, Average Train epoch time: 0.48s, Average Eval epoch time: 0.32s
Loss: 0.4338 Train/Val/Test loss: 0.5217/0.5144/0.5283
Train/Val/Test: 0.0001/0.0000/0.0000
Best val/Final test score/Best Step: 0.0000/0.0000/0
Run: 1/10, Epoch: 36/1500, this epoch time: 0.38s Train loss/score: 0.4347/0.0025
Run: 1/10, Epoch: 37/1500, this epoch time: 0.39s Train loss/score: 0.4326/0.0020
Run: 1/10, Epoch: 38/1500, this epoch time: 0.38s Train loss/score: 0.4338/0.0032
Run: 1/10, Epoch: 39/1500, this epoch time: 0.39s Train loss/score: 0.4312/0.0033
Run: 1/10, Epoch: 40/1500, this epoch time: 0.39s Train loss/score: 0.4305/0.0042
Run: 1/10, Epoch: 40/1500, Average Train epoch time: 0.47s, Average Eval epoch time: 0.32s
Loss: 0.4305 Train/Val/Test loss: 0.4678/0.4628/0.4750
Train/Val/Test: 0.0010/0.0006/0.0012
Best val/Final test score/Best Step: 0.0006/0.0012/40
Run: 1/10, Epoch: 41/1500, this epoch time: 0.41s Train loss/score: 0.4294/0.0046
Run: 1/10, Epoch: 42/1500, this epoch time: 0.41s Train loss/score: 0.4296/0.0054
Run: 1/10, Epoch: 43/1500, this epoch time: 0.42s Train loss/score: 0.4276/0.0061
Run: 1/10, Epoch: 44/1500, this epoch time: 0.43s Train loss/score: 0.4280/0.0056
Run: 1/10, Epoch: 45/1500, this epoch time: 0.52s Train loss/score: 0.4258/0.0037
Run: 1/10, Epoch: 45/1500, Average Train epoch time: 0.46s, Average Eval epoch time: 0.33s
Loss: 0.4258 Train/Val/Test loss: 0.4503/0.4465/0.4553
Train/Val/Test: 0.0004/0.0000/0.0006
Best val/Final test score/Best Step: 0.0006/0.0012/40
Run: 1/10, Epoch: 46/1500, this epoch time: 0.51s Train loss/score: 0.4256/0.0036
Run: 1/10, Epoch: 47/1500, this epoch time: 0.50s Train loss/score: 0.4244/0.0021
Run: 1/10, Epoch: 48/1500, this epoch time: 0.52s Train loss/score: 0.4236/0.0020
Run: 1/10, Epoch: 49/1500, this epoch time: 0.51s Train loss/score: 0.4240/0.0025
Run: 1/10, Epoch: 50/1500, this epoch time: 0.51s Train loss/score: 0.4228/0.0017
Run: 1/10, Epoch: 50/1500, Average Train epoch time: 0.47s, Average Eval epoch time: 0.33s
Loss: 0.4228 Train/Val/Test loss: 0.4494/0.4473/0.4565
Train/Val/Test: 0.0011/0.0030/0.0006
Best val/Final test score/Best Step: 0.0030/0.0006/50
Run: 1/10, Epoch: 51/1500, this epoch time: 0.40s Train loss/score: 0.4229/0.0023
Run: 1/10, Epoch: 52/1500, this epoch time: 0.39s Train loss/score: 0.4208/0.0022
Run: 1/10, Epoch: 53/1500, this epoch time: 0.38s Train loss/score: 0.4220/0.0030
Run: 1/10, Epoch: 54/1500, this epoch time: 0.41s Train loss/score: 0.4196/0.0035
Run: 1/10, Epoch: 55/1500, this epoch time: 0.40s Train loss/score: 0.4220/0.0033
Run: 1/10, Epoch: 55/1500, Average Train epoch time: 0.46s, Average Eval epoch time: 0.33s
Loss: 0.4220 Train/Val/Test loss: 0.4494/0.4481/0.4569
Train/Val/Test: 0.0026/0.0024/0.0036
Best val/Final test score/Best Step: 0.0030/0.0006/50
Run: 1/10, Epoch: 56/1500, this epoch time: 0.40s Train loss/score: 0.4184/0.0029
Run: 1/10, Epoch: 57/1500, this epoch time: 0.39s Train loss/score: 0.4203/0.0036
Run: 1/10, Epoch: 58/1500, this epoch time: 0.39s Train loss/score: 0.4161/0.0051
Run: 1/10, Epoch: 59/1500, this epoch time: 0.39s Train loss/score: 0.4180/0.0051
Run: 1/10, Epoch: 60/1500, this epoch time: 0.40s Train loss/score: 0.4148/0.0042
Run: 1/10, Epoch: 60/1500, Average Train epoch time: 0.46s, Average Eval epoch time: 0.33s
Loss: 0.4148 Train/Val/Test loss: 0.4827/0.4810/0.4883
Train/Val/Test: 0.0008/0.0000/0.0018
Best val/Final test score/Best Step: 0.0030/0.0006/50
Run: 1/10, Epoch: 61/1500, this epoch time: 0.40s Train loss/score: 0.4168/0.0038
Run: 1/10, Epoch: 62/1500, this epoch time: 0.39s Train loss/score: 0.4160/0.0031
Run: 1/10, Epoch: 63/1500, this epoch time: 0.42s Train loss/score: 0.4154/0.0028
Run: 1/10, Epoch: 64/1500, this epoch time: 0.40s Train loss/score: 0.4127/0.0044
Run: 1/10, Epoch: 65/1500, this epoch time: 0.39s Train loss/score: 0.4135/0.0033
Run: 1/10, Epoch: 65/1500, Average Train epoch time: 0.45s, Average Eval epoch time: 0.33s
Loss: 0.4135 Train/Val/Test loss: 0.4653/0.4631/0.4736
Train/Val/Test: 0.0024/0.0042/0.0042
Best val/Final test score/Best Step: 0.0042/0.0042/65
Run: 1/10, Epoch: 66/1500, this epoch time: 0.39s Train loss/score: 0.4133/0.0037
Run: 1/10, Epoch: 67/1500, this epoch time: 0.40s Train loss/score: 0.4106/0.0041
Run: 1/10, Epoch: 68/1500, this epoch time: 0.40s Train loss/score: 0.4111/0.0041
Run: 1/10, Epoch: 69/1500, this epoch time: 0.41s Train loss/score: 0.4116/0.0052
Run: 1/10, Epoch: 70/1500, this epoch time: 0.40s Train loss/score: 0.4110/0.0054
Run: 1/10, Epoch: 70/1500, Average Train epoch time: 0.45s, Average Eval epoch time: 0.33s
Loss: 0.4110 Train/Val/Test loss: 0.4509/0.4518/0.4625
Train/Val/Test: 0.0023/0.0036/0.0042
Best val/Final test score/Best Step: 0.0042/0.0042/65
Run: 1/10, Epoch: 71/1500, this epoch time: 0.40s Train loss/score: 0.4088/0.0042
Run: 1/10, Epoch: 72/1500, this epoch time: 0.45s Train loss/score: 0.4084/0.0053
Run: 1/10, Epoch: 73/1500, this epoch time: 0.50s Train loss/score: 0.4080/0.0056
Run: 1/10, Epoch: 74/1500, this epoch time: 0.51s Train loss/score: 0.4078/0.0067
Run: 1/10, Epoch: 75/1500, this epoch time: 0.51s Train loss/score: 0.4069/0.0053
Run: 1/10, Epoch: 75/1500, Average Train epoch time: 0.45s, Average Eval epoch time: 0.33s
Loss: 0.4069 Train/Val/Test loss: 0.4833/0.4861/0.4930
Train/Val/Test: 0.0019/0.0012/0.0036
Best val/Final test score/Best Step: 0.0042/0.0042/65
Run: 1/10, Epoch: 76/1500, this epoch time: 0.50s Train loss/score: 0.4058/0.0055
Run: 1/10, Epoch: 77/1500, this epoch time: 0.49s Train loss/score: 0.4061/0.0054
Run: 1/10, Epoch: 78/1500, this epoch time: 0.47s Train loss/score: 0.4046/0.0062
Run: 1/10, Epoch: 79/1500, this epoch time: 0.40s Train loss/score: 0.4038/0.0042
Run: 1/10, Epoch: 80/1500, this epoch time: 0.40s Train loss/score: 0.4036/0.0044
Run: 1/10, Epoch: 80/1500, Average Train epoch time: 0.45s, Average Eval epoch time: 0.33s
Loss: 0.4036 Train/Val/Test loss: 0.4344/0.4383/0.4484
Train/Val/Test: 0.0014/0.0012/0.0036
Best val/Final test score/Best Step: 0.0042/0.0042/65
Run: 1/10, Epoch: 81/1500, this epoch time: 0.40s Train loss/score: 0.4034/0.0044
Run: 1/10, Epoch: 82/1500, this epoch time: 0.40s Train loss/score: 0.4020/0.0049
Run: 1/10, Epoch: 83/1500, this epoch time: 0.40s Train loss/score: 0.4007/0.0041
Run: 1/10, Epoch: 84/1500, this epoch time: 0.42s Train loss/score: 0.4009/0.0056
Run: 1/10, Epoch: 85/1500, this epoch time: 0.39s Train loss/score: 0.3993/0.0065
Run: 1/10, Epoch: 85/1500, Average Train epoch time: 0.45s, Average Eval epoch time: 0.33s
Loss: 0.3993 Train/Val/Test loss: 0.4219/0.4295/0.4382
Train/Val/Test: 0.0025/0.0030/0.0054
Best val/Final test score/Best Step: 0.0042/0.0042/65
Run: 1/10, Epoch: 86/1500, this epoch time: 0.40s Train loss/score: 0.3989/0.0051
Run: 1/10, Epoch: 87/1500, this epoch time: 0.41s Train loss/score: 0.3997/0.0051
Run: 1/10, Epoch: 88/1500, this epoch time: 0.40s Train loss/score: 0.3993/0.0059
Run: 1/10, Epoch: 89/1500, this epoch time: 0.40s Train loss/score: 0.3977/0.0062
Run: 1/10, Epoch: 90/1500, this epoch time: 0.40s Train loss/score: 0.3987/0.0056
Run: 1/10, Epoch: 90/1500, Average Train epoch time: 0.45s, Average Eval epoch time: 0.33s
Loss: 0.3987 Train/Val/Test loss: 0.4460/0.4526/0.4621
Train/Val/Test: 0.0023/0.0024/0.0042
Best val/Final test score/Best Step: 0.0042/0.0042/65
Run: 1/10, Epoch: 91/1500, this epoch time: 0.40s Train loss/score: 0.3965/0.0059
Run: 1/10, Epoch: 92/1500, this epoch time: 0.40s Train loss/score: 0.3975/0.0056
Run: 1/10, Epoch: 93/1500, this epoch time: 0.41s Train loss/score: 0.3965/0.0054
Run: 1/10, Epoch: 94/1500, this epoch time: 0.40s Train loss/score: 0.3951/0.0068
Run: 1/10, Epoch: 95/1500, this epoch time: 0.40s Train loss/score: 0.3951/0.0075
Run: 1/10, Epoch: 95/1500, Average Train epoch time: 0.44s, Average Eval epoch time: 0.33s
Loss: 0.3951 Train/Val/Test loss: 0.5079/0.5158/0.5213
Train/Val/Test: 0.0016/0.0006/0.0030
Best val/Final test score/Best Step: 0.0042/0.0042/65
Run: 1/10, Epoch: 96/1500, this epoch time: 0.40s Train loss/score: 0.3944/0.0092
Run: 1/10, Epoch: 97/1500, this epoch time: 0.41s Train loss/score: 0.3929/0.0092
Run: 1/10, Epoch: 98/1500, this epoch time: 0.40s Train loss/score: 0.3941/0.0051
Run: 1/10, Epoch: 99/1500, this epoch time: 0.40s Train loss/score: 0.3912/0.0072
Run: 1/10, Epoch: 100/1500, this epoch time: 0.50s Train loss/score: 0.3904/0.0079
Run: 1/10, Epoch: 100/1500, Average Train epoch time: 0.44s, Average Eval epoch time: 0.34s
Loss: 0.3904 Train/Val/Test loss: 0.4350/0.4477/0.4532
Train/Val/Test: 0.0019/0.0018/0.0042
Best val/Final test score/Best Step: 0.0042/0.0042/65
Run: 1/10, Epoch: 101/1500, this epoch time: 0.50s Train loss/score: 0.3902/0.0074
Run: 1/10, Epoch: 102/1500, this epoch time: 1.05s Train loss/score: 0.3889/0.0067
Run: 1/10, Epoch: 103/1500, this epoch time: 0.71s Train loss/score: 0.3887/0.0049
Run: 1/10, Epoch: 104/1500, this epoch time: 0.51s Train loss/score: 0.3872/0.0045
Run: 1/10, Epoch: 105/1500, this epoch time: 0.46s Train loss/score: 0.3867/0.0062
Run: 1/10, Epoch: 105/1500, Average Train epoch time: 0.45s, Average Eval epoch time: 0.34s
Loss: 0.3867 Train/Val/Test loss: 0.3794/0.3993/0.4067
Train/Val/Test: 0.0040/0.0042/0.0054
Best val/Final test score/Best Step: 0.0042/0.0042/65
Run: 1/10, Epoch: 106/1500, this epoch time: 0.39s Train loss/score: 0.3877/0.0085
Run: 1/10, Epoch: 107/1500, this epoch time: 0.39s Train loss/score: 0.3866/0.0077
Run: 1/10, Epoch: 108/1500, this epoch time: 0.40s Train loss/score: 0.3861/0.0105
Run: 1/10, Epoch: 109/1500, this epoch time: 0.40s Train loss/score: 0.3844/0.0102
Run: 1/10, Epoch: 110/1500, this epoch time: 0.40s Train loss/score: 0.3843/0.0085
Run: 1/10, Epoch: 110/1500, Average Train epoch time: 0.45s, Average Eval epoch time: 0.34s
Loss: 0.3843 Train/Val/Test loss: 0.4192/0.4384/0.4454
Train/Val/Test: 0.0032/0.0030/0.0054
Best val/Final test score/Best Step: 0.0042/0.0042/65
Run: 1/10, Epoch: 111/1500, this epoch time: 0.42s Train loss/score: 0.3842/0.0065
Run: 1/10, Epoch: 112/1500, this epoch time: 0.40s Train loss/score: 0.3832/0.0065
Run: 1/10, Epoch: 113/1500, this epoch time: 0.39s Train loss/score: 0.3835/0.0080
Run: 1/10, Epoch: 114/1500, this epoch time: 0.40s Train loss/score: 0.3821/0.0068
Run: 1/10, Epoch: 115/1500, this epoch time: 0.39s Train loss/score: 0.3811/0.0068
Run: 1/10, Epoch: 115/1500, Average Train epoch time: 0.45s, Average Eval epoch time: 0.34s
Loss: 0.3811 Train/Val/Test loss: 0.4002/0.4233/0.4346
Train/Val/Test: 0.0040/0.0018/0.0059
Best val/Final test score/Best Step: 0.0042/0.0042/65
Run: 1/10, Epoch: 116/1500, this epoch time: 0.38s Train loss/score: 0.3810/0.0106
Run: 1/10, Epoch: 117/1500, this epoch time: 0.40s Train loss/score: 0.3807/0.0084
Run: 1/10, Epoch: 118/1500, this epoch time: 0.40s Train loss/score: 0.3799/0.0086
Run: 1/10, Epoch: 119/1500, this epoch time: 0.40s Train loss/score: 0.3782/0.0090
Run: 1/10, Epoch: 120/1500, this epoch time: 0.39s Train loss/score: 0.3776/0.0092
Run: 1/10, Epoch: 120/1500, Average Train epoch time: 0.44s, Average Eval epoch time: 0.34s
Loss: 0.3776 Train/Val/Test loss: 0.4228/0.4463/0.4542
Train/Val/Test: 0.0059/0.0030/0.0065
Best val/Final test score/Best Step: 0.0042/0.0042/65
Run: 1/10, Epoch: 121/1500, this epoch time: 0.41s Train loss/score: 0.3764/0.0106
Run: 1/10, Epoch: 122/1500, this epoch time: 0.42s Train loss/score: 0.3776/0.0100
Run: 1/10, Epoch: 123/1500, this epoch time: 0.43s Train loss/score: 0.3762/0.0098
Run: 1/10, Epoch: 124/1500, this epoch time: 0.42s Train loss/score: 0.3768/0.0108
Run: 1/10, Epoch: 125/1500, this epoch time: 0.41s Train loss/score: 0.3764/0.0106
Run: 1/10, Epoch: 125/1500, Average Train epoch time: 0.44s, Average Eval epoch time: 0.34s
Loss: 0.3764 Train/Val/Test loss: 0.5363/0.5509/0.5549
Train/Val/Test: 0.0019/0.0006/0.0036
Best val/Final test score/Best Step: 0.0042/0.0042/65
Run: 1/10, Epoch: 126/1500, this epoch time: 0.48s Train loss/score: 0.3740/0.0100
Run: 1/10, Epoch: 127/1500, this epoch time: 0.53s Train loss/score: 0.3748/0.0112
Run: 1/10, Epoch: 128/1500, this epoch time: 0.51s Train loss/score: 0.3743/0.0154
Run: 1/10, Epoch: 129/1500, this epoch time: 0.51s Train loss/score: 0.3736/0.0102
Run: 1/10, Epoch: 130/1500, this epoch time: 0.53s Train loss/score: 0.3729/0.0054
Run: 1/10, Epoch: 130/1500, Average Train epoch time: 0.45s, Average Eval epoch time: 0.34s
Loss: 0.3729 Train/Val/Test loss: 0.5179/0.5358/0.5431
Train/Val/Test: 0.0020/0.0006/0.0036
Best val/Final test score/Best Step: 0.0042/0.0042/65
Run: 1/10, Epoch: 131/1500, this epoch time: 0.50s Train loss/score: 0.3720/0.0095
Run: 1/10, Epoch: 132/1500, this epoch time: 0.45s Train loss/score: 0.3718/0.0140
Run: 1/10, Epoch: 133/1500, this epoch time: 0.39s Train loss/score: 0.3700/0.0157
Run: 1/10, Epoch: 134/1500, this epoch time: 0.39s Train loss/score: 0.3713/0.0105
Run: 1/10, Epoch: 135/1500, this epoch time: 0.39s Train loss/score: 0.3688/0.0084
Run: 1/10, Epoch: 135/1500, Average Train epoch time: 0.45s, Average Eval epoch time: 0.34s
Loss: 0.3688 Train/Val/Test loss: 0.4323/0.4646/0.4719
Train/Val/Test: 0.0028/0.0006/0.0059
Best val/Final test score/Best Step: 0.0042/0.0042/65
Run: 1/10, Epoch: 136/1500, this epoch time: 0.39s Train loss/score: 0.3670/0.0107
Run: 1/10, Epoch: 137/1500, this epoch time: 0.40s Train loss/score: 0.3681/0.0114
Run: 1/10, Epoch: 138/1500, this epoch time: 0.39s Train loss/score: 0.3677/0.0152
Run: 1/10, Epoch: 139/1500, this epoch time: 0.39s Train loss/score: 0.3667/0.0100
Run: 1/10, Epoch: 140/1500, this epoch time: 0.40s Train loss/score: 0.3664/0.0099
Run: 1/10, Epoch: 140/1500, Average Train epoch time: 0.44s, Average Eval epoch time: 0.34s
Loss: 0.3664 Train/Val/Test loss: 0.4221/0.4571/0.4620
Train/Val/Test: 0.0027/0.0012/0.0036
Best val/Final test score/Best Step: 0.0042/0.0042/65
Run: 1/10, Epoch: 141/1500, this epoch time: 0.39s Train loss/score: 0.3661/0.0120
Run: 1/10, Epoch: 142/1500, this epoch time: 0.38s Train loss/score: 0.3665/0.0129
Run: 1/10, Epoch: 143/1500, this epoch time: 0.39s Train loss/score: 0.3648/0.0126
Run: 1/10, Epoch: 144/1500, this epoch time: 0.40s Train loss/score: 0.3644/0.0103
Run: 1/10, Epoch: 145/1500, this epoch time: 0.40s Train loss/score: 0.3638/0.0093
Run: 1/10, Epoch: 145/1500, Average Train epoch time: 0.44s, Average Eval epoch time: 0.34s
Loss: 0.3638 Train/Val/Test loss: 0.3686/0.4129/0.4223
Train/Val/Test: 0.0093/0.0095/0.0101
Best val/Final test score/Best Step: 0.0095/0.0101/145
Run: 1/10, Epoch: 146/1500, this epoch time: 0.43s Train loss/score: 0.3628/0.0126
Run: 1/10, Epoch: 147/1500, this epoch time: 0.39s Train loss/score: 0.3628/0.0163
Run: 1/10, Epoch: 148/1500, this epoch time: 0.40s Train loss/score: 0.3626/0.0138
Run: 1/10, Epoch: 149/1500, this epoch time: 0.41s Train loss/score: 0.3614/0.0100
Run: 1/10, Epoch: 150/1500, this epoch time: 0.41s Train loss/score: 0.3623/0.0120
Run: 1/10, Epoch: 150/1500, Average Train epoch time: 0.44s, Average Eval epoch time: 0.34s
Loss: 0.3623 Train/Val/Test loss: 0.4455/0.4844/0.4889
Train/Val/Test: 0.0033/0.0018/0.0059
Best val/Final test score/Best Step: 0.0095/0.0101/145
Run: 1/10, Epoch: 151/1500, this epoch time: 0.41s Train loss/score: 0.3590/0.0158
Run: 1/10, Epoch: 152/1500, this epoch time: 0.41s Train loss/score: 0.3593/0.0146
Run: 1/10, Epoch: 153/1500, this epoch time: 0.41s Train loss/score: 0.3577/0.0098
Run: 1/10, Epoch: 154/1500, this epoch time: 1.16s Train loss/score: 0.3576/0.0092
Run: 1/10, Epoch: 155/1500, this epoch time: 1.03s Train loss/score: 0.3568/0.0121
Run: 1/10, Epoch: 155/1500, Average Train epoch time: 0.45s, Average Eval epoch time: 0.35s
Loss: 0.3568 Train/Val/Test loss: 0.4342/0.4813/0.4883
Train/Val/Test: 0.0059/0.0059/0.0065
Best val/Final test score/Best Step: 0.0095/0.0101/145
Run: 1/10, Epoch: 156/1500, this epoch time: 0.51s Train loss/score: 0.3554/0.0146
Run: 1/10, Epoch: 157/1500, this epoch time: 0.46s Train loss/score: 0.3560/0.0149
Run: 1/10, Epoch: 158/1500, this epoch time: 0.39s Train loss/score: 0.3562/0.0117
Run: 1/10, Epoch: 159/1500, this epoch time: 0.38s Train loss/score: 0.3550/0.0143
Run: 1/10, Epoch: 160/1500, this epoch time: 0.39s Train loss/score: 0.3547/0.0138
Run: 1/10, Epoch: 160/1500, Average Train epoch time: 0.45s, Average Eval epoch time: 0.35s
Loss: 0.3547 Train/Val/Test loss: 0.4261/0.4729/0.4777
Train/Val/Test: 0.0035/0.0030/0.0054
Best val/Final test score/Best Step: 0.0095/0.0101/145
Run: 1/10, Epoch: 161/1500, this epoch time: 0.39s Train loss/score: 0.3559/0.0144
Run: 1/10, Epoch: 162/1500, this epoch time: 0.41s Train loss/score: 0.3540/0.0156
Run: 1/10, Epoch: 163/1500, this epoch time: 0.39s Train loss/score: 0.3527/0.0117
Run: 1/10, Epoch: 164/1500, this epoch time: 0.40s Train loss/score: 0.3512/0.0128
Run: 1/10, Epoch: 165/1500, this epoch time: 0.40s Train loss/score: 0.3531/0.0158
Run: 1/10, Epoch: 165/1500, Average Train epoch time: 0.45s, Average Eval epoch time: 0.35s
Loss: 0.3531 Train/Val/Test loss: 0.5142/0.5490/0.5501
Train/Val/Test: 0.0019/0.0000/0.0030
Best val/Final test score/Best Step: 0.0095/0.0101/145
Run: 1/10, Epoch: 166/1500, this epoch time: 0.39s Train loss/score: 0.3508/0.0155
