Namespace(model='gipa_deep_wide', root='./', cpu=False, gpu=0, seed=0, n_runs=10, n_epochs=1500, eval_times=1, advanced_optimizer=True, train_partition_num=1, eval_partition_num=1, no_attn_dst=False, n_heads=10, norm='none', disable_fea_trans_norm=False, edge_att_act='none', edge_agg_mode='single_softmax', lr=0.001, n_layers=10, n_hidden=64, dropout=0.4, input_drop=0.4, edge_drop=0.1, eval_every=5, log_every=5, save_pred=False, log_file_name='run_default_wide_deep', first_hidden=128, edge_emb_size=8, wd=0, use_sparse_fea=True, sparse_encoder='log', input_norm=False, first_layer_norm=False, first_layer_act='relu', feature_drop=0.0, last_layer_drop=-1.0, n_deep_layers=3, n_deep_hidden=128, deep_drop_out=0.4, deep_input_drop=0.1)
Running for seeds 0Number of node feature: 8
Number of edge feature: 8
Number of params: 11991820
Run: 1/10, Epoch: 1/1500, this epoch time: 4.01s Train loss/score: 0.7456/0.0000
Run: 1/10, Epoch: 2/1500, this epoch time: 0.98s Train loss/score: 0.6717/0.0000
Run: 1/10, Epoch: 3/1500, this epoch time: 0.94s Train loss/score: 0.6167/0.0000
Run: 1/10, Epoch: 4/1500, this epoch time: 0.97s Train loss/score: 0.5791/0.0000
Run: 1/10, Epoch: 5/1500, this epoch time: 0.96s Train loss/score: 0.5543/0.0000
Run: 1/10, Epoch: 5/1500, Average Train epoch time: 1.57s, Average Eval epoch time: 0.62s
Loss: 0.5543 Train/Val/Test loss: 0.6062/0.5943/0.6054
Train/Val/Test: 0.0000/0.0000/0.0000
Best val/Final test score/Best Step: 0.0000/0.0000/0
Run: 1/10, Epoch: 6/1500, this epoch time: 0.95s Train loss/score: 0.5398/0.0000
Run: 1/10, Epoch: 7/1500, this epoch time: 0.97s Train loss/score: 0.5330/0.0000
Run: 1/10, Epoch: 8/1500, this epoch time: 0.94s Train loss/score: 0.5295/0.0000
Run: 1/10, Epoch: 9/1500, this epoch time: 0.97s Train loss/score: 0.5270/0.0000
Run: 1/10, Epoch: 10/1500, this epoch time: 1.09s Train loss/score: 0.5258/0.0001
Run: 1/10, Epoch: 10/1500, Average Train epoch time: 1.28s, Average Eval epoch time: 0.71s
Loss: 0.5258 Train/Val/Test loss: 0.5979/0.5858/0.5966
Train/Val/Test: 0.0000/0.0000/0.0000
Best val/Final test score/Best Step: 0.0000/0.0000/0
Run: 1/10, Epoch: 11/1500, this epoch time: 1.11s Train loss/score: 0.5232/0.0000
Run: 1/10, Epoch: 12/1500, this epoch time: 1.11s Train loss/score: 0.5200/0.0000
Run: 1/10, Epoch: 13/1500, this epoch time: 0.99s Train loss/score: 0.5188/0.0000
Run: 1/10, Epoch: 14/1500, this epoch time: 0.99s Train loss/score: 0.5160/0.0000
Run: 1/10, Epoch: 15/1500, this epoch time: 0.98s Train loss/score: 0.5129/0.0001
Run: 1/10, Epoch: 15/1500, Average Train epoch time: 1.20s, Average Eval epoch time: 0.69s
Loss: 0.5129 Train/Val/Test loss: 0.8978/0.8646/0.8893
Train/Val/Test: 0.0000/0.0000/0.0000
Best val/Final test score/Best Step: 0.0000/0.0000/0
Run: 1/10, Epoch: 16/1500, this epoch time: 0.99s Train loss/score: 0.5084/0.0003
Run: 1/10, Epoch: 17/1500, this epoch time: 0.99s Train loss/score: 0.5046/0.0003
Run: 1/10, Epoch: 18/1500, this epoch time: 0.98s Train loss/score: 0.5027/0.0003
Run: 1/10, Epoch: 19/1500, this epoch time: 0.97s Train loss/score: 0.4982/0.0000
Run: 1/10, Epoch: 20/1500, this epoch time: 0.99s Train loss/score: 0.4944/0.0009
Run: 1/10, Epoch: 20/1500, Average Train epoch time: 1.14s, Average Eval epoch time: 0.67s
Loss: 0.4944 Train/Val/Test loss: 1.2716/1.2156/1.2493
Train/Val/Test: 0.0000/0.0000/0.0000
Best val/Final test score/Best Step: 0.0000/0.0000/0
Run: 1/10, Epoch: 21/1500, this epoch time: 1.00s Train loss/score: 0.4923/0.0010
Run: 1/10, Epoch: 22/1500, this epoch time: 1.13s Train loss/score: 0.4888/0.0013
Run: 1/10, Epoch: 23/1500, this epoch time: 1.13s Train loss/score: 0.4857/0.0016
Run: 1/10, Epoch: 24/1500, this epoch time: 1.13s Train loss/score: 0.4831/0.0011
Run: 1/10, Epoch: 25/1500, this epoch time: 1.03s Train loss/score: 0.4807/0.0013
Run: 1/10, Epoch: 25/1500, Average Train epoch time: 1.13s, Average Eval epoch time: 0.66s
Loss: 0.4807 Train/Val/Test loss: 0.8104/0.7773/0.7978
Train/Val/Test: 0.0001/0.0000/0.0000
Best val/Final test score/Best Step: 0.0000/0.0000/0
Run: 1/10, Epoch: 26/1500, this epoch time: 0.97s Train loss/score: 0.4759/0.0010
Run: 1/10, Epoch: 27/1500, this epoch time: 0.97s Train loss/score: 0.4745/0.0014
Run: 1/10, Epoch: 28/1500, this epoch time: 0.99s Train loss/score: 0.4722/0.0012
Run: 1/10, Epoch: 29/1500, this epoch time: 0.99s Train loss/score: 0.4677/0.0013
Run: 1/10, Epoch: 30/1500, this epoch time: 0.98s Train loss/score: 0.4666/0.0014
Run: 1/10, Epoch: 30/1500, Average Train epoch time: 1.11s, Average Eval epoch time: 0.65s
Loss: 0.4666 Train/Val/Test loss: 0.6201/0.6002/0.6128
Train/Val/Test: 0.0012/0.0012/0.0000
Best val/Final test score/Best Step: 0.0012/0.0000/30
Run: 1/10, Epoch: 31/1500, this epoch time: 0.98s Train loss/score: 0.4669/0.0010
Run: 1/10, Epoch: 32/1500, this epoch time: 0.97s Train loss/score: 0.4621/0.0024
Run: 1/10, Epoch: 33/1500, this epoch time: 0.97s Train loss/score: 0.4601/0.0025
Run: 1/10, Epoch: 34/1500, this epoch time: 1.11s Train loss/score: 0.4594/0.0019
Run: 1/10, Epoch: 35/1500, this epoch time: 1.14s Train loss/score: 0.4570/0.0016
Run: 1/10, Epoch: 35/1500, Average Train epoch time: 1.10s, Average Eval epoch time: 0.67s
Loss: 0.4570 Train/Val/Test loss: 0.6324/0.6166/0.6244
Train/Val/Test: 0.0497/0.0387/0.0476
Best val/Final test score/Best Step: 0.0387/0.0476/35
Run: 1/10, Epoch: 36/1500, this epoch time: 1.05s Train loss/score: 0.4544/0.0019
Run: 1/10, Epoch: 37/1500, this epoch time: 0.99s Train loss/score: 0.4529/0.0015
Run: 1/10, Epoch: 38/1500, this epoch time: 0.99s Train loss/score: 0.4513/0.0015
Run: 1/10, Epoch: 39/1500, this epoch time: 1.00s Train loss/score: 0.4512/0.0025
Run: 1/10, Epoch: 40/1500, this epoch time: 0.99s Train loss/score: 0.4493/0.0019
Run: 1/10, Epoch: 40/1500, Average Train epoch time: 1.08s, Average Eval epoch time: 0.66s
Loss: 0.4493 Train/Val/Test loss: 0.7179/0.7017/0.7088
Train/Val/Test: 0.0487/0.0393/0.0476
Best val/Final test score/Best Step: 0.0393/0.0476/40
Run: 1/10, Epoch: 41/1500, this epoch time: 0.99s Train loss/score: 0.4478/0.0021
Run: 1/10, Epoch: 42/1500, this epoch time: 0.99s Train loss/score: 0.4471/0.0032
Run: 1/10, Epoch: 43/1500, this epoch time: 1.00s Train loss/score: 0.4474/0.0030
Run: 1/10, Epoch: 44/1500, this epoch time: 1.00s Train loss/score: 0.4452/0.0034
Run: 1/10, Epoch: 45/1500, this epoch time: 0.99s Train loss/score: 0.4459/0.0030
Run: 1/10, Epoch: 45/1500, Average Train epoch time: 1.08s, Average Eval epoch time: 0.68s
Loss: 0.4459 Train/Val/Test loss: 0.7323/0.7155/0.7228
Train/Val/Test: 0.0500/0.0393/0.0482
Best val/Final test score/Best Step: 0.0393/0.0476/40
Run: 1/10, Epoch: 46/1500, this epoch time: 1.16s Train loss/score: 0.4438/0.0038
Run: 1/10, Epoch: 47/1500, this epoch time: 1.13s Train loss/score: 0.4419/0.0033
Run: 1/10, Epoch: 48/1500, this epoch time: 1.05s Train loss/score: 0.4438/0.0037
Run: 1/10, Epoch: 49/1500, this epoch time: 0.99s Train loss/score: 0.4403/0.0035
Run: 1/10, Epoch: 50/1500, this epoch time: 0.99s Train loss/score: 0.4415/0.0037
Run: 1/10, Epoch: 50/1500, Average Train epoch time: 1.07s, Average Eval epoch time: 0.67s
Loss: 0.4415 Train/Val/Test loss: 0.7018/0.6849/0.6921
Train/Val/Test: 0.0501/0.0393/0.0482
Best val/Final test score/Best Step: 0.0393/0.0476/40
Run: 1/10, Epoch: 51/1500, this epoch time: 1.01s Train loss/score: 0.4401/0.0031
Run: 1/10, Epoch: 52/1500, this epoch time: 1.00s Train loss/score: 0.4379/0.0033
Run: 1/10, Epoch: 53/1500, this epoch time: 1.00s Train loss/score: 0.4391/0.0032
Run: 1/10, Epoch: 54/1500, this epoch time: 1.03s Train loss/score: 0.4351/0.0027
Run: 1/10, Epoch: 55/1500, this epoch time: 1.01s Train loss/score: 0.4368/0.0044
Run: 1/10, Epoch: 55/1500, Average Train epoch time: 1.07s, Average Eval epoch time: 0.67s
Loss: 0.4368 Train/Val/Test loss: 0.6698/0.6542/0.6610
Train/Val/Test: 0.0477/0.0381/0.0464
Best val/Final test score/Best Step: 0.0393/0.0476/40
Run: 1/10, Epoch: 56/1500, this epoch time: 0.98s Train loss/score: 0.4353/0.0038
Run: 1/10, Epoch: 57/1500, this epoch time: 1.10s Train loss/score: 0.4333/0.0039
Run: 1/10, Epoch: 58/1500, this epoch time: 1.14s Train loss/score: 0.4343/0.0035
Run: 1/10, Epoch: 59/1500, this epoch time: 1.13s Train loss/score: 0.4321/0.0041
Run: 1/10, Epoch: 60/1500, this epoch time: 1.05s Train loss/score: 0.4309/0.0039
Run: 1/10, Epoch: 60/1500, Average Train epoch time: 1.07s, Average Eval epoch time: 0.66s
Loss: 0.4309 Train/Val/Test loss: 0.7354/0.7195/0.7258
Train/Val/Test: 0.0499/0.0393/0.0482
Best val/Final test score/Best Step: 0.0393/0.0476/40
Run: 1/10, Epoch: 61/1500, this epoch time: 0.99s Train loss/score: 0.4307/0.0040
Run: 1/10, Epoch: 62/1500, this epoch time: 1.00s Train loss/score: 0.4292/0.0045
Run: 1/10, Epoch: 63/1500, this epoch time: 1.00s Train loss/score: 0.4306/0.0040
Run: 1/10, Epoch: 64/1500, this epoch time: 1.00s Train loss/score: 0.4282/0.0045
Run: 1/10, Epoch: 65/1500, this epoch time: 1.00s Train loss/score: 0.4278/0.0032
Run: 1/10, Epoch: 65/1500, Average Train epoch time: 1.06s, Average Eval epoch time: 0.66s
Loss: 0.4278 Train/Val/Test loss: 0.6132/0.6007/0.6083
Train/Val/Test: 0.0439/0.0363/0.0416
Best val/Final test score/Best Step: 0.0393/0.0476/40
Run: 1/10, Epoch: 66/1500, this epoch time: 1.00s Train loss/score: 0.4272/0.0032
Run: 1/10, Epoch: 67/1500, this epoch time: 1.00s Train loss/score: 0.4273/0.0040
Run: 1/10, Epoch: 68/1500, this epoch time: 1.01s Train loss/score: 0.4262/0.0042
Run: 1/10, Epoch: 69/1500, this epoch time: 1.12s Train loss/score: 0.4246/0.0042
Run: 1/10, Epoch: 70/1500, this epoch time: 1.16s Train loss/score: 0.4234/0.0039
Run: 1/10, Epoch: 70/1500, Average Train epoch time: 1.06s, Average Eval epoch time: 0.67s
Loss: 0.4234 Train/Val/Test loss: 0.5795/0.5710/0.5785
Train/Val/Test: 0.0427/0.0351/0.0410
Best val/Final test score/Best Step: 0.0393/0.0476/40
Run: 1/10, Epoch: 71/1500, this epoch time: 1.06s Train loss/score: 0.4239/0.0036
Run: 1/10, Epoch: 72/1500, this epoch time: 0.98s Train loss/score: 0.4222/0.0042
Run: 1/10, Epoch: 73/1500, this epoch time: 0.98s Train loss/score: 0.4228/0.0036
Run: 1/10, Epoch: 74/1500, this epoch time: 0.98s Train loss/score: 0.4206/0.0051
Run: 1/10, Epoch: 75/1500, this epoch time: 0.99s Train loss/score: 0.4211/0.0056
Run: 1/10, Epoch: 75/1500, Average Train epoch time: 1.06s, Average Eval epoch time: 0.66s
Loss: 0.4211 Train/Val/Test loss: 0.5499/0.5426/0.5509
Train/Val/Test: 0.0308/0.0280/0.0297
Best val/Final test score/Best Step: 0.0393/0.0476/40
Run: 1/10, Epoch: 76/1500, this epoch time: 0.99s Train loss/score: 0.4207/0.0053
Run: 1/10, Epoch: 77/1500, this epoch time: 0.98s Train loss/score: 0.4198/0.0057
Run: 1/10, Epoch: 78/1500, this epoch time: 0.99s Train loss/score: 0.4192/0.0055
Run: 1/10, Epoch: 79/1500, this epoch time: 1.00s Train loss/score: 0.4190/0.0058
Run: 1/10, Epoch: 80/1500, this epoch time: 1.08s Train loss/score: 0.4168/0.0053
Run: 1/10, Epoch: 80/1500, Average Train epoch time: 1.06s, Average Eval epoch time: 0.67s
Loss: 0.4168 Train/Val/Test loss: 0.5590/0.5510/0.5602
Train/Val/Test: 0.0209/0.0149/0.0184
Best val/Final test score/Best Step: 0.0393/0.0476/40
Run: 1/10, Epoch: 81/1500, this epoch time: 1.12s Train loss/score: 0.4156/0.0044
Run: 1/10, Epoch: 82/1500, this epoch time: 1.13s Train loss/score: 0.4157/0.0047
Run: 1/10, Epoch: 83/1500, this epoch time: 1.06s Train loss/score: 0.4146/0.0038
Run: 1/10, Epoch: 84/1500, this epoch time: 1.00s Train loss/score: 0.4148/0.0044
Run: 1/10, Epoch: 85/1500, this epoch time: 1.01s Train loss/score: 0.4143/0.0045
Run: 1/10, Epoch: 85/1500, Average Train epoch time: 1.06s, Average Eval epoch time: 0.67s
Loss: 0.4143 Train/Val/Test loss: 0.5320/0.5248/0.5347
Train/Val/Test: 0.0026/0.0030/0.0006
Best val/Final test score/Best Step: 0.0393/0.0476/40
Run: 1/10, Epoch: 86/1500, this epoch time: 1.03s Train loss/score: 0.4128/0.0052
Run: 1/10, Epoch: 87/1500, this epoch time: 1.01s Train loss/score: 0.4118/0.0055
Run: 1/10, Epoch: 88/1500, this epoch time: 1.02s Train loss/score: 0.4119/0.0053
Run: 1/10, Epoch: 89/1500, this epoch time: 1.01s Train loss/score: 0.4118/0.0043
Run: 1/10, Epoch: 90/1500, this epoch time: 1.00s Train loss/score: 0.4116/0.0038
Run: 1/10, Epoch: 90/1500, Average Train epoch time: 1.05s, Average Eval epoch time: 0.67s
Loss: 0.4116 Train/Val/Test loss: 0.5723/0.5614/0.5723
Train/Val/Test: 0.0138/0.0095/0.0131
Best val/Final test score/Best Step: 0.0393/0.0476/40
Run: 1/10, Epoch: 91/1500, this epoch time: 1.08s Train loss/score: 0.4109/0.0046
Run: 1/10, Epoch: 92/1500, this epoch time: 1.13s Train loss/score: 0.4096/0.0042
Run: 1/10, Epoch: 93/1500, this epoch time: 1.14s Train loss/score: 0.4091/0.0056
Run: 1/10, Epoch: 94/1500, this epoch time: 1.07s Train loss/score: 0.4086/0.0045
Run: 1/10, Epoch: 95/1500, this epoch time: 1.02s Train loss/score: 0.4079/0.0054
Run: 1/10, Epoch: 95/1500, Average Train epoch time: 1.06s, Average Eval epoch time: 0.67s
Loss: 0.4079 Train/Val/Test loss: 0.5601/0.5502/0.5624
Train/Val/Test: 0.0000/0.0000/0.0000
Best val/Final test score/Best Step: 0.0393/0.0476/40
Run: 1/10, Epoch: 96/1500, this epoch time: 1.00s Train loss/score: 0.4071/0.0056
Run: 1/10, Epoch: 97/1500, this epoch time: 0.99s Train loss/score: 0.4057/0.0044
Run: 1/10, Epoch: 98/1500, this epoch time: 0.99s Train loss/score: 0.4064/0.0063
Run: 1/10, Epoch: 99/1500, this epoch time: 1.00s Train loss/score: 0.4050/0.0046
Run: 1/10, Epoch: 100/1500, this epoch time: 1.00s Train loss/score: 0.4062/0.0052
Run: 1/10, Epoch: 100/1500, Average Train epoch time: 1.05s, Average Eval epoch time: 0.66s
Loss: 0.4062 Train/Val/Test loss: 0.5458/0.5375/0.5488
Train/Val/Test: 0.0010/0.0018/0.0018
Best val/Final test score/Best Step: 0.0393/0.0476/40
Run: 1/10, Epoch: 101/1500, this epoch time: 1.01s Train loss/score: 0.4037/0.0060
Run: 1/10, Epoch: 102/1500, this epoch time: 1.01s Train loss/score: 0.4049/0.0047
Run: 1/10, Epoch: 103/1500, this epoch time: 1.10s Train loss/score: 0.4030/0.0063
Run: 1/10, Epoch: 104/1500, this epoch time: 1.15s Train loss/score: 0.4025/0.0058
Run: 1/10, Epoch: 105/1500, this epoch time: 1.17s Train loss/score: 0.4020/0.0062
Run: 1/10, Epoch: 105/1500, Average Train epoch time: 1.05s, Average Eval epoch time: 0.66s
Loss: 0.4020 Train/Val/Test loss: 0.5433/0.5360/0.5474
Train/Val/Test: 0.0002/0.0012/0.0000
Best val/Final test score/Best Step: 0.0393/0.0476/40
Run: 1/10, Epoch: 106/1500, this epoch time: 1.00s Train loss/score: 0.4019/0.0050
Run: 1/10, Epoch: 107/1500, this epoch time: 0.99s Train loss/score: 0.4022/0.0051
Run: 1/10, Epoch: 108/1500, this epoch time: 1.00s Train loss/score: 0.4009/0.0064
Run: 1/10, Epoch: 109/1500, this epoch time: 1.00s Train loss/score: 0.4010/0.0054
Run: 1/10, Epoch: 110/1500, this epoch time: 1.01s Train loss/score: 0.4003/0.0072
Run: 1/10, Epoch: 110/1500, Average Train epoch time: 1.05s, Average Eval epoch time: 0.66s
Loss: 0.4003 Train/Val/Test loss: 0.5458/0.5375/0.5493
Train/Val/Test: 0.0008/0.0024/0.0012
Best val/Final test score/Best Step: 0.0393/0.0476/40
Run: 1/10, Epoch: 111/1500, this epoch time: 1.01s Train loss/score: 0.4001/0.0062
Run: 1/10, Epoch: 112/1500, this epoch time: 1.01s Train loss/score: 0.3995/0.0057
Run: 1/10, Epoch: 113/1500, this epoch time: 1.01s Train loss/score: 0.3988/0.0059
Run: 1/10, Epoch: 114/1500, this epoch time: 1.00s Train loss/score: 0.3978/0.0062
Run: 1/10, Epoch: 115/1500, this epoch time: 1.14s Train loss/score: 0.3985/0.0059
Run: 1/10, Epoch: 115/1500, Average Train epoch time: 1.05s, Average Eval epoch time: 0.67s
Loss: 0.3985 Train/Val/Test loss: 0.5474/0.5406/0.5522
Train/Val/Test: 0.0010/0.0018/0.0012
Best val/Final test score/Best Step: 0.0393/0.0476/40
Run: 1/10, Epoch: 116/1500, this epoch time: 1.19s Train loss/score: 0.3973/0.0068
Run: 1/10, Epoch: 117/1500, this epoch time: 1.07s Train loss/score: 0.3966/0.0053
Run: 1/10, Epoch: 118/1500, this epoch time: 1.01s Train loss/score: 0.3974/0.0065
Run: 1/10, Epoch: 119/1500, this epoch time: 1.02s Train loss/score: 0.3950/0.0069
Run: 1/10, Epoch: 120/1500, this epoch time: 1.02s Train loss/score: 0.3954/0.0079
Run: 1/10, Epoch: 120/1500, Average Train epoch time: 1.05s, Average Eval epoch time: 0.67s
Loss: 0.3954 Train/Val/Test loss: 0.5566/0.5494/0.5614
Train/Val/Test: 0.0009/0.0018/0.0012
Best val/Final test score/Best Step: 0.0393/0.0476/40
Run: 1/10, Epoch: 121/1500, this epoch time: 1.01s Train loss/score: 0.3938/0.0083
Run: 1/10, Epoch: 122/1500, this epoch time: 1.02s Train loss/score: 0.3939/0.0077
Run: 1/10, Epoch: 123/1500, this epoch time: 1.01s Train loss/score: 0.3941/0.0062
Run: 1/10, Epoch: 124/1500, this epoch time: 1.01s Train loss/score: 0.3940/0.0068
Run: 1/10, Epoch: 125/1500, this epoch time: 1.01s Train loss/score: 0.3924/0.0065
Run: 1/10, Epoch: 125/1500, Average Train epoch time: 1.05s, Average Eval epoch time: 0.67s
Loss: 0.3924 Train/Val/Test loss: 0.5723/0.5637/0.5764
Train/Val/Test: 0.0005/0.0012/0.0000
Best val/Final test score/Best Step: 0.0393/0.0476/40
Run: 1/10, Epoch: 126/1500, this epoch time: 1.17s Train loss/score: 0.3931/0.0071
Run: 1/10, Epoch: 127/1500, this epoch time: 1.15s Train loss/score: 0.3917/0.0063
Run: 1/10, Epoch: 128/1500, this epoch time: 1.06s Train loss/score: 0.3912/0.0068
Run: 1/10, Epoch: 129/1500, this epoch time: 1.01s Train loss/score: 0.3918/0.0063
Run: 1/10, Epoch: 130/1500, this epoch time: 1.01s Train loss/score: 0.3902/0.0057
Run: 1/10, Epoch: 130/1500, Average Train epoch time: 1.05s, Average Eval epoch time: 0.66s
Loss: 0.3902 Train/Val/Test loss: 0.5597/0.5515/0.5643
Train/Val/Test: 0.0007/0.0012/0.0012
Best val/Final test score/Best Step: 0.0393/0.0476/40
Run: 1/10, Epoch: 131/1500, this epoch time: 1.04s Train loss/score: 0.3900/0.0057
Run: 1/10, Epoch: 132/1500, this epoch time: 1.01s Train loss/score: 0.3893/0.0059
Run: 1/10, Epoch: 133/1500, this epoch time: 1.02s Train loss/score: 0.3897/0.0061
Run: 1/10, Epoch: 134/1500, this epoch time: 1.02s Train loss/score: 0.3913/0.0058
Run: 1/10, Epoch: 135/1500, this epoch time: 1.01s Train loss/score: 0.3874/0.0075
Run: 1/10, Epoch: 135/1500, Average Train epoch time: 1.05s, Average Eval epoch time: 0.66s
Loss: 0.3874 Train/Val/Test loss: 0.5500/0.5447/0.5573
Train/Val/Test: 0.0006/0.0000/0.0000
Best val/Final test score/Best Step: 0.0393/0.0476/40
Run: 1/10, Epoch: 136/1500, this epoch time: 1.01s Train loss/score: 0.3884/0.0099
Run: 1/10, Epoch: 137/1500, this epoch time: 1.10s Train loss/score: 0.3868/0.0079
Run: 1/10, Epoch: 138/1500, this epoch time: 1.14s Train loss/score: 0.3868/0.0071
Run: 1/10, Epoch: 139/1500, this epoch time: 1.14s Train loss/score: 0.3864/0.0075
Run: 1/10, Epoch: 140/1500, this epoch time: 1.05s Train loss/score: 0.3849/0.0068
Run: 1/10, Epoch: 140/1500, Average Train epoch time: 1.05s, Average Eval epoch time: 0.66s
Loss: 0.3849 Train/Val/Test loss: 0.6038/0.5968/0.6099
Train/Val/Test: 0.0010/0.0018/0.0024
Best val/Final test score/Best Step: 0.0393/0.0476/40
Run: 1/10, Epoch: 141/1500, this epoch time: 1.01s Train loss/score: 0.3864/0.0074
Run: 1/10, Epoch: 142/1500, this epoch time: 1.00s Train loss/score: 0.3847/0.0082
Run: 1/10, Epoch: 143/1500, this epoch time: 0.99s Train loss/score: 0.3854/0.0078
Run: 1/10, Epoch: 144/1500, this epoch time: 1.00s Train loss/score: 0.3846/0.0075
Run: 1/10, Epoch: 145/1500, this epoch time: 1.00s Train loss/score: 0.3839/0.0071
Run: 1/10, Epoch: 145/1500, Average Train epoch time: 1.05s, Average Eval epoch time: 0.66s
Loss: 0.3839 Train/Val/Test loss: 0.5423/0.5370/0.5494
Train/Val/Test: 0.0006/0.0000/0.0012
Best val/Final test score/Best Step: 0.0393/0.0476/40
Run: 1/10, Epoch: 146/1500, this epoch time: 1.00s Train loss/score: 0.3835/0.0071
Run: 1/10, Epoch: 147/1500, this epoch time: 1.01s Train loss/score: 0.3823/0.0073
Run: 1/10, Epoch: 148/1500, this epoch time: 1.01s Train loss/score: 0.3828/0.0077
Run: 1/10, Epoch: 149/1500, this epoch time: 1.10s Train loss/score: 0.3821/0.0090
Run: 1/10, Epoch: 150/1500, this epoch time: 1.13s Train loss/score: 0.3809/0.0083
Run: 1/10, Epoch: 150/1500, Average Train epoch time: 1.05s, Average Eval epoch time: 0.66s
Loss: 0.3809 Train/Val/Test loss: 0.5199/0.5176/0.5288
Train/Val/Test: 0.0010/0.0000/0.0018
Best val/Final test score/Best Step: 0.0393/0.0476/40
Run: 1/10, Epoch: 151/1500, this epoch time: 1.05s Train loss/score: 0.3814/0.0068
Run: 1/10, Epoch: 152/1500, this epoch time: 1.00s Train loss/score: 0.3808/0.0077
Run: 1/10, Epoch: 153/1500, this epoch time: 0.99s Train loss/score: 0.3804/0.0074
Run: 1/10, Epoch: 154/1500, this epoch time: 1.00s Train loss/score: 0.3802/0.0089
Run: 1/10, Epoch: 155/1500, this epoch time: 1.01s Train loss/score: 0.3805/0.0084
Run: 1/10, Epoch: 155/1500, Average Train epoch time: 1.05s, Average Eval epoch time: 0.66s
Loss: 0.3805 Train/Val/Test loss: 0.5271/0.5252/0.5363
Train/Val/Test: 0.0007/0.0000/0.0018
Best val/Final test score/Best Step: 0.0393/0.0476/40
Run: 1/10, Epoch: 156/1500, this epoch time: 1.00s Train loss/score: 0.3778/0.0085
Run: 1/10, Epoch: 157/1500, this epoch time: 1.01s Train loss/score: 0.3787/0.0100
Run: 1/10, Epoch: 158/1500, this epoch time: 1.01s Train loss/score: 0.3779/0.0090
Run: 1/10, Epoch: 159/1500, this epoch time: 1.01s Train loss/score: 0.3784/0.0086
Run: 1/10, Epoch: 160/1500, this epoch time: 1.11s Train loss/score: 0.3776/0.0110
Run: 1/10, Epoch: 160/1500, Average Train epoch time: 1.05s, Average Eval epoch time: 0.67s
Loss: 0.3776 Train/Val/Test loss: 0.5507/0.5468/0.5592
Train/Val/Test: 0.0013/0.0012/0.0024
Best val/Final test score/Best Step: 0.0393/0.0476/40
Run: 1/10, Epoch: 161/1500, this epoch time: 1.15s Train loss/score: 0.3775/0.0084
Run: 1/10, Epoch: 162/1500, this epoch time: 1.15s Train loss/score: 0.3774/0.0103
Run: 1/10, Epoch: 163/1500, this epoch time: 1.07s Train loss/score: 0.3766/0.0098
Run: 1/10, Epoch: 164/1500, this epoch time: 1.01s Train loss/score: 0.3755/0.0094
Run: 1/10, Epoch: 165/1500, this epoch time: 1.00s Train loss/score: 0.3753/0.0093
Run: 1/10, Epoch: 165/1500, Average Train epoch time: 1.05s, Average Eval epoch time: 0.67s
Loss: 0.3753 Train/Val/Test loss: 0.5448/0.5437/0.5546
Train/Val/Test: 0.0008/0.0018/0.0006
Best val/Final test score/Best Step: 0.0393/0.0476/40
Run: 1/10, Epoch: 166/1500, this epoch time: 1.00s Train loss/score: 0.3752/0.0097
Run: 1/10, Epoch: 167/1500, this epoch time: 1.00s Train loss/score: 0.3752/0.0085
Run: 1/10, Epoch: 168/1500, this epoch time: 1.00s Train loss/score: 0.3736/0.0074
Run: 1/10, Epoch: 169/1500, this epoch time: 1.00s Train loss/score: 0.3739/0.0082
Run: 1/10, Epoch: 170/1500, this epoch time: 1.00s Train loss/score: 0.3732/0.0096
Run: 1/10, Epoch: 170/1500, Average Train epoch time: 1.05s, Average Eval epoch time: 0.67s
Loss: 0.3732 Train/Val/Test loss: 0.5361/0.5366/0.5467
Train/Val/Test: 0.0008/0.0006/0.0018
Best val/Final test score/Best Step: 0.0393/0.0476/40
Run: 1/10, Epoch: 171/1500, this epoch time: 1.10s Train loss/score: 0.3737/0.0101
Run: 1/10, Epoch: 172/1500, this epoch time: 1.16s Train loss/score: 0.3727/0.0111
Run: 1/10, Epoch: 173/1500, this epoch time: 1.16s Train loss/score: 0.3728/0.0106
Run: 1/10, Epoch: 174/1500, this epoch time: 1.07s Train loss/score: 0.3717/0.0088
Run: 1/10, Epoch: 175/1500, this epoch time: 1.00s Train loss/score: 0.3726/0.0093
Run: 1/10, Epoch: 175/1500, Average Train epoch time: 1.05s, Average Eval epoch time: 0.66s
Loss: 0.3726 Train/Val/Test loss: 0.5514/0.5517/0.5614
Train/Val/Test: 0.0014/0.0012/0.0024
Best val/Final test score/Best Step: 0.0393/0.0476/40
Run: 1/10, Epoch: 176/1500, this epoch time: 1.00s Train loss/score: 0.3706/0.0097
Run: 1/10, Epoch: 177/1500, this epoch time: 1.01s Train loss/score: 0.3709/0.0090
Run: 1/10, Epoch: 178/1500, this epoch time: 1.00s Train loss/score: 0.3702/0.0092
Run: 1/10, Epoch: 179/1500, this epoch time: 1.00s Train loss/score: 0.3699/0.0089
Run: 1/10, Epoch: 180/1500, this epoch time: 1.00s Train loss/score: 0.3706/0.0085
Run: 1/10, Epoch: 180/1500, Average Train epoch time: 1.05s, Average Eval epoch time: 0.66s
Loss: 0.3706 Train/Val/Test loss: 0.5976/0.5964/0.6071
Train/Val/Test: 0.0017/0.0006/0.0024
Best val/Final test score/Best Step: 0.0393/0.0476/40
Run: 1/10, Epoch: 181/1500, this epoch time: 1.00s Train loss/score: 0.3682/0.0103
Run: 1/10, Epoch: 182/1500, this epoch time: 1.01s Train loss/score: 0.3690/0.0100
Run: 1/10, Epoch: 183/1500, this epoch time: 1.10s Train loss/score: 0.3683/0.0110
Run: 1/10, Epoch: 184/1500, this epoch time: 1.12s Train loss/score: 0.3686/0.0112
Run: 1/10, Epoch: 185/1500, this epoch time: 1.17s Train loss/score: 0.3678/0.0103
Run: 1/10, Epoch: 185/1500, Average Train epoch time: 1.05s, Average Eval epoch time: 0.67s
Loss: 0.3678 Train/Val/Test loss: 0.5991/0.5979/0.6087
Train/Val/Test: 0.0024/0.0012/0.0042
Best val/Final test score/Best Step: 0.0393/0.0476/40
Run: 1/10, Epoch: 186/1500, this epoch time: 1.01s Train loss/score: 0.3679/0.0083
Run: 1/10, Epoch: 187/1500, this epoch time: 1.02s Train loss/score: 0.3673/0.0106
Run: 1/10, Epoch: 188/1500, this epoch time: 1.03s Train loss/score: 0.3658/0.0112
