Namespace(model='gipa_deep_wide', root='./', cpu=False, gpu=0, seed=0, n_runs=10, n_epochs=1500, eval_times=1, advanced_optimizer=True, train_partition_num=1, eval_partition_num=1, no_attn_dst=False, n_heads=20, norm='none', disable_fea_trans_norm=False, edge_att_act='none', edge_agg_mode='single_softmax', lr=0.0005, n_layers=10, n_hidden=64, dropout=0.4, input_drop=0.4, edge_drop=0.1, eval_every=5, log_every=5, save_pred=False, log_file_name='run_default_wide_deep', first_hidden=512, edge_emb_size=8, wd=0, use_sparse_fea=True, sparse_encoder='log', input_norm=False, first_layer_norm=False, first_layer_act='relu', feature_drop=0.0, last_layer_drop=-1.0, n_deep_layers=3, n_deep_hidden=64, deep_drop_out=0.4, deep_input_drop=0.1)
Running for seeds 1Number of node feature: 8
Number of edge feature: 8
Number of params: 48011160
Run: 2/10, Epoch: 1/1500, this epoch time: 2.52s Train loss/score: 0.7474/0.5036
Run: 2/10, Epoch: 2/1500, this epoch time: 2.49s Train loss/score: 0.6805/0.5093
Run: 2/10, Epoch: 3/1500, this epoch time: 2.52s Train loss/score: 0.6293/0.5134
Run: 2/10, Epoch: 4/1500, this epoch time: 2.49s Train loss/score: 0.5917/0.5151
Run: 2/10, Epoch: 5/1500, this epoch time: 2.75s Train loss/score: 0.5669/0.5133
Run: 2/10, Epoch: 5/1500, Average Train epoch time: 2.55s, Average Eval epoch time: 1.44s
Loss: 0.5669 Train/Val/Test loss: 0.5852/0.5896/0.5815
Train/Val/Test: 0.5092/0.5099/0.5089
Best val/Final test score/Best Step: 0.5099/0.5089/5
Run: 2/10, Epoch: 6/1500, this epoch time: 2.50s Train loss/score: 0.5517/0.5118
Run: 2/10, Epoch: 7/1500, this epoch time: 2.49s Train loss/score: 0.5430/0.5107
Run: 2/10, Epoch: 8/1500, this epoch time: 2.50s Train loss/score: 0.5388/0.5096
Run: 2/10, Epoch: 9/1500, this epoch time: 2.68s Train loss/score: 0.5366/0.5096
Run: 2/10, Epoch: 10/1500, this epoch time: 2.57s Train loss/score: 0.5348/0.5099
Run: 2/10, Epoch: 10/1500, Average Train epoch time: 2.55s, Average Eval epoch time: 1.41s
Loss: 0.5348 Train/Val/Test loss: 0.6072/0.6152/0.5966
Train/Val/Test: 0.5079/0.5087/0.5071
Best val/Final test score/Best Step: 0.5099/0.5089/5
Run: 2/10, Epoch: 11/1500, this epoch time: 2.48s Train loss/score: 0.5328/0.5110
Run: 2/10, Epoch: 12/1500, this epoch time: 2.49s Train loss/score: 0.5310/0.5127
Run: 2/10, Epoch: 13/1500, this epoch time: 2.48s Train loss/score: 0.5261/0.5153
Run: 2/10, Epoch: 14/1500, this epoch time: 2.70s Train loss/score: 0.5229/0.5188
Run: 2/10, Epoch: 15/1500, this epoch time: 2.51s Train loss/score: 0.5187/0.5233
Run: 2/10, Epoch: 15/1500, Average Train epoch time: 2.54s, Average Eval epoch time: 1.40s
Loss: 0.5187 Train/Val/Test loss: 2.0944/2.1357/2.0369
Train/Val/Test: 0.5037/0.5040/0.5041
Best val/Final test score/Best Step: 0.5099/0.5089/5
Run: 2/10, Epoch: 16/1500, this epoch time: 2.48s Train loss/score: 0.5170/0.5271
Run: 2/10, Epoch: 17/1500, this epoch time: 2.46s Train loss/score: 0.5158/0.5304
Run: 2/10, Epoch: 18/1500, this epoch time: 2.66s Train loss/score: 0.5138/0.5324
Run: 2/10, Epoch: 19/1500, this epoch time: 2.73s Train loss/score: 0.5103/0.5339
Run: 2/10, Epoch: 20/1500, this epoch time: 2.54s Train loss/score: 0.5073/0.5344
Run: 2/10, Epoch: 20/1500, Average Train epoch time: 2.55s, Average Eval epoch time: 1.40s
Loss: 0.5073 Train/Val/Test loss: 1.0357/1.0614/1.0089
Train/Val/Test: 0.5118/0.5123/0.5123
Best val/Final test score/Best Step: 0.5123/0.5123/20
Run: 2/10, Epoch: 21/1500, this epoch time: 2.49s Train loss/score: 0.5044/0.5347
Run: 2/10, Epoch: 22/1500, this epoch time: 2.47s Train loss/score: 0.5010/0.5355
Run: 2/10, Epoch: 23/1500, this epoch time: 2.70s Train loss/score: 0.4978/0.5365
Run: 2/10, Epoch: 24/1500, this epoch time: 2.52s Train loss/score: 0.4937/0.5387
Run: 2/10, Epoch: 25/1500, this epoch time: 2.54s Train loss/score: 0.4921/0.5413
Run: 2/10, Epoch: 25/1500, Average Train epoch time: 2.55s, Average Eval epoch time: 1.40s
Loss: 0.4921 Train/Val/Test loss: 0.8317/0.8506/0.8121
Train/Val/Test: 0.5089/0.5091/0.5095
Best val/Final test score/Best Step: 0.5123/0.5123/20
Run: 2/10, Epoch: 26/1500, this epoch time: 2.47s Train loss/score: 0.4882/0.5444
Run: 2/10, Epoch: 27/1500, this epoch time: 2.49s Train loss/score: 0.4869/0.5477
Run: 2/10, Epoch: 28/1500, this epoch time: 2.71s Train loss/score: 0.4839/0.5510
Run: 2/10, Epoch: 29/1500, this epoch time: 2.55s Train loss/score: 0.4811/0.5542
Run: 2/10, Epoch: 30/1500, this epoch time: 2.53s Train loss/score: 0.4791/0.5563
Run: 2/10, Epoch: 30/1500, Average Train epoch time: 2.55s, Average Eval epoch time: 1.40s
Loss: 0.4791 Train/Val/Test loss: 0.6649/0.6794/0.6528
Train/Val/Test: 0.5125/0.5123/0.5124
Best val/Final test score/Best Step: 0.5123/0.5124/30
Run: 2/10, Epoch: 31/1500, this epoch time: 2.47s Train loss/score: 0.4759/0.5594
Run: 2/10, Epoch: 32/1500, this epoch time: 2.70s Train loss/score: 0.4740/0.5616
Run: 2/10, Epoch: 33/1500, this epoch time: 2.65s Train loss/score: 0.4714/0.5646
Run: 2/10, Epoch: 34/1500, this epoch time: 2.50s Train loss/score: 0.4697/0.5669
Run: 2/10, Epoch: 35/1500, this epoch time: 2.49s Train loss/score: 0.4669/0.5698
Run: 2/10, Epoch: 35/1500, Average Train epoch time: 2.55s, Average Eval epoch time: 1.40s
Loss: 0.4669 Train/Val/Test loss: 0.7673/0.7771/0.7560
Train/Val/Test: 0.5091/0.5090/0.5091
Best val/Final test score/Best Step: 0.5123/0.5124/30
Run: 2/10, Epoch: 36/1500, this epoch time: 2.49s Train loss/score: 0.4629/0.5731
Run: 2/10, Epoch: 37/1500, this epoch time: 2.72s Train loss/score: 0.4628/0.5734
Run: 2/10, Epoch: 38/1500, this epoch time: 2.54s Train loss/score: 0.4605/0.5755
Run: 2/10, Epoch: 39/1500, this epoch time: 2.47s Train loss/score: 0.4589/0.5756
Run: 2/10, Epoch: 40/1500, this epoch time: 2.48s Train loss/score: 0.4602/0.5755
Run: 2/10, Epoch: 40/1500, Average Train epoch time: 2.55s, Average Eval epoch time: 1.40s
Loss: 0.4602 Train/Val/Test loss: 0.8106/0.8175/0.7984
Train/Val/Test: 0.5077/0.5083/0.5075
Best val/Final test score/Best Step: 0.5123/0.5124/30
Run: 2/10, Epoch: 41/1500, this epoch time: 2.66s Train loss/score: 0.4555/0.5799
Run: 2/10, Epoch: 42/1500, this epoch time: 2.75s Train loss/score: 0.4549/0.5828
Run: 2/10, Epoch: 43/1500, this epoch time: 2.57s Train loss/score: 0.4532/0.5856
Run: 2/10, Epoch: 44/1500, this epoch time: 2.50s Train loss/score: 0.4525/0.5857
Run: 2/10, Epoch: 45/1500, this epoch time: 2.48s Train loss/score: 0.4518/0.5854
Run: 2/10, Epoch: 45/1500, Average Train epoch time: 2.56s, Average Eval epoch time: 1.40s
Loss: 0.4518 Train/Val/Test loss: 0.7247/0.7327/0.7153
Train/Val/Test: 0.5120/0.5108/0.5094
Best val/Final test score/Best Step: 0.5123/0.5124/30
Run: 2/10, Epoch: 46/1500, this epoch time: 2.70s Train loss/score: 0.4523/0.5853
Run: 2/10, Epoch: 47/1500, this epoch time: 2.54s Train loss/score: 0.4490/0.5880
Run: 2/10, Epoch: 48/1500, this epoch time: 2.49s Train loss/score: 0.4482/0.5892
Run: 2/10, Epoch: 49/1500, this epoch time: 2.49s Train loss/score: 0.4469/0.5914
Run: 2/10, Epoch: 50/1500, this epoch time: 2.49s Train loss/score: 0.4468/0.5907
Run: 2/10, Epoch: 50/1500, Average Train epoch time: 2.55s, Average Eval epoch time: 1.41s
Loss: 0.4468 Train/Val/Test loss: 0.6966/0.7023/0.6881
Train/Val/Test: 0.5101/0.5100/0.5079
Best val/Final test score/Best Step: 0.5123/0.5124/30
Run: 2/10, Epoch: 51/1500, this epoch time: 2.75s Train loss/score: 0.4450/0.5913
Run: 2/10, Epoch: 52/1500, this epoch time: 2.55s Train loss/score: 0.4455/0.5901
Run: 2/10, Epoch: 53/1500, this epoch time: 2.49s Train loss/score: 0.4436/0.5930
Run: 2/10, Epoch: 54/1500, this epoch time: 2.51s Train loss/score: 0.4416/0.5969
Run: 2/10, Epoch: 55/1500, this epoch time: 2.51s Train loss/score: 0.4418/0.5991
Run: 2/10, Epoch: 55/1500, Average Train epoch time: 2.55s, Average Eval epoch time: 1.43s
Loss: 0.4418 Train/Val/Test loss: 0.7579/0.7630/0.7479
Train/Val/Test: 0.5086/0.5083/0.5069
Best val/Final test score/Best Step: 0.5123/0.5124/30
Run: 2/10, Epoch: 56/1500, this epoch time: 2.57s Train loss/score: 0.4419/0.5997
Run: 2/10, Epoch: 57/1500, this epoch time: 2.49s Train loss/score: 0.4391/0.6006
Run: 2/10, Epoch: 58/1500, this epoch time: 2.48s Train loss/score: 0.4411/0.5988
Run: 2/10, Epoch: 59/1500, this epoch time: 2.48s Train loss/score: 0.4386/0.5999
Run: 2/10, Epoch: 60/1500, this epoch time: 2.73s Train loss/score: 0.4373/0.6019
Run: 2/10, Epoch: 60/1500, Average Train epoch time: 2.55s, Average Eval epoch time: 1.46s
Loss: 0.4373 Train/Val/Test loss: 0.7346/0.7398/0.7246
Train/Val/Test: 0.5093/0.5089/0.5073
Best val/Final test score/Best Step: 0.5123/0.5124/30
Run: 2/10, Epoch: 61/1500, this epoch time: 2.55s Train loss/score: 0.4376/0.6036
Run: 2/10, Epoch: 62/1500, this epoch time: 2.51s Train loss/score: 0.4357/0.6040
Run: 2/10, Epoch: 63/1500, this epoch time: 2.52s Train loss/score: 0.4340/0.6049
Run: 2/10, Epoch: 64/1500, this epoch time: 2.57s Train loss/score: 0.4348/0.6036
Run: 2/10, Epoch: 65/1500, this epoch time: 2.79s Train loss/score: 0.4348/0.6052
Run: 2/10, Epoch: 65/1500, Average Train epoch time: 2.56s, Average Eval epoch time: 1.47s
Loss: 0.4348 Train/Val/Test loss: 0.7151/0.7214/0.7055
Train/Val/Test: 0.5135/0.5127/0.5117
Best val/Final test score/Best Step: 0.5127/0.5117/65
Run: 2/10, Epoch: 66/1500, this epoch time: 2.55s Train loss/score: 0.4326/0.6104
Run: 2/10, Epoch: 67/1500, this epoch time: 2.54s Train loss/score: 0.4344/0.6100
Run: 2/10, Epoch: 68/1500, this epoch time: 2.52s Train loss/score: 0.4325/0.6109
Run: 2/10, Epoch: 69/1500, this epoch time: 2.73s Train loss/score: 0.4308/0.6106
Run: 2/10, Epoch: 70/1500, this epoch time: 2.84s Train loss/score: 0.4308/0.6093
Run: 2/10, Epoch: 70/1500, Average Train epoch time: 2.56s, Average Eval epoch time: 1.47s
Loss: 0.4308 Train/Val/Test loss: 0.6520/0.6583/0.6438
Train/Val/Test: 0.5202/0.5191/0.5177
Best val/Final test score/Best Step: 0.5191/0.5177/70
Run: 2/10, Epoch: 71/1500, this epoch time: 2.58s Train loss/score: 0.4287/0.6123
Run: 2/10, Epoch: 72/1500, this epoch time: 2.54s Train loss/score: 0.4284/0.6141
Run: 2/10, Epoch: 73/1500, this epoch time: 2.50s Train loss/score: 0.4285/0.6153
Run: 2/10, Epoch: 74/1500, this epoch time: 2.82s Train loss/score: 0.4265/0.6170
Run: 2/10, Epoch: 75/1500, this epoch time: 2.55s Train loss/score: 0.4269/0.6166
Run: 2/10, Epoch: 75/1500, Average Train epoch time: 2.56s, Average Eval epoch time: 1.46s
Loss: 0.4269 Train/Val/Test loss: 0.6663/0.6735/0.6575
Train/Val/Test: 0.5215/0.5198/0.5191
Best val/Final test score/Best Step: 0.5198/0.5191/75
Run: 2/10, Epoch: 76/1500, this epoch time: 2.52s Train loss/score: 0.4264/0.6180
Run: 2/10, Epoch: 77/1500, this epoch time: 2.51s Train loss/score: 0.4266/0.6188
Run: 2/10, Epoch: 78/1500, this epoch time: 2.54s Train loss/score: 0.4246/0.6196
Run: 2/10, Epoch: 79/1500, this epoch time: 2.80s Train loss/score: 0.4234/0.6187
Run: 2/10, Epoch: 80/1500, this epoch time: 2.56s Train loss/score: 0.4225/0.6199
Run: 2/10, Epoch: 80/1500, Average Train epoch time: 2.57s, Average Eval epoch time: 1.46s
Loss: 0.4225 Train/Val/Test loss: 0.6249/0.6338/0.6181
Train/Val/Test: 0.5312/0.5275/0.5285
Best val/Final test score/Best Step: 0.5275/0.5285/80
Run: 2/10, Epoch: 81/1500, this epoch time: 2.52s Train loss/score: 0.4210/0.6222
Run: 2/10, Epoch: 82/1500, this epoch time: 2.52s Train loss/score: 0.4205/0.6232
Run: 2/10, Epoch: 83/1500, this epoch time: 2.74s Train loss/score: 0.4207/0.6249
Run: 2/10, Epoch: 84/1500, this epoch time: 2.62s Train loss/score: 0.4197/0.6244
Run: 2/10, Epoch: 85/1500, this epoch time: 2.49s Train loss/score: 0.4185/0.6262
Run: 2/10, Epoch: 85/1500, Average Train epoch time: 2.57s, Average Eval epoch time: 1.46s
Loss: 0.4185 Train/Val/Test loss: 0.5995/0.6078/0.5941
Train/Val/Test: 0.5355/0.5322/0.5325
Best val/Final test score/Best Step: 0.5322/0.5325/85
Run: 2/10, Epoch: 86/1500, this epoch time: 2.54s Train loss/score: 0.4174/0.6290
Run: 2/10, Epoch: 87/1500, this epoch time: 2.49s Train loss/score: 0.4168/0.6298
Run: 2/10, Epoch: 88/1500, this epoch time: 2.77s Train loss/score: 0.4157/0.6286
Run: 2/10, Epoch: 89/1500, this epoch time: 2.58s Train loss/score: 0.4169/0.6257
Run: 2/10, Epoch: 90/1500, this epoch time: 2.52s Train loss/score: 0.4142/0.6340
Run: 2/10, Epoch: 90/1500, Average Train epoch time: 2.57s, Average Eval epoch time: 1.46s
Loss: 0.4142 Train/Val/Test loss: 0.6237/0.6330/0.6176
Train/Val/Test: 0.5338/0.5306/0.5315
Best val/Final test score/Best Step: 0.5322/0.5325/85
Run: 2/10, Epoch: 91/1500, this epoch time: 2.53s Train loss/score: 0.4144/0.6367
Run: 2/10, Epoch: 92/1500, this epoch time: 2.75s Train loss/score: 0.4133/0.6363
Run: 2/10, Epoch: 93/1500, this epoch time: 2.83s Train loss/score: 0.4123/0.6333
Run: 2/10, Epoch: 94/1500, this epoch time: 2.55s Train loss/score: 0.4115/0.6351
Run: 2/10, Epoch: 95/1500, this epoch time: 2.52s Train loss/score: 0.4112/0.6351
Run: 2/10, Epoch: 95/1500, Average Train epoch time: 2.57s, Average Eval epoch time: 1.45s
Loss: 0.4112 Train/Val/Test loss: 0.5953/0.6043/0.5901
Train/Val/Test: 0.5355/0.5328/0.5332
Best val/Final test score/Best Step: 0.5328/0.5332/95
Run: 2/10, Epoch: 96/1500, this epoch time: 2.51s Train loss/score: 0.4106/0.6379
Run: 2/10, Epoch: 97/1500, this epoch time: 2.71s Train loss/score: 0.4114/0.6392
Run: 2/10, Epoch: 98/1500, this epoch time: 2.56s Train loss/score: 0.4072/0.6397
Run: 2/10, Epoch: 99/1500, this epoch time: 2.49s Train loss/score: 0.4078/0.6398
Run: 2/10, Epoch: 100/1500, this epoch time: 2.54s Train loss/score: 0.4066/0.6395
Run: 2/10, Epoch: 100/1500, Average Train epoch time: 2.57s, Average Eval epoch time: 1.45s
Loss: 0.4066 Train/Val/Test loss: 0.5489/0.5593/0.5462
Train/Val/Test: 0.5417/0.5405/0.5390
Best val/Final test score/Best Step: 0.5405/0.5390/100
Run: 2/10, Epoch: 101/1500, this epoch time: 2.50s Train loss/score: 0.4061/0.6462
Run: 2/10, Epoch: 102/1500, this epoch time: 2.71s Train loss/score: 0.4056/0.6479
Run: 2/10, Epoch: 103/1500, this epoch time: 2.55s Train loss/score: 0.4053/0.6465
Run: 2/10, Epoch: 104/1500, this epoch time: 2.56s Train loss/score: 0.4039/0.6428
Run: 2/10, Epoch: 105/1500, this epoch time: 2.52s Train loss/score: 0.4036/0.6451
Run: 2/10, Epoch: 105/1500, Average Train epoch time: 2.57s, Average Eval epoch time: 1.45s
Loss: 0.4036 Train/Val/Test loss: 0.5707/0.5827/0.5654
Train/Val/Test: 0.5379/0.5372/0.5368
Best val/Final test score/Best Step: 0.5405/0.5390/100
Run: 2/10, Epoch: 106/1500, this epoch time: 2.69s Train loss/score: 0.4014/0.6507
Run: 2/10, Epoch: 107/1500, this epoch time: 2.66s Train loss/score: 0.4025/0.6524
Run: 2/10, Epoch: 108/1500, this epoch time: 2.48s Train loss/score: 0.4009/0.6508
Run: 2/10, Epoch: 109/1500, this epoch time: 2.50s Train loss/score: 0.4002/0.6475
Run: 2/10, Epoch: 110/1500, this epoch time: 2.48s Train loss/score: 0.3991/0.6505
Run: 2/10, Epoch: 110/1500, Average Train epoch time: 2.57s, Average Eval epoch time: 1.45s
Loss: 0.3991 Train/Val/Test loss: 0.5924/0.6039/0.5873
Train/Val/Test: 0.5374/0.5365/0.5355
Best val/Final test score/Best Step: 0.5405/0.5390/100
Run: 2/10, Epoch: 111/1500, this epoch time: 2.76s Train loss/score: 0.3994/0.6536
Run: 2/10, Epoch: 112/1500, this epoch time: 2.55s Train loss/score: 0.3997/0.6553
Run: 2/10, Epoch: 113/1500, this epoch time: 2.51s Train loss/score: 0.3980/0.6563
Run: 2/10, Epoch: 114/1500, this epoch time: 2.50s Train loss/score: 0.3957/0.6539
Run: 2/10, Epoch: 115/1500, this epoch time: 2.51s Train loss/score: 0.3949/0.6544
Run: 2/10, Epoch: 115/1500, Average Train epoch time: 2.57s, Average Eval epoch time: 1.45s
Loss: 0.3949 Train/Val/Test loss: 0.5904/0.6022/0.5860
Train/Val/Test: 0.5382/0.5371/0.5360
Best val/Final test score/Best Step: 0.5405/0.5390/100
Run: 2/10, Epoch: 116/1500, this epoch time: 2.70s Train loss/score: 0.3944/0.6597
Run: 2/10, Epoch: 117/1500, this epoch time: 2.48s Train loss/score: 0.3939/0.6609
Run: 2/10, Epoch: 118/1500, this epoch time: 2.48s Train loss/score: 0.3929/0.6622
Run: 2/10, Epoch: 119/1500, this epoch time: 2.52s Train loss/score: 0.3922/0.6595
Run: 2/10, Epoch: 120/1500, this epoch time: 2.57s Train loss/score: 0.3933/0.6582
Run: 2/10, Epoch: 120/1500, Average Train epoch time: 2.57s, Average Eval epoch time: 1.47s
Loss: 0.3933 Train/Val/Test loss: 0.5335/0.5475/0.5347
Train/Val/Test: 0.5502/0.5483/0.5460
Best val/Final test score/Best Step: 0.5483/0.5460/120
Run: 2/10, Epoch: 121/1500, this epoch time: 2.55s Train loss/score: 0.3903/0.6634
Run: 2/10, Epoch: 122/1500, this epoch time: 2.47s Train loss/score: 0.3901/0.6663
Run: 2/10, Epoch: 123/1500, this epoch time: 2.47s Train loss/score: 0.3903/0.6656
Run: 2/10, Epoch: 124/1500, this epoch time: 2.50s Train loss/score: 0.3881/0.6622
Run: 2/10, Epoch: 125/1500, this epoch time: 2.71s Train loss/score: 0.3868/0.6652
Run: 2/10, Epoch: 125/1500, Average Train epoch time: 2.57s, Average Eval epoch time: 1.48s
Loss: 0.3868 Train/Val/Test loss: 0.5501/0.5649/0.5504
Train/Val/Test: 0.5496/0.5479/0.5466
Best val/Final test score/Best Step: 0.5483/0.5460/120
Run: 2/10, Epoch: 126/1500, this epoch time: 2.51s Train loss/score: 0.3890/0.6674
Run: 2/10, Epoch: 127/1500, this epoch time: 2.51s Train loss/score: 0.3856/0.6692
Run: 2/10, Epoch: 128/1500, this epoch time: 2.52s Train loss/score: 0.3852/0.6674
Run: 2/10, Epoch: 129/1500, this epoch time: 2.50s Train loss/score: 0.3853/0.6675
Run: 2/10, Epoch: 130/1500, this epoch time: 2.73s Train loss/score: 0.3837/0.6682
Run: 2/10, Epoch: 130/1500, Average Train epoch time: 2.57s, Average Eval epoch time: 1.48s
Loss: 0.3837 Train/Val/Test loss: 0.5207/0.5373/0.5259
Train/Val/Test: 0.5564/0.5542/0.5503
Best val/Final test score/Best Step: 0.5542/0.5503/130
Run: 2/10, Epoch: 131/1500, this epoch time: 2.48s Train loss/score: 0.3834/0.6703
Run: 2/10, Epoch: 132/1500, this epoch time: 2.50s Train loss/score: 0.3839/0.6748
Run: 2/10, Epoch: 133/1500, this epoch time: 2.48s Train loss/score: 0.3817/0.6724
Run: 2/10, Epoch: 134/1500, this epoch time: 2.74s Train loss/score: 0.3840/0.6692
Run: 2/10, Epoch: 135/1500, this epoch time: 2.59s Train loss/score: 0.3815/0.6749
Run: 2/10, Epoch: 135/1500, Average Train epoch time: 2.57s, Average Eval epoch time: 1.48s
Loss: 0.3815 Train/Val/Test loss: 0.5725/0.5931/0.5753
Train/Val/Test: 0.5411/0.5374/0.5388
Best val/Final test score/Best Step: 0.5542/0.5503/130
Run: 2/10, Epoch: 136/1500, this epoch time: 2.52s Train loss/score: 0.3820/0.6743
Run: 2/10, Epoch: 137/1500, this epoch time: 2.50s Train loss/score: 0.3796/0.6737
Run: 2/10, Epoch: 138/1500, this epoch time: 2.49s Train loss/score: 0.3796/0.6748
Run: 2/10, Epoch: 139/1500, this epoch time: 2.72s Train loss/score: 0.3789/0.6770
Run: 2/10, Epoch: 140/1500, this epoch time: 2.54s Train loss/score: 0.3767/0.6786
Run: 2/10, Epoch: 140/1500, Average Train epoch time: 2.57s, Average Eval epoch time: 1.47s
Loss: 0.3767 Train/Val/Test loss: 0.5245/0.5445/0.5328
Train/Val/Test: 0.5665/0.5602/0.5584
Best val/Final test score/Best Step: 0.5602/0.5584/140
Run: 2/10, Epoch: 141/1500, this epoch time: 2.49s Train loss/score: 0.3761/0.6763
Run: 2/10, Epoch: 142/1500, this epoch time: 2.49s Train loss/score: 0.3752/0.6760
Run: 2/10, Epoch: 143/1500, this epoch time: 2.53s Train loss/score: 0.3739/0.6779
Run: 2/10, Epoch: 144/1500, this epoch time: 2.76s Train loss/score: 0.3742/0.6809
Run: 2/10, Epoch: 145/1500, this epoch time: 2.56s Train loss/score: 0.3719/0.6845
Run: 2/10, Epoch: 145/1500, Average Train epoch time: 2.57s, Average Eval epoch time: 1.47s
Loss: 0.3719 Train/Val/Test loss: 0.4971/0.5158/0.5078
Train/Val/Test: 0.5775/0.5704/0.5650
Best val/Final test score/Best Step: 0.5704/0.5650/145
Run: 2/10, Epoch: 146/1500, this epoch time: 2.49s Train loss/score: 0.3712/0.6844
Run: 2/10, Epoch: 147/1500, this epoch time: 2.50s Train loss/score: 0.3709/0.6841
Run: 2/10, Epoch: 148/1500, this epoch time: 2.70s Train loss/score: 0.3709/0.6835
Run: 2/10, Epoch: 149/1500, this epoch time: 2.57s Train loss/score: 0.3697/0.6825
Run: 2/10, Epoch: 150/1500, this epoch time: 2.52s Train loss/score: 0.3689/0.6851
Run: 2/10, Epoch: 150/1500, Average Train epoch time: 2.57s, Average Eval epoch time: 1.47s
Loss: 0.3689 Train/Val/Test loss: 0.5175/0.5386/0.5276
Train/Val/Test: 0.5651/0.5600/0.5559
Best val/Final test score/Best Step: 0.5704/0.5650/145
Run: 2/10, Epoch: 151/1500, this epoch time: 2.52s Train loss/score: 0.3683/0.6886
Run: 2/10, Epoch: 152/1500, this epoch time: 2.53s Train loss/score: 0.3666/0.6878
Run: 2/10, Epoch: 153/1500, this epoch time: 2.71s Train loss/score: 0.3655/0.6912
Run: 2/10, Epoch: 154/1500, this epoch time: 2.54s Train loss/score: 0.3639/0.6910
Run: 2/10, Epoch: 155/1500, this epoch time: 2.54s Train loss/score: 0.3641/0.6907
Run: 2/10, Epoch: 155/1500, Average Train epoch time: 2.57s, Average Eval epoch time: 1.47s
Loss: 0.3641 Train/Val/Test loss: 0.5225/0.5476/0.5367
Train/Val/Test: 0.5595/0.5532/0.5509
Best val/Final test score/Best Step: 0.5704/0.5650/145
Run: 2/10, Epoch: 156/1500, this epoch time: 2.49s Train loss/score: 0.3634/0.6898
Run: 2/10, Epoch: 157/1500, this epoch time: 2.81s Train loss/score: 0.3622/0.6917
Run: 2/10, Epoch: 158/1500, this epoch time: 2.83s Train loss/score: 0.3619/0.6921
Run: 2/10, Epoch: 159/1500, this epoch time: 2.53s Train loss/score: 0.3628/0.6902
Run: 2/10, Epoch: 160/1500, this epoch time: 2.54s Train loss/score: 0.3604/0.6974
Run: 2/10, Epoch: 160/1500, Average Train epoch time: 2.57s, Average Eval epoch time: 1.47s
Loss: 0.3604 Train/Val/Test loss: 0.5124/0.5394/0.5285
Train/Val/Test: 0.5639/0.5554/0.5550
Best val/Final test score/Best Step: 0.5704/0.5650/145
Run: 2/10, Epoch: 161/1500, this epoch time: 2.52s Train loss/score: 0.3588/0.6925
Run: 2/10, Epoch: 162/1500, this epoch time: 2.78s Train loss/score: 0.3590/0.6922
Run: 2/10, Epoch: 163/1500, this epoch time: 2.56s Train loss/score: 0.3562/0.7021
Run: 2/10, Epoch: 164/1500, this epoch time: 2.53s Train loss/score: 0.3567/0.6982
Run: 2/10, Epoch: 165/1500, this epoch time: 2.55s Train loss/score: 0.3550/0.6964
Run: 2/10, Epoch: 165/1500, Average Train epoch time: 2.57s, Average Eval epoch time: 1.47s
Loss: 0.3550 Train/Val/Test loss: 0.5450/0.5787/0.5641
Train/Val/Test: 0.5598/0.5511/0.5506
Best val/Final test score/Best Step: 0.5704/0.5650/145
Run: 2/10, Epoch: 166/1500, this epoch time: 2.51s Train loss/score: 0.3555/0.7061
Run: 2/10, Epoch: 167/1500, this epoch time: 2.73s Train loss/score: 0.3529/0.7061
Run: 2/10, Epoch: 168/1500, this epoch time: 2.56s Train loss/score: 0.3537/0.6971
Run: 2/10, Epoch: 169/1500, this epoch time: 2.52s Train loss/score: 0.3499/0.7056
Run: 2/10, Epoch: 170/1500, this epoch time: 2.51s Train loss/score: 0.3507/0.7085
Run: 2/10, Epoch: 170/1500, Average Train epoch time: 2.57s, Average Eval epoch time: 1.47s
Loss: 0.3507 Train/Val/Test loss: 0.4752/0.5093/0.5007
Train/Val/Test: 0.5937/0.5751/0.5741
Best val/Final test score/Best Step: 0.5751/0.5741/170
Run: 2/10, Epoch: 171/1500, this epoch time: 2.72s Train loss/score: 0.3475/0.7058
Run: 2/10, Epoch: 172/1500, this epoch time: 2.65s Train loss/score: 0.3495/0.7017
Run: 2/10, Epoch: 173/1500, this epoch time: 2.52s Train loss/score: 0.3467/0.7074
Run: 2/10, Epoch: 174/1500, this epoch time: 2.50s Train loss/score: 0.3459/0.7130
Run: 2/10, Epoch: 175/1500, this epoch time: 2.51s Train loss/score: 0.3446/0.7090
Run: 2/10, Epoch: 175/1500, Average Train epoch time: 2.57s, Average Eval epoch time: 1.47s
Loss: 0.3446 Train/Val/Test loss: 0.4949/0.5331/0.5216
Train/Val/Test: 0.5709/0.5585/0.5582
Best val/Final test score/Best Step: 0.5751/0.5741/170
Run: 2/10, Epoch: 176/1500, this epoch time: 2.79s Train loss/score: 0.3443/0.7058
Run: 2/10, Epoch: 177/1500, this epoch time: 2.57s Train loss/score: 0.3444/0.7126
