Number of node feature: 8
Number of edge feature: 8
Number of params: 14272340
Run: 1/1, Epoch: 1/1, this epoch time: 2.13s Train loss/score: 0.7434/0.4966
Run: 1/1, Epoch: 1/1, Average Train epoch time: 2.13s, Average Eval epoch time: 0.44s
Loss: 0.7434 Train/Val/Test loss: 0.5034/0.5038/0.5085
Train/Val/Test: 0.4997/0.5006/0.4995
Best val/Final test score/Best Step: 0.5006/0.4995/1
**************************************************
Best val score: 0.5006071880668634, Final test score: 0.49945293096020044
**************************************************
Number of node feature: 8
Number of edge feature: 8
Number of params: 32984767
Run: 1/1, Epoch: 1/1, this epoch time: 11.43s Train loss/score: 0.7104/0.5025
Run: 1/1, Epoch: 1/1, Average Train epoch time: 11.43s, Average Eval epoch time: 0.85s
Loss: 0.7104 Train/Val/Test loss: 20.5282/20.6240/20.4124
Train/Val/Test: 0.5000/0.5000/0.5000
Best val/Final test score/Best Step: 0.5000/0.5000/1
**************************************************
Best val score: 0.5, Final test score: 0.5
**************************************************
Number of node feature: 8
Number of edge feature: 8
Number of params: 27530602
Run: 1/1, Epoch: 1/1, this epoch time: 1.11s Train loss/score: 0.7507/0.5050
Run: 1/1, Epoch: 1/1, Average Train epoch time: 1.11s, Average Eval epoch time: 0.58s
Loss: 0.7507 Train/Val/Test loss: 0.8685/0.8589/0.8718
Train/Val/Test: 0.5023/0.5022/0.5025
Best val/Final test score/Best Step: 0.5022/0.5025/1
**************************************************
Best val score: 0.5022189629243313, Final test score: 0.5024564395685142
**************************************************
Number of node feature: 8
Number of edge feature: 8
Number of params: 3155459
Run: 1/1, Epoch: 1/1, this epoch time: 0.43s Train loss/score: 0.7519/0.5036
Run: 1/1, Epoch: 1/1, Average Train epoch time: 0.43s, Average Eval epoch time: 0.35s
Loss: 0.7519 Train/Val/Test loss: 89.3130/89.8652/88.8524
Train/Val/Test: 0.5000/0.5000/0.5000
Best val/Final test score/Best Step: 0.5000/0.5000/1
**************************************************
Best val score: 0.5, Final test score: 0.50000499001996
**************************************************
Number of node feature: 8
Number of edge feature: 8
Number of params: 42134636
Run: 1/1, Epoch: 1/1, this epoch time: 4.33s Train loss/score: 0.7400/0.5022
Run: 1/1, Epoch: 1/1, Average Train epoch time: 4.33s, Average Eval epoch time: 0.79s
Loss: 0.7400 Train/Val/Test loss: 39.5727/39.7764/39.1675
Train/Val/Test: 0.5000/0.5000/0.5000
Best val/Final test score/Best Step: 0.5000/0.5000/1
**************************************************
Best val score: 0.5, Final test score: 0.5
**************************************************
Number of node feature: 8
Number of edge feature: 8
Number of params: 27530602
Run: 1/1, Epoch: 1/1, this epoch time: 1.10s Train loss/score: 0.7366/0.5026
Run: 1/1, Epoch: 1/1, Average Train epoch time: 1.10s, Average Eval epoch time: 0.58s
Loss: 0.7366 Train/Val/Test loss: 0.8341/0.8214/0.8375
Train/Val/Test: 0.5008/0.5011/0.5014
Best val/Final test score/Best Step: 0.5011/0.5014/1
**************************************************
Best val score: 0.5010882421113445, Final test score: 0.5013505505792099
**************************************************
