Namespace(model='gipa_deep_wide', root='./', cpu=False, gpu=0, seed=0, n_runs=10, n_epochs=1500, eval_times=1, advanced_optimizer=True, train_partition_num=1, eval_partition_num=1, no_attn_dst=False, n_heads=10, norm='none', disable_fea_trans_norm=False, edge_att_act='none', edge_agg_mode='single_softmax', lr=0.001, n_layers=10, n_hidden=64, dropout=0.4, input_drop=0.4, edge_drop=0.1, eval_every=5, log_every=5, save_pred=False, log_file_name='run_default_wide_deep', first_hidden=128, edge_emb_size=8, wd=0, use_sparse_fea=True, sparse_encoder='log', input_norm=False, first_layer_norm=False, first_layer_act='relu', feature_drop=0.0, last_layer_drop=-1.0, n_deep_layers=3, n_deep_hidden=128, deep_drop_out=0.4, deep_input_drop=0.1)
Running for seeds 0Number of node feature: 8
Number of edge feature: 8
Number of params: 11918670
Run: 1/10, Epoch: 1/1500, this epoch time: 2.62s Train loss/score: 0.7015/0.4748
Run: 1/10, Epoch: 2/1500, this epoch time: 0.83s Train loss/score: 0.6246/0.4973
Run: 1/10, Epoch: 3/1500, this epoch time: 0.79s Train loss/score: 0.5766/0.5050
Run: 1/10, Epoch: 4/1500, this epoch time: 0.80s Train loss/score: 0.5472/0.5091
Run: 1/10, Epoch: 5/1500, this epoch time: 0.79s Train loss/score: 0.5338/0.5085
Run: 1/10, Epoch: 5/1500, Average Train epoch time: 1.17s, Average Eval epoch time: 0.44s
Loss: 0.5338 Train/Val/Test loss: 1.8051/1.8406/1.7624
Train/Val/Test: 0.5000/0.5000/0.5000
Best val/Final test score/Best Step: 0.5000/0.5000/5
Run: 1/10, Epoch: 6/1500, this epoch time: 0.80s Train loss/score: 0.5285/0.5119
Run: 1/10, Epoch: 7/1500, this epoch time: 0.80s Train loss/score: 0.5266/0.5127
Run: 1/10, Epoch: 8/1500, this epoch time: 0.81s Train loss/score: 0.5260/0.5158
Run: 1/10, Epoch: 9/1500, this epoch time: 0.86s Train loss/score: 0.5235/0.5235
Run: 1/10, Epoch: 10/1500, this epoch time: 0.88s Train loss/score: 0.5197/0.5287
Run: 1/10, Epoch: 10/1500, Average Train epoch time: 1.00s, Average Eval epoch time: 0.48s
Loss: 0.5197 Train/Val/Test loss: 0.8346/0.8673/0.8157
Train/Val/Test: 0.5000/0.5000/0.5000
Best val/Final test score/Best Step: 0.5000/0.5000/5
Run: 1/10, Epoch: 11/1500, this epoch time: 0.88s Train loss/score: 0.5142/0.5369
Run: 1/10, Epoch: 12/1500, this epoch time: 0.81s Train loss/score: 0.5076/0.5464
Run: 1/10, Epoch: 13/1500, this epoch time: 0.82s Train loss/score: 0.5036/0.5553
Run: 1/10, Epoch: 14/1500, this epoch time: 0.81s Train loss/score: 0.4982/0.5593
Run: 1/10, Epoch: 15/1500, this epoch time: 0.81s Train loss/score: 0.4936/0.5669
Run: 1/10, Epoch: 15/1500, Average Train epoch time: 0.94s, Average Eval epoch time: 0.47s
Loss: 0.4936 Train/Val/Test loss: 1.3260/1.3254/1.3599
Train/Val/Test: 0.5596/0.5528/0.5522
Best val/Final test score/Best Step: 0.5528/0.5522/15
Run: 1/10, Epoch: 16/1500, this epoch time: 0.81s Train loss/score: 0.4911/0.5690
Run: 1/10, Epoch: 17/1500, this epoch time: 0.80s Train loss/score: 0.4888/0.5716
Run: 1/10, Epoch: 18/1500, this epoch time: 0.82s Train loss/score: 0.4899/0.5743
Run: 1/10, Epoch: 19/1500, this epoch time: 0.81s Train loss/score: 0.4904/0.5700
Run: 1/10, Epoch: 20/1500, this epoch time: 0.81s Train loss/score: 0.4883/0.5760
Run: 1/10, Epoch: 20/1500, Average Train epoch time: 0.91s, Average Eval epoch time: 0.46s
Loss: 0.4883 Train/Val/Test loss: 1.3482/1.3464/1.3846
Train/Val/Test: 0.5671/0.5612/0.5605
Best val/Final test score/Best Step: 0.5612/0.5605/20
Run: 1/10, Epoch: 21/1500, this epoch time: 0.80s Train loss/score: 0.4871/0.5745
Run: 1/10, Epoch: 22/1500, this epoch time: 0.81s Train loss/score: 0.4871/0.5726
Run: 1/10, Epoch: 23/1500, this epoch time: 0.87s Train loss/score: 0.4842/0.5738
Run: 1/10, Epoch: 24/1500, this epoch time: 0.87s Train loss/score: 0.4818/0.5736
Run: 1/10, Epoch: 25/1500, this epoch time: 0.88s Train loss/score: 0.4801/0.5765
Run: 1/10, Epoch: 25/1500, Average Train epoch time: 0.90s, Average Eval epoch time: 0.47s
Loss: 0.4801 Train/Val/Test loss: 1.0668/1.0652/1.0977
Train/Val/Test: 0.5805/0.5758/0.5722
Best val/Final test score/Best Step: 0.5758/0.5722/25
Run: 1/10, Epoch: 26/1500, this epoch time: 0.81s Train loss/score: 0.4777/0.5775
Run: 1/10, Epoch: 27/1500, this epoch time: 0.81s Train loss/score: 0.4795/0.5702
Run: 1/10, Epoch: 28/1500, this epoch time: 0.81s Train loss/score: 0.4780/0.5693
Run: 1/10, Epoch: 29/1500, this epoch time: 0.81s Train loss/score: 0.4758/0.5687
Run: 1/10, Epoch: 30/1500, this epoch time: 0.81s Train loss/score: 0.4757/0.5711
Run: 1/10, Epoch: 30/1500, Average Train epoch time: 0.88s, Average Eval epoch time: 0.47s
Loss: 0.4757 Train/Val/Test loss: 0.9378/0.9366/0.9651
Train/Val/Test: 0.5930/0.5922/0.5846
Best val/Final test score/Best Step: 0.5922/0.5846/30
Run: 1/10, Epoch: 31/1500, this epoch time: 0.82s Train loss/score: 0.4761/0.5702
Run: 1/10, Epoch: 32/1500, this epoch time: 0.82s Train loss/score: 0.4736/0.5693
Run: 1/10, Epoch: 33/1500, this epoch time: 0.81s Train loss/score: 0.4715/0.5684
Run: 1/10, Epoch: 34/1500, this epoch time: 0.82s Train loss/score: 0.4709/0.5692
Run: 1/10, Epoch: 35/1500, this epoch time: 0.83s Train loss/score: 0.4693/0.5747
Run: 1/10, Epoch: 35/1500, Average Train epoch time: 0.87s, Average Eval epoch time: 0.47s
Loss: 0.4693 Train/Val/Test loss: 0.8649/0.8636/0.8882
Train/Val/Test: 0.6015/0.6025/0.5944
Best val/Final test score/Best Step: 0.6025/0.5944/35
Run: 1/10, Epoch: 36/1500, this epoch time: 0.82s Train loss/score: 0.4699/0.5746
Run: 1/10, Epoch: 37/1500, this epoch time: 0.89s Train loss/score: 0.4687/0.5766
Run: 1/10, Epoch: 38/1500, this epoch time: 0.88s Train loss/score: 0.4666/0.5804
Run: 1/10, Epoch: 39/1500, this epoch time: 0.87s Train loss/score: 0.4653/0.5800
Run: 1/10, Epoch: 40/1500, this epoch time: 0.89s Train loss/score: 0.4653/0.5805
Run: 1/10, Epoch: 40/1500, Average Train epoch time: 0.87s, Average Eval epoch time: 0.47s
Loss: 0.4653 Train/Val/Test loss: 0.7937/0.7931/0.8112
Train/Val/Test: 0.6006/0.6000/0.5904
Best val/Final test score/Best Step: 0.6025/0.5944/35
Run: 1/10, Epoch: 41/1500, this epoch time: 0.81s Train loss/score: 0.4635/0.5850
Run: 1/10, Epoch: 42/1500, this epoch time: 0.83s Train loss/score: 0.4614/0.5851
Run: 1/10, Epoch: 43/1500, this epoch time: 0.82s Train loss/score: 0.4613/0.5894
Run: 1/10, Epoch: 44/1500, this epoch time: 0.82s Train loss/score: 0.4622/0.5876
Run: 1/10, Epoch: 45/1500, this epoch time: 0.81s Train loss/score: 0.4609/0.5885
Run: 1/10, Epoch: 45/1500, Average Train epoch time: 0.87s, Average Eval epoch time: 0.47s
Loss: 0.4609 Train/Val/Test loss: 0.7829/0.7825/0.7964
Train/Val/Test: 0.6096/0.6130/0.6020
Best val/Final test score/Best Step: 0.6130/0.6020/45
Run: 1/10, Epoch: 46/1500, this epoch time: 0.82s Train loss/score: 0.4615/0.5913
Run: 1/10, Epoch: 47/1500, this epoch time: 0.82s Train loss/score: 0.4578/0.5910
Run: 1/10, Epoch: 48/1500, this epoch time: 0.82s Train loss/score: 0.4568/0.5889
Run: 1/10, Epoch: 49/1500, this epoch time: 0.82s Train loss/score: 0.4569/0.5881
Run: 1/10, Epoch: 50/1500, this epoch time: 0.82s Train loss/score: 0.4549/0.5878
Run: 1/10, Epoch: 50/1500, Average Train epoch time: 0.86s, Average Eval epoch time: 0.46s
Loss: 0.4549 Train/Val/Test loss: 0.7526/0.7530/0.7614
Train/Val/Test: 0.5823/0.5852/0.5745
Best val/Final test score/Best Step: 0.6130/0.6020/45
Run: 1/10, Epoch: 51/1500, this epoch time: 0.82s Train loss/score: 0.4565/0.5880
Run: 1/10, Epoch: 52/1500, this epoch time: 0.87s Train loss/score: 0.4537/0.5955
Run: 1/10, Epoch: 53/1500, this epoch time: 0.88s Train loss/score: 0.4541/0.5927
Run: 1/10, Epoch: 54/1500, this epoch time: 0.89s Train loss/score: 0.4500/0.5959
Run: 1/10, Epoch: 55/1500, this epoch time: 0.86s Train loss/score: 0.4525/0.5935
Run: 1/10, Epoch: 55/1500, Average Train epoch time: 0.86s, Average Eval epoch time: 0.46s
Loss: 0.4525 Train/Val/Test loss: 0.7318/0.7328/0.7386
Train/Val/Test: 0.5623/0.5638/0.5515
Best val/Final test score/Best Step: 0.6130/0.6020/45
Run: 1/10, Epoch: 56/1500, this epoch time: 0.83s Train loss/score: 0.4497/0.5981
Run: 1/10, Epoch: 57/1500, this epoch time: 0.83s Train loss/score: 0.4503/0.5943
Run: 1/10, Epoch: 58/1500, this epoch time: 0.83s Train loss/score: 0.4495/0.5987
Run: 1/10, Epoch: 59/1500, this epoch time: 0.83s Train loss/score: 0.4485/0.6005
Run: 1/10, Epoch: 60/1500, this epoch time: 0.83s Train loss/score: 0.4504/0.5991
Run: 1/10, Epoch: 60/1500, Average Train epoch time: 0.86s, Average Eval epoch time: 0.46s
Loss: 0.4504 Train/Val/Test loss: 0.7054/0.7061/0.7117
Train/Val/Test: 0.5686/0.5708/0.5581
Best val/Final test score/Best Step: 0.6130/0.6020/45
Run: 1/10, Epoch: 61/1500, this epoch time: 0.83s Train loss/score: 0.4472/0.6000
Run: 1/10, Epoch: 62/1500, this epoch time: 0.83s Train loss/score: 0.4462/0.6043
Run: 1/10, Epoch: 63/1500, this epoch time: 0.83s Train loss/score: 0.4458/0.6054
Run: 1/10, Epoch: 64/1500, this epoch time: 0.83s Train loss/score: 0.4452/0.6055
Run: 1/10, Epoch: 65/1500, this epoch time: 0.84s Train loss/score: 0.4456/0.6066
Run: 1/10, Epoch: 65/1500, Average Train epoch time: 0.86s, Average Eval epoch time: 0.46s
Loss: 0.4456 Train/Val/Test loss: 0.6913/0.6920/0.6969
Train/Val/Test: 0.5729/0.5751/0.5600
Best val/Final test score/Best Step: 0.6130/0.6020/45
Run: 1/10, Epoch: 66/1500, this epoch time: 0.89s Train loss/score: 0.4451/0.6052
Run: 1/10, Epoch: 67/1500, this epoch time: 0.88s Train loss/score: 0.4449/0.6055
Run: 1/10, Epoch: 68/1500, this epoch time: 0.90s Train loss/score: 0.4439/0.6043
Run: 1/10, Epoch: 69/1500, this epoch time: 0.87s Train loss/score: 0.4406/0.6052
Run: 1/10, Epoch: 70/1500, this epoch time: 0.83s Train loss/score: 0.4438/0.6033
Run: 1/10, Epoch: 70/1500, Average Train epoch time: 0.86s, Average Eval epoch time: 0.46s
Loss: 0.4438 Train/Val/Test loss: 0.6853/0.6848/0.6936
Train/Val/Test: 0.6412/0.6431/0.6401
Best val/Final test score/Best Step: 0.6431/0.6401/70
Run: 1/10, Epoch: 71/1500, this epoch time: 0.84s Train loss/score: 0.4400/0.6087
Run: 1/10, Epoch: 72/1500, this epoch time: 0.83s Train loss/score: 0.4401/0.6124
Run: 1/10, Epoch: 73/1500, this epoch time: 0.84s Train loss/score: 0.4402/0.6103
Run: 1/10, Epoch: 74/1500, this epoch time: 0.85s Train loss/score: 0.4375/0.6149
Run: 1/10, Epoch: 75/1500, this epoch time: 0.84s Train loss/score: 0.4381/0.6115
Run: 1/10, Epoch: 75/1500, Average Train epoch time: 0.86s, Average Eval epoch time: 0.46s
Loss: 0.4381 Train/Val/Test loss: 0.7083/0.7070/0.7199
Train/Val/Test: 0.6348/0.6371/0.6251
Best val/Final test score/Best Step: 0.6431/0.6401/70
Run: 1/10, Epoch: 76/1500, this epoch time: 0.83s Train loss/score: 0.4380/0.6106
Run: 1/10, Epoch: 77/1500, this epoch time: 0.83s Train loss/score: 0.4390/0.6104
Run: 1/10, Epoch: 78/1500, this epoch time: 0.84s Train loss/score: 0.4369/0.6190
Run: 1/10, Epoch: 79/1500, this epoch time: 0.84s Train loss/score: 0.4376/0.6157
Run: 1/10, Epoch: 80/1500, this epoch time: 0.84s Train loss/score: 0.4367/0.6156
Run: 1/10, Epoch: 80/1500, Average Train epoch time: 0.86s, Average Eval epoch time: 0.47s
Loss: 0.4367 Train/Val/Test loss: 0.6766/0.6751/0.6874
Train/Val/Test: 0.6500/0.6518/0.6413
Best val/Final test score/Best Step: 0.6518/0.6413/80
Run: 1/10, Epoch: 81/1500, this epoch time: 0.91s Train loss/score: 0.4345/0.6166
Run: 1/10, Epoch: 82/1500, this epoch time: 0.92s Train loss/score: 0.4342/0.6177
Run: 1/10, Epoch: 83/1500, this epoch time: 0.91s Train loss/score: 0.4346/0.6188
Run: 1/10, Epoch: 84/1500, this epoch time: 0.86s Train loss/score: 0.4334/0.6171
Run: 1/10, Epoch: 85/1500, this epoch time: 0.85s Train loss/score: 0.4336/0.6215
Run: 1/10, Epoch: 85/1500, Average Train epoch time: 0.86s, Average Eval epoch time: 0.47s
Loss: 0.4336 Train/Val/Test loss: 0.7041/0.7018/0.7182
Train/Val/Test: 0.6381/0.6381/0.6280
Best val/Final test score/Best Step: 0.6518/0.6413/80
Run: 1/10, Epoch: 86/1500, this epoch time: 0.84s Train loss/score: 0.4327/0.6176
Run: 1/10, Epoch: 87/1500, this epoch time: 0.84s Train loss/score: 0.4322/0.6212
Run: 1/10, Epoch: 88/1500, this epoch time: 0.84s Train loss/score: 0.4314/0.6197
Run: 1/10, Epoch: 89/1500, this epoch time: 0.84s Train loss/score: 0.4296/0.6216
Run: 1/10, Epoch: 90/1500, this epoch time: 0.84s Train loss/score: 0.4316/0.6163
Run: 1/10, Epoch: 90/1500, Average Train epoch time: 0.86s, Average Eval epoch time: 0.47s
Loss: 0.4316 Train/Val/Test loss: 0.7610/0.7579/0.7792
Train/Val/Test: 0.6209/0.6193/0.6078
Best val/Final test score/Best Step: 0.6518/0.6413/80
Run: 1/10, Epoch: 91/1500, this epoch time: 0.84s Train loss/score: 0.4299/0.6211
Run: 1/10, Epoch: 92/1500, this epoch time: 0.84s Train loss/score: 0.4314/0.6187
Run: 1/10, Epoch: 93/1500, this epoch time: 0.84s Train loss/score: 0.4280/0.6192
Run: 1/10, Epoch: 94/1500, this epoch time: 0.86s Train loss/score: 0.4276/0.6214
Run: 1/10, Epoch: 95/1500, this epoch time: 0.91s Train loss/score: 0.4265/0.6249
Run: 1/10, Epoch: 95/1500, Average Train epoch time: 0.86s, Average Eval epoch time: 0.47s
Loss: 0.4265 Train/Val/Test loss: 0.7457/0.7425/0.7656
Train/Val/Test: 0.6303/0.6300/0.6182
Best val/Final test score/Best Step: 0.6518/0.6413/80
Run: 1/10, Epoch: 96/1500, this epoch time: 0.90s Train loss/score: 0.4279/0.6259
Run: 1/10, Epoch: 97/1500, this epoch time: 0.90s Train loss/score: 0.4288/0.6231
Run: 1/10, Epoch: 98/1500, this epoch time: 0.86s Train loss/score: 0.4254/0.6289
Run: 1/10, Epoch: 99/1500, this epoch time: 0.85s Train loss/score: 0.4249/0.6256
Run: 1/10, Epoch: 100/1500, this epoch time: 0.86s Train loss/score: 0.4237/0.6258
Run: 1/10, Epoch: 100/1500, Average Train epoch time: 0.86s, Average Eval epoch time: 0.47s
Loss: 0.4237 Train/Val/Test loss: 0.7897/0.7873/0.8115
Train/Val/Test: 0.6153/0.6155/0.6043
Best val/Final test score/Best Step: 0.6518/0.6413/80
Run: 1/10, Epoch: 101/1500, this epoch time: 0.86s Train loss/score: 0.4240/0.6213
Run: 1/10, Epoch: 102/1500, this epoch time: 0.87s Train loss/score: 0.4239/0.6298
Run: 1/10, Epoch: 103/1500, this epoch time: 0.86s Train loss/score: 0.4219/0.6358
Run: 1/10, Epoch: 104/1500, this epoch time: 0.86s Train loss/score: 0.4236/0.6328
Run: 1/10, Epoch: 105/1500, this epoch time: 0.90s Train loss/score: 0.4218/0.6311
Run: 1/10, Epoch: 105/1500, Average Train epoch time: 0.86s, Average Eval epoch time: 0.47s
Loss: 0.4218 Train/Val/Test loss: 0.6888/0.6888/0.7083
Train/Val/Test: 0.6557/0.6536/0.6407
Best val/Final test score/Best Step: 0.6536/0.6407/105
Run: 1/10, Epoch: 106/1500, this epoch time: 0.85s Train loss/score: 0.4220/0.6296
Run: 1/10, Epoch: 107/1500, this epoch time: 0.86s Train loss/score: 0.4219/0.6293
Run: 1/10, Epoch: 108/1500, this epoch time: 0.91s Train loss/score: 0.4194/0.6303
Run: 1/10, Epoch: 109/1500, this epoch time: 0.91s Train loss/score: 0.4185/0.6360
Run: 1/10, Epoch: 110/1500, this epoch time: 0.93s Train loss/score: 0.4178/0.6426
Run: 1/10, Epoch: 110/1500, Average Train epoch time: 0.86s, Average Eval epoch time: 0.47s
Loss: 0.4178 Train/Val/Test loss: 0.7324/0.7328/0.7534
Train/Val/Test: 0.6383/0.6346/0.6263
Best val/Final test score/Best Step: 0.6536/0.6407/105
Run: 1/10, Epoch: 111/1500, this epoch time: 0.86s Train loss/score: 0.4179/0.6376
Run: 1/10, Epoch: 112/1500, this epoch time: 0.85s Train loss/score: 0.4161/0.6373
Run: 1/10, Epoch: 113/1500, this epoch time: 0.87s Train loss/score: 0.4182/0.6367
Run: 1/10, Epoch: 114/1500, this epoch time: 0.87s Train loss/score: 0.4151/0.6411
Run: 1/10, Epoch: 115/1500, this epoch time: 0.87s Train loss/score: 0.4147/0.6440
Run: 1/10, Epoch: 115/1500, Average Train epoch time: 0.86s, Average Eval epoch time: 0.47s
Loss: 0.4147 Train/Val/Test loss: 0.7540/0.7544/0.7766
Train/Val/Test: 0.6361/0.6336/0.6235
Best val/Final test score/Best Step: 0.6536/0.6407/105
Run: 1/10, Epoch: 116/1500, this epoch time: 0.86s Train loss/score: 0.4134/0.6391
Run: 1/10, Epoch: 117/1500, this epoch time: 0.86s Train loss/score: 0.4148/0.6331
Run: 1/10, Epoch: 118/1500, this epoch time: 0.86s Train loss/score: 0.4135/0.6374
Run: 1/10, Epoch: 119/1500, this epoch time: 0.87s Train loss/score: 0.4113/0.6466
Run: 1/10, Epoch: 120/1500, this epoch time: 0.87s Train loss/score: 0.4144/0.6414
Run: 1/10, Epoch: 120/1500, Average Train epoch time: 0.86s, Average Eval epoch time: 0.47s
Loss: 0.4144 Train/Val/Test loss: 0.7236/0.7263/0.7469
Train/Val/Test: 0.6512/0.6461/0.6350
Best val/Final test score/Best Step: 0.6536/0.6407/105
Run: 1/10, Epoch: 121/1500, this epoch time: 0.88s Train loss/score: 0.4092/0.6427
Run: 1/10, Epoch: 122/1500, this epoch time: 0.93s Train loss/score: 0.4128/0.6346
Run: 1/10, Epoch: 123/1500, this epoch time: 0.94s Train loss/score: 0.4080/0.6434
Run: 1/10, Epoch: 124/1500, this epoch time: 0.91s Train loss/score: 0.4107/0.6538
Run: 1/10, Epoch: 125/1500, this epoch time: 0.86s Train loss/score: 0.4080/0.6514
Run: 1/10, Epoch: 125/1500, Average Train epoch time: 0.86s, Average Eval epoch time: 0.47s
Loss: 0.4080 Train/Val/Test loss: 0.7491/0.7522/0.7755
Train/Val/Test: 0.6427/0.6382/0.6270
Best val/Final test score/Best Step: 0.6536/0.6407/105
Run: 1/10, Epoch: 126/1500, this epoch time: 0.86s Train loss/score: 0.4059/0.6494
Run: 1/10, Epoch: 127/1500, this epoch time: 0.86s Train loss/score: 0.4038/0.6516
Run: 1/10, Epoch: 128/1500, this epoch time: 0.86s Train loss/score: 0.4070/0.6487
Run: 1/10, Epoch: 129/1500, this epoch time: 0.86s Train loss/score: 0.4042/0.6546
Run: 1/10, Epoch: 130/1500, this epoch time: 0.86s Train loss/score: 0.4051/0.6521
Run: 1/10, Epoch: 130/1500, Average Train epoch time: 0.86s, Average Eval epoch time: 0.47s
Loss: 0.4051 Train/Val/Test loss: 0.7463/0.7507/0.7752
Train/Val/Test: 0.6503/0.6434/0.6324
Best val/Final test score/Best Step: 0.6536/0.6407/105
Run: 1/10, Epoch: 131/1500, this epoch time: 0.85s Train loss/score: 0.4036/0.6517
Run: 1/10, Epoch: 132/1500, this epoch time: 0.85s Train loss/score: 0.4031/0.6540
Run: 1/10, Epoch: 133/1500, this epoch time: 0.86s Train loss/score: 0.4032/0.6518
Run: 1/10, Epoch: 134/1500, this epoch time: 0.86s Train loss/score: 0.4001/0.6511
Run: 1/10, Epoch: 135/1500, this epoch time: 0.86s Train loss/score: 0.4001/0.6519
Run: 1/10, Epoch: 135/1500, Average Train epoch time: 0.86s, Average Eval epoch time: 0.48s
Loss: 0.4001 Train/Val/Test loss: 0.5913/0.6019/0.6136
Train/Val/Test: 0.6903/0.6746/0.6700
Best val/Final test score/Best Step: 0.6746/0.6700/135
Run: 1/10, Epoch: 136/1500, this epoch time: 0.94s Train loss/score: 0.3989/0.6563
Run: 1/10, Epoch: 137/1500, this epoch time: 0.93s Train loss/score: 0.3976/0.6656
Run: 1/10, Epoch: 138/1500, this epoch time: 0.93s Train loss/score: 0.3978/0.6589
Run: 1/10, Epoch: 139/1500, this epoch time: 0.85s Train loss/score: 0.3963/0.6620
Run: 1/10, Epoch: 140/1500, this epoch time: 0.86s Train loss/score: 0.3924/0.6665
Run: 1/10, Epoch: 140/1500, Average Train epoch time: 0.86s, Average Eval epoch time: 0.48s
Loss: 0.3924 Train/Val/Test loss: 0.6232/0.6335/0.6475
Train/Val/Test: 0.6853/0.6696/0.6656
Best val/Final test score/Best Step: 0.6746/0.6700/135
Run: 1/10, Epoch: 141/1500, this epoch time: 0.87s Train loss/score: 0.3941/0.6703
Run: 1/10, Epoch: 142/1500, this epoch time: 0.86s Train loss/score: 0.3933/0.6664
Run: 1/10, Epoch: 143/1500, this epoch time: 0.85s Train loss/score: 0.3931/0.6647
Run: 1/10, Epoch: 144/1500, this epoch time: 0.86s Train loss/score: 0.3918/0.6713
Run: 1/10, Epoch: 145/1500, this epoch time: 0.88s Train loss/score: 0.3878/0.6643
Run: 1/10, Epoch: 145/1500, Average Train epoch time: 0.86s, Average Eval epoch time: 0.48s
Loss: 0.3878 Train/Val/Test loss: 0.8374/0.8451/0.8747
Train/Val/Test: 0.6358/0.6292/0.6176
Best val/Final test score/Best Step: 0.6746/0.6700/135
Run: 1/10, Epoch: 146/1500, this epoch time: 0.86s Train loss/score: 0.3878/0.6688
Run: 1/10, Epoch: 147/1500, this epoch time: 0.86s Train loss/score: 0.3853/0.6786
Run: 1/10, Epoch: 148/1500, this epoch time: 0.88s Train loss/score: 0.3861/0.6764
Run: 1/10, Epoch: 149/1500, this epoch time: 0.92s Train loss/score: 0.3874/0.6602
Run: 1/10, Epoch: 150/1500, this epoch time: 0.92s Train loss/score: 0.3837/0.6882
Run: 1/10, Epoch: 150/1500, Average Train epoch time: 0.86s, Average Eval epoch time: 0.48s
Loss: 0.3837 Train/Val/Test loss: 0.7177/0.7318/0.7541
Train/Val/Test: 0.6729/0.6589/0.6508
Best val/Final test score/Best Step: 0.6746/0.6700/135
Run: 1/10, Epoch: 151/1500, this epoch time: 0.91s Train loss/score: 0.3847/0.6869
Run: 1/10, Epoch: 152/1500, this epoch time: 0.87s Train loss/score: 0.3841/0.6764
Run: 1/10, Epoch: 153/1500, this epoch time: 0.87s Train loss/score: 0.3837/0.6723
Run: 1/10, Epoch: 154/1500, this epoch time: 0.86s Train loss/score: 0.3798/0.6799
Run: 1/10, Epoch: 155/1500, this epoch time: 0.86s Train loss/score: 0.3782/0.6905
Run: 1/10, Epoch: 155/1500, Average Train epoch time: 0.86s, Average Eval epoch time: 0.48s
Loss: 0.3782 Train/Val/Test loss: 0.7428/0.7582/0.7808
Train/Val/Test: 0.6704/0.6505/0.6448
Best val/Final test score/Best Step: 0.6746/0.6700/135
Run: 1/10, Epoch: 156/1500, this epoch time: 0.86s Train loss/score: 0.3748/0.6937
Run: 1/10, Epoch: 157/1500, this epoch time: 0.86s Train loss/score: 0.3762/0.6868
Run: 1/10, Epoch: 158/1500, this epoch time: 0.86s Train loss/score: 0.3749/0.6870
Run: 1/10, Epoch: 159/1500, this epoch time: 0.86s Train loss/score: 0.3753/0.6846
Run: 1/10, Epoch: 160/1500, this epoch time: 0.86s Train loss/score: 0.3707/0.6946
Run: 1/10, Epoch: 160/1500, Average Train epoch time: 0.86s, Average Eval epoch time: 0.48s
Loss: 0.3707 Train/Val/Test loss: 0.5805/0.6023/0.6145
Train/Val/Test: 0.6971/0.6758/0.6693
Best val/Final test score/Best Step: 0.6758/0.6693/160
Run: 1/10, Epoch: 161/1500, this epoch time: 0.86s Train loss/score: 0.3710/0.6966
Run: 1/10, Epoch: 162/1500, this epoch time: 0.87s Train loss/score: 0.3703/0.6877
Run: 1/10, Epoch: 163/1500, this epoch time: 0.92s Train loss/score: 0.3703/0.7018
Run: 1/10, Epoch: 164/1500, this epoch time: 0.92s Train loss/score: 0.3656/0.7055
Run: 1/10, Epoch: 165/1500, this epoch time: 0.91s Train loss/score: 0.3684/0.6912
Run: 1/10, Epoch: 165/1500, Average Train epoch time: 0.86s, Average Eval epoch time: 0.48s
Loss: 0.3684 Train/Val/Test loss: 0.5411/0.5792/0.5653
Train/Val/Test: 0.6148/0.5937/0.5983
Best val/Final test score/Best Step: 0.6758/0.6693/160
Run: 1/10, Epoch: 166/1500, this epoch time: 0.86s Train loss/score: 0.3668/0.7149
Run: 1/10, Epoch: 167/1500, this epoch time: 0.86s Train loss/score: 0.3624/0.7086
Run: 1/10, Epoch: 168/1500, this epoch time: 0.85s Train loss/score: 0.3648/0.6876
Run: 1/10, Epoch: 169/1500, this epoch time: 0.86s Train loss/score: 0.3595/0.7167
Run: 1/10, Epoch: 170/1500, this epoch time: 0.86s Train loss/score: 0.3601/0.7161
Run: 1/10, Epoch: 170/1500, Average Train epoch time: 0.86s, Average Eval epoch time: 0.48s
Loss: 0.3601 Train/Val/Test loss: 0.7844/0.8068/0.8364
Train/Val/Test: 0.6668/0.6464/0.6384
Best val/Final test score/Best Step: 0.6758/0.6693/160
Run: 1/10, Epoch: 171/1500, this epoch time: 0.85s Train loss/score: 0.3618/0.6959
Run: 1/10, Epoch: 172/1500, this epoch time: 0.86s Train loss/score: 0.3573/0.7117
Run: 1/10, Epoch: 173/1500, this epoch time: 0.86s Train loss/score: 0.3544/0.7188
Run: 1/10, Epoch: 174/1500, this epoch time: 0.86s Train loss/score: 0.3539/0.7055
Run: 1/10, Epoch: 175/1500, this epoch time: 0.85s Train loss/score: 0.3520/0.7144
Run: 1/10, Epoch: 175/1500, Average Train epoch time: 0.86s, Average Eval epoch time: 0.48s
Loss: 0.3520 Train/Val/Test loss: 0.6344/0.6675/0.6866
Train/Val/Test: 0.7066/0.6725/0.6703
Best val/Final test score/Best Step: 0.6758/0.6693/160
Run: 1/10, Epoch: 176/1500, this epoch time: 0.91s Train loss/score: 0.3518/0.7352
Run: 1/10, Epoch: 177/1500, this epoch time: 0.92s Train loss/score: 0.3483/0.7294
Run: 1/10, Epoch: 178/1500, this epoch time: 0.92s Train loss/score: 0.3502/0.7082
Run: 1/10, Epoch: 179/1500, this epoch time: 0.94s Train loss/score: 0.3473/0.7294
Run: 1/10, Epoch: 180/1500, this epoch time: 0.86s Train loss/score: 0.3429/0.7314
Run: 1/10, Epoch: 180/1500, Average Train epoch time: 0.87s, Average Eval epoch time: 0.48s
Loss: 0.3429 Train/Val/Test loss: 0.6472/0.6849/0.7083
Train/Val/Test: 0.7038/0.6682/0.6617
Best val/Final test score/Best Step: 0.6758/0.6693/160
Run: 1/10, Epoch: 181/1500, this epoch time: 0.86s Train loss/score: 0.3451/0.7160
Run: 1/10, Epoch: 182/1500, this epoch time: 0.86s Train loss/score: 0.3426/0.7340
Run: 1/10, Epoch: 183/1500, this epoch time: 0.86s Train loss/score: 0.3424/0.7375
Run: 1/10, Epoch: 184/1500, this epoch time: 0.85s Train loss/score: 0.3405/0.7242
Run: 1/10, Epoch: 185/1500, this epoch time: 0.85s Train loss/score: 0.3370/0.7358
Run: 1/10, Epoch: 185/1500, Average Train epoch time: 0.87s, Average Eval epoch time: 0.48s
Loss: 0.3370 Train/Val/Test loss: 0.6194/0.6634/0.6844
Train/Val/Test: 0.7086/0.6720/0.6606
Best val/Final test score/Best Step: 0.6758/0.6693/160
Run: 1/10, Epoch: 186/1500, this epoch time: 0.86s Train loss/score: 0.3367/0.7398
Run: 1/10, Epoch: 187/1500, this epoch time: 0.85s Train loss/score: 0.3364/0.7368
Run: 1/10, Epoch: 188/1500, this epoch time: 0.85s Train loss/score: 0.3329/0.7358
Run: 1/10, Epoch: 189/1500, this epoch time: 0.85s Train loss/score: 0.3311/0.7437
Run: 1/10, Epoch: 190/1500, this epoch time: 0.87s Train loss/score: 0.3286/0.7466
Run: 1/10, Epoch: 190/1500, Average Train epoch time: 0.87s, Average Eval epoch time: 0.48s
Loss: 0.3286 Train/Val/Test loss: 0.5553/0.6020/0.6181
Train/Val/Test: 0.7120/0.6719/0.6605
Best val/Final test score/Best Step: 0.6758/0.6693/160
Run: 1/10, Epoch: 191/1500, this epoch time: 0.91s Train loss/score: 0.3271/0.7471
Run: 1/10, Epoch: 192/1500, this epoch time: 0.92s Train loss/score: 0.3262/0.7521
Run: 1/10, Epoch: 193/1500, this epoch time: 0.87s Train loss/score: 0.3242/0.7602
Run: 1/10, Epoch: 194/1500, this epoch time: 0.85s Train loss/score: 0.3234/0.7509
Run: 1/10, Epoch: 195/1500, this epoch time: 0.86s Train loss/score: 0.3234/0.7486
Run: 1/10, Epoch: 195/1500, Average Train epoch time: 0.87s, Average Eval epoch time: 0.48s
Loss: 0.3234 Train/Val/Test loss: 0.5732/0.6260/0.6489
Train/Val/Test: 0.7053/0.6681/0.6529
Best val/Final test score/Best Step: 0.6758/0.6693/160
Run: 1/10, Epoch: 196/1500, this epoch time: 0.86s Train loss/score: 0.3203/0.7625
Run: 1/10, Epoch: 197/1500, this epoch time: 0.87s Train loss/score: 0.3155/0.7599
Run: 1/10, Epoch: 198/1500, this epoch time: 0.86s Train loss/score: 0.3175/0.7563
Run: 1/10, Epoch: 199/1500, this epoch time: 0.87s Train loss/score: 0.3171/0.7731
Run: 1/10, Epoch: 200/1500, this epoch time: 0.87s Train loss/score: 0.3146/0.7589
Run: 1/10, Epoch: 200/1500, Average Train epoch time: 0.87s, Average Eval epoch time: 0.48s
Loss: 0.3146 Train/Val/Test loss: 0.6811/0.7356/0.7752
Train/Val/Test: 0.7186/0.6771/0.6630
Best val/Final test score/Best Step: 0.6771/0.6630/200
Run: 1/10, Epoch: 201/1500, this epoch time: 0.86s Train loss/score: 0.3146/0.7485
Run: 1/10, Epoch: 202/1500, this epoch time: 0.87s Train loss/score: 0.3169/0.7761
Run: 1/10, Epoch: 203/1500, this epoch time: 0.86s Train loss/score: 0.3088/0.7755
Run: 1/10, Epoch: 204/1500, this epoch time: 0.91s Train loss/score: 0.3127/0.7516
Run: 1/10, Epoch: 205/1500, this epoch time: 0.91s Train loss/score: 0.3082/0.7746
Run: 1/10, Epoch: 205/1500, Average Train epoch time: 0.87s, Average Eval epoch time: 0.48s
Loss: 0.3082 Train/Val/Test loss: 0.5606/0.6253/0.6443
Train/Val/Test: 0.7178/0.6726/0.6531
Best val/Final test score/Best Step: 0.6771/0.6630/200
Run: 1/10, Epoch: 206/1500, this epoch time: 0.92s Train loss/score: 0.3052/0.7750
Run: 1/10, Epoch: 207/1500, this epoch time: 0.86s Train loss/score: 0.3038/0.7612
Run: 1/10, Epoch: 208/1500, this epoch time: 0.85s Train loss/score: 0.2998/0.7801
Run: 1/10, Epoch: 209/1500, this epoch time: 0.87s Train loss/score: 0.3019/0.7890
Run: 1/10, Epoch: 210/1500, this epoch time: 0.85s Train loss/score: 0.2979/0.7848
Run: 1/10, Epoch: 210/1500, Average Train epoch time: 0.87s, Average Eval epoch time: 0.48s
Loss: 0.2979 Train/Val/Test loss: 0.7415/0.8067/0.8410
Train/Val/Test: 0.7167/0.6681/0.6566
Best val/Final test score/Best Step: 0.6771/0.6630/200
Run: 1/10, Epoch: 211/1500, this epoch time: 0.86s Train loss/score: 0.2984/0.7712
Run: 1/10, Epoch: 212/1500, this epoch time: 0.86s Train loss/score: 0.2950/0.7753
Run: 1/10, Epoch: 213/1500, this epoch time: 0.86s Train loss/score: 0.2961/0.7898
Run: 1/10, Epoch: 214/1500, this epoch time: 0.85s Train loss/score: 0.2907/0.7899
Run: 1/10, Epoch: 215/1500, this epoch time: 0.85s Train loss/score: 0.2928/0.7704
Run: 1/10, Epoch: 215/1500, Average Train epoch time: 0.87s, Average Eval epoch time: 0.48s
Loss: 0.2928 Train/Val/Test loss: 0.6592/0.7372/0.7672
Train/Val/Test: 0.7272/0.6724/0.6585
Best val/Final test score/Best Step: 0.6771/0.6630/200
Run: 1/10, Epoch: 216/1500, this epoch time: 0.86s Train loss/score: 0.2880/0.7978
Run: 1/10, Epoch: 217/1500, this epoch time: 0.91s Train loss/score: 0.2873/0.7961
Run: 1/10, Epoch: 218/1500, this epoch time: 0.92s Train loss/score: 0.2872/0.7851
Run: 1/10, Epoch: 219/1500, this epoch time: 0.93s Train loss/score: 0.2857/0.7917
Run: 1/10, Epoch: 220/1500, this epoch time: 0.90s Train loss/score: 0.2838/0.7996
Run: 1/10, Epoch: 220/1500, Average Train epoch time: 0.87s, Average Eval epoch time: 0.48s
Loss: 0.2838 Train/Val/Test loss: 0.6943/0.7794/0.8197
Train/Val/Test: 0.7317/0.6734/0.6572
Best val/Final test score/Best Step: 0.6771/0.6630/200
Run: 1/10, Epoch: 221/1500, this epoch time: 0.86s Train loss/score: 0.2802/0.7949
Run: 1/10, Epoch: 222/1500, this epoch time: 0.86s Train loss/score: 0.2784/0.7909
Run: 1/10, Epoch: 223/1500, this epoch time: 0.85s Train loss/score: 0.2776/0.8012
Run: 1/10, Epoch: 224/1500, this epoch time: 0.85s Train loss/score: 0.2759/0.8096
Run: 1/10, Epoch: 225/1500, this epoch time: 0.86s Train loss/score: 0.2781/0.7953
Run: 1/10, Epoch: 225/1500, Average Train epoch time: 0.87s, Average Eval epoch time: 0.48s
Loss: 0.2781 Train/Val/Test loss: 0.6911/0.7809/0.8238
Train/Val/Test: 0.7357/0.6764/0.6503
Best val/Final test score/Best Step: 0.6771/0.6630/200
Run: 1/10, Epoch: 226/1500, this epoch time: 0.85s Train loss/score: 0.2741/0.8001
Run: 1/10, Epoch: 227/1500, this epoch time: 0.86s Train loss/score: 0.2721/0.8129
Run: 1/10, Epoch: 228/1500, this epoch time: 0.85s Train loss/score: 0.2707/0.7999
Run: 1/10, Epoch: 229/1500, this epoch time: 0.85s Train loss/score: 0.2683/0.8100
Run: 1/10, Epoch: 230/1500, this epoch time: 0.85s Train loss/score: 0.2692/0.8098
Run: 1/10, Epoch: 230/1500, Average Train epoch time: 0.87s, Average Eval epoch time: 0.48s
Loss: 0.2692 Train/Val/Test loss: 0.5817/0.6839/0.7257
Train/Val/Test: 0.7588/0.6872/0.6512
Best val/Final test score/Best Step: 0.6872/0.6512/230
Run: 1/10, Epoch: 231/1500, this epoch time: 0.91s Train loss/score: 0.2671/0.8047
Run: 1/10, Epoch: 232/1500, this epoch time: 0.91s Train loss/score: 0.2655/0.8063
Run: 1/10, Epoch: 233/1500, this epoch time: 0.92s Train loss/score: 0.2647/0.8064
Run: 1/10, Epoch: 234/1500, this epoch time: 0.85s Train loss/score: 0.2613/0.8194
Run: 1/10, Epoch: 235/1500, this epoch time: 0.86s Train loss/score: 0.2622/0.8204
Run: 1/10, Epoch: 235/1500, Average Train epoch time: 0.87s, Average Eval epoch time: 0.48s
Loss: 0.2622 Train/Val/Test loss: 0.6536/0.7587/0.8091
Train/Val/Test: 0.7551/0.6822/0.6577
Best val/Final test score/Best Step: 0.6872/0.6512/230
Run: 1/10, Epoch: 236/1500, this epoch time: 0.86s Train loss/score: 0.2565/0.8146
Run: 1/10, Epoch: 237/1500, this epoch time: 0.87s Train loss/score: 0.2575/0.8153
Run: 1/10, Epoch: 238/1500, this epoch time: 0.87s Train loss/score: 0.2534/0.8218
Run: 1/10, Epoch: 239/1500, this epoch time: 0.86s Train loss/score: 0.2545/0.8281
Run: 1/10, Epoch: 240/1500, this epoch time: 0.86s Train loss/score: 0.2549/0.8216
Run: 1/10, Epoch: 240/1500, Average Train epoch time: 0.87s, Average Eval epoch time: 0.48s
Loss: 0.2549 Train/Val/Test loss: 0.6764/0.7874/0.8436
Train/Val/Test: 0.7533/0.6829/0.6548
Best val/Final test score/Best Step: 0.6872/0.6512/230
Run: 1/10, Epoch: 241/1500, this epoch time: 0.86s Train loss/score: 0.2495/0.8270
Run: 1/10, Epoch: 242/1500, this epoch time: 0.86s Train loss/score: 0.2522/0.8221
Run: 1/10, Epoch: 243/1500, this epoch time: 0.86s Train loss/score: 0.2489/0.8286
Run: 1/10, Epoch: 244/1500, this epoch time: 0.86s Train loss/score: 0.2485/0.8177
Run: 1/10, Epoch: 245/1500, this epoch time: 0.91s Train loss/score: 0.2460/0.8349
Run: 1/10, Epoch: 245/1500, Average Train epoch time: 0.87s, Average Eval epoch time: 0.48s
Loss: 0.2460 Train/Val/Test loss: 0.6496/0.7704/0.8126
Train/Val/Test: 0.7569/0.6828/0.6596
Best val/Final test score/Best Step: 0.6872/0.6512/230
Run: 1/10, Epoch: 246/1500, this epoch time: 0.92s Train loss/score: 0.2432/0.8307
Run: 1/10, Epoch: 247/1500, this epoch time: 0.91s Train loss/score: 0.2427/0.8297
Run: 1/10, Epoch: 248/1500, this epoch time: 0.86s Train loss/score: 0.2474/0.8331
Run: 1/10, Epoch: 249/1500, this epoch time: 0.85s Train loss/score: 0.2429/0.8242
Run: 1/10, Epoch: 250/1500, this epoch time: 0.85s Train loss/score: 0.2402/0.8307
Run: 1/10, Epoch: 250/1500, Average Train epoch time: 0.87s, Average Eval epoch time: 0.48s
Loss: 0.2402 Train/Val/Test loss: 0.4562/0.6095/0.6372
Train/Val/Test: 0.7676/0.6643/0.6541
Best val/Final test score/Best Step: 0.6872/0.6512/230
Run: 1/10, Epoch: 251/1500, this epoch time: 0.86s Train loss/score: 0.2408/0.8442
Run: 1/10, Epoch: 252/1500, this epoch time: 0.87s Train loss/score: 0.2373/0.8372
Run: 1/10, Epoch: 253/1500, this epoch time: 0.86s Train loss/score: 0.2370/0.8328
Run: 1/10, Epoch: 254/1500, this epoch time: 0.87s Train loss/score: 0.2365/0.8455
Run: 1/10, Epoch: 255/1500, this epoch time: 0.86s Train loss/score: 0.2326/0.8394
Run: 1/10, Epoch: 255/1500, Average Train epoch time: 0.87s, Average Eval epoch time: 0.48s
Loss: 0.2326 Train/Val/Test loss: 0.5293/0.6724/0.7242
Train/Val/Test: 0.7729/0.6802/0.6566
Best val/Final test score/Best Step: 0.6872/0.6512/230
Run: 1/10, Epoch: 256/1500, this epoch time: 0.86s Train loss/score: 0.2337/0.8274
Run: 1/10, Epoch: 257/1500, this epoch time: 0.87s Train loss/score: 0.2339/0.8433
Run: 1/10, Epoch: 258/1500, this epoch time: 0.89s Train loss/score: 0.2301/0.8432
Run: 1/10, Epoch: 259/1500, this epoch time: 0.91s Train loss/score: 0.2276/0.8378
Run: 1/10, Epoch: 260/1500, this epoch time: 0.93s Train loss/score: 0.2262/0.8487
Run: 1/10, Epoch: 260/1500, Average Train epoch time: 0.87s, Average Eval epoch time: 0.48s
Loss: 0.2262 Train/Val/Test loss: 0.5413/0.6891/0.7406
Train/Val/Test: 0.7765/0.6799/0.6550
Best val/Final test score/Best Step: 0.6872/0.6512/230
Run: 1/10, Epoch: 261/1500, this epoch time: 0.86s Train loss/score: 0.2242/0.8484
Run: 1/10, Epoch: 262/1500, this epoch time: 0.86s Train loss/score: 0.2229/0.8473
Run: 1/10, Epoch: 263/1500, this epoch time: 0.86s Train loss/score: 0.2195/0.8585
Run: 1/10, Epoch: 264/1500, this epoch time: 0.86s Train loss/score: 0.2180/0.8549
Run: 1/10, Epoch: 265/1500, this epoch time: 0.85s Train loss/score: 0.2186/0.8501
Run: 1/10, Epoch: 265/1500, Average Train epoch time: 0.87s, Average Eval epoch time: 0.48s
Loss: 0.2186 Train/Val/Test loss: 0.5303/0.6881/0.7386
Train/Val/Test: 0.7831/0.6812/0.6556
Best val/Final test score/Best Step: 0.6872/0.6512/230
Run: 1/10, Epoch: 266/1500, this epoch time: 0.86s Train loss/score: 0.2174/0.8536
Run: 1/10, Epoch: 267/1500, this epoch time: 0.85s Train loss/score: 0.2167/0.8546
Run: 1/10, Epoch: 268/1500, this epoch time: 0.85s Train loss/score: 0.2135/0.8524
Run: 1/10, Epoch: 269/1500, this epoch time: 0.86s Train loss/score: 0.2145/0.8552
Run: 1/10, Epoch: 270/1500, this epoch time: 0.86s Train loss/score: 0.2138/0.8588
Run: 1/10, Epoch: 270/1500, Average Train epoch time: 0.87s, Average Eval epoch time: 0.48s
Loss: 0.2138 Train/Val/Test loss: 0.6099/0.7668/0.8302
Train/Val/Test: 0.7771/0.6820/0.6570
Best val/Final test score/Best Step: 0.6872/0.6512/230
Run: 1/10, Epoch: 271/1500, this epoch time: 0.87s Train loss/score: 0.2094/0.8629
Run: 1/10, Epoch: 272/1500, this epoch time: 0.94s Train loss/score: 0.2135/0.8571
Run: 1/10, Epoch: 273/1500, this epoch time: 0.93s Train loss/score: 0.2068/0.8657
Run: 1/10, Epoch: 274/1500, this epoch time: 0.93s Train loss/score: 0.2051/0.8617
Run: 1/10, Epoch: 275/1500, this epoch time: 0.86s Train loss/score: 0.2074/0.8568
Run: 1/10, Epoch: 275/1500, Average Train epoch time: 0.87s, Average Eval epoch time: 0.48s
Loss: 0.2074 Train/Val/Test loss: 0.6407/0.7970/0.8591
Train/Val/Test: 0.7713/0.6778/0.6539
Best val/Final test score/Best Step: 0.6872/0.6512/230
Run: 1/10, Epoch: 276/1500, this epoch time: 0.86s Train loss/score: 0.2037/0.8678
Run: 1/10, Epoch: 277/1500, this epoch time: 0.87s Train loss/score: 0.2020/0.8684
Run: 1/10, Epoch: 278/1500, this epoch time: 0.86s Train loss/score: 0.1988/0.8678
Run: 1/10, Epoch: 279/1500, this epoch time: 0.86s Train loss/score: 0.2011/0.8663
Run: 1/10, Epoch: 280/1500, this epoch time: 0.87s Train loss/score: 0.2005/0.8726
Run: 1/10, Epoch: 280/1500, Average Train epoch time: 0.87s, Average Eval epoch time: 0.48s
Loss: 0.2005 Train/Val/Test loss: 0.7275/0.8986/0.9543
Train/Val/Test: 0.7621/0.6672/0.6496
Best val/Final test score/Best Step: 0.6872/0.6512/230
Run: 1/10, Epoch: 281/1500, this epoch time: 0.86s Train loss/score: 0.1974/0.8664
Run: 1/10, Epoch: 282/1500, this epoch time: 0.87s Train loss/score: 0.1972/0.8685
Run: 1/10, Epoch: 283/1500, this epoch time: 0.87s Train loss/score: 0.1942/0.8774
Run: 1/10, Epoch: 284/1500, this epoch time: 0.87s Train loss/score: 0.1938/0.8740
Run: 1/10, Epoch: 285/1500, this epoch time: 0.87s Train loss/score: 0.1932/0.8657
Run: 1/10, Epoch: 285/1500, Average Train epoch time: 0.87s, Average Eval epoch time: 0.48s
Loss: 0.1932 Train/Val/Test loss: 0.6375/0.8117/0.8736
Train/Val/Test: 0.7694/0.6670/0.6397
Best val/Final test score/Best Step: 0.6872/0.6512/230
Run: 1/10, Epoch: 286/1500, this epoch time: 0.92s Train loss/score: 0.1932/0.8752
Run: 1/10, Epoch: 287/1500, this epoch time: 0.94s Train loss/score: 0.1927/0.8767
Run: 1/10, Epoch: 288/1500, this epoch time: 0.95s Train loss/score: 0.1891/0.8785
Run: 1/10, Epoch: 289/1500, this epoch time: 0.86s Train loss/score: 0.1890/0.8685
Run: 1/10, Epoch: 290/1500, this epoch time: 0.86s Train loss/score: 0.1911/0.8758
Run: 1/10, Epoch: 290/1500, Average Train epoch time: 0.87s, Average Eval epoch time: 0.48s
Loss: 0.1911 Train/Val/Test loss: 0.5502/0.7438/0.7882
Train/Val/Test: 0.7946/0.6693/0.6598
Best val/Final test score/Best Step: 0.6872/0.6512/230
Run: 1/10, Epoch: 291/1500, this epoch time: 0.86s Train loss/score: 0.1880/0.8833
Run: 1/10, Epoch: 292/1500, this epoch time: 0.86s Train loss/score: 0.1898/0.8755
Run: 1/10, Epoch: 293/1500, this epoch time: 0.86s Train loss/score: 0.1833/0.8775
Run: 1/10, Epoch: 294/1500, this epoch time: 0.85s Train loss/score: 0.1867/0.8797
Run: 1/10, Epoch: 295/1500, this epoch time: 0.86s Train loss/score: 0.1844/0.8821
Run: 1/10, Epoch: 295/1500, Average Train epoch time: 0.87s, Average Eval epoch time: 0.48s
Loss: 0.1844 Train/Val/Test loss: 0.5431/0.7380/0.7919
Train/Val/Test: 0.7935/0.6728/0.6537
Best val/Final test score/Best Step: 0.6872/0.6512/230
Run: 1/10, Epoch: 296/1500, this epoch time: 0.86s Train loss/score: 0.1856/0.8777
Run: 1/10, Epoch: 297/1500, this epoch time: 0.86s Train loss/score: 0.1793/0.8842
Run: 1/10, Epoch: 298/1500, this epoch time: 0.86s Train loss/score: 0.1812/0.8852
Run: 1/10, Epoch: 299/1500, this epoch time: 0.86s Train loss/score: 0.1805/0.8816
Run: 1/10, Epoch: 300/1500, this epoch time: 0.93s Train loss/score: 0.1775/0.8852
Run: 1/10, Epoch: 300/1500, Average Train epoch time: 0.87s, Average Eval epoch time: 0.48s
Loss: 0.1775 Train/Val/Test loss: 0.7936/0.9805/1.0417
Train/Val/Test: 0.7576/0.6602/0.6445
Best val/Final test score/Best Step: 0.6872/0.6512/230
Run: 1/10, Epoch: 301/1500, this epoch time: 0.92s Train loss/score: 0.1781/0.8819
Run: 1/10, Epoch: 302/1500, this epoch time: 0.93s Train loss/score: 0.1783/0.8858
Run: 1/10, Epoch: 303/1500, this epoch time: 0.86s Train loss/score: 0.1769/0.8890
Run: 1/10, Epoch: 304/1500, this epoch time: 0.86s Train loss/score: 0.1767/0.8842
Run: 1/10, Epoch: 305/1500, this epoch time: 0.86s Train loss/score: 0.1728/0.8811
Run: 1/10, Epoch: 305/1500, Average Train epoch time: 0.87s, Average Eval epoch time: 0.48s
Loss: 0.1728 Train/Val/Test loss: 0.5926/0.7881/0.8381
Train/Val/Test: 0.7865/0.6762/0.6539
Best val/Final test score/Best Step: 0.6872/0.6512/230
Run: 1/10, Epoch: 306/1500, this epoch time: 0.88s Train loss/score: 0.1736/0.8871
Run: 1/10, Epoch: 307/1500, this epoch time: 0.86s Train loss/score: 0.1746/0.8923
Run: 1/10, Epoch: 308/1500, this epoch time: 0.86s Train loss/score: 0.1695/0.8910
Run: 1/10, Epoch: 309/1500, this epoch time: 0.87s Train loss/score: 0.1720/0.8907
Run: 1/10, Epoch: 310/1500, this epoch time: 0.86s Train loss/score: 0.1698/0.8912
Run: 1/10, Epoch: 310/1500, Average Train epoch time: 0.87s, Average Eval epoch time: 0.48s
Loss: 0.1698 Train/Val/Test loss: 0.5011/0.7034/0.7509
Train/Val/Test: 0.7824/0.6575/0.6470
Best val/Final test score/Best Step: 0.6872/0.6512/230
Run: 1/10, Epoch: 311/1500, this epoch time: 0.86s Train loss/score: 0.1712/0.8895
Run: 1/10, Epoch: 312/1500, this epoch time: 0.87s Train loss/score: 0.1684/0.8898
Run: 1/10, Epoch: 313/1500, this epoch time: 0.92s Train loss/score: 0.1708/0.8909
Run: 1/10, Epoch: 314/1500, this epoch time: 0.93s Train loss/score: 0.1667/0.9004
Run: 1/10, Epoch: 315/1500, this epoch time: 0.93s Train loss/score: 0.1672/0.8961
Run: 1/10, Epoch: 315/1500, Average Train epoch time: 0.87s, Average Eval epoch time: 0.48s
Loss: 0.1672 Train/Val/Test loss: 0.4465/0.6681/0.7106
Train/Val/Test: 0.8159/0.6801/0.6608
Best val/Final test score/Best Step: 0.6872/0.6512/230
Run: 1/10, Epoch: 316/1500, this epoch time: 0.87s Train loss/score: 0.1662/0.8850
Run: 1/10, Epoch: 317/1500, this epoch time: 0.86s Train loss/score: 0.1656/0.8916
Run: 1/10, Epoch: 318/1500, this epoch time: 0.86s Train loss/score: 0.1660/0.8976
Run: 1/10, Epoch: 319/1500, this epoch time: 0.87s Train loss/score: 0.1672/0.8943
Run: 1/10, Epoch: 320/1500, this epoch time: 0.86s Train loss/score: 0.1632/0.8918
Run: 1/10, Epoch: 320/1500, Average Train epoch time: 0.87s, Average Eval epoch time: 0.48s
Loss: 0.1632 Train/Val/Test loss: 0.4678/0.6826/0.7255
Train/Val/Test: 0.8017/0.6717/0.6570
Best val/Final test score/Best Step: 0.6872/0.6512/230
Run: 1/10, Epoch: 321/1500, this epoch time: 0.86s Train loss/score: 0.1591/0.8972
Run: 1/10, Epoch: 322/1500, this epoch time: 0.86s Train loss/score: 0.1612/0.9031
Run: 1/10, Epoch: 323/1500, this epoch time: 0.86s Train loss/score: 0.1623/0.9005
Run: 1/10, Epoch: 324/1500, this epoch time: 0.86s Train loss/score: 0.1611/0.8927
Run: 1/10, Epoch: 325/1500, this epoch time: 0.86s Train loss/score: 0.1572/0.9015
Run: 1/10, Epoch: 325/1500, Average Train epoch time: 0.87s, Average Eval epoch time: 0.48s
Loss: 0.1572 Train/Val/Test loss: 0.4157/0.6426/0.6821
Train/Val/Test: 0.8137/0.6633/0.6542
Best val/Final test score/Best Step: 0.6872/0.6512/230
Run: 1/10, Epoch: 326/1500, this epoch time: 0.87s Train loss/score: 0.1584/0.9002
Run: 1/10, Epoch: 327/1500, this epoch time: 0.91s Train loss/score: 0.1572/0.8976
Run: 1/10, Epoch: 328/1500, this epoch time: 0.93s Train loss/score: 0.1568/0.8980
Run: 1/10, Epoch: 329/1500, this epoch time: 0.92s Train loss/score: 0.1594/0.9013
Run: 1/10, Epoch: 330/1500, this epoch time: 0.86s Train loss/score: 0.1528/0.9105
Run: 1/10, Epoch: 330/1500, Average Train epoch time: 0.87s, Average Eval epoch time: 0.48s
Loss: 0.1528 Train/Val/Test loss: 0.8101/1.0375/1.0991
Train/Val/Test: 0.7554/0.6485/0.6310
Best val/Final test score/Best Step: 0.6872/0.6512/230
Run: 1/10, Epoch: 331/1500, this epoch time: 0.86s Train loss/score: 0.1552/0.9024
Run: 1/10, Epoch: 332/1500, this epoch time: 0.88s Train loss/score: 0.1527/0.8997
Run: 1/10, Epoch: 333/1500, this epoch time: 0.86s Train loss/score: 0.1534/0.9015
Run: 1/10, Epoch: 334/1500, this epoch time: 0.87s Train loss/score: 0.1540/0.9011
Run: 1/10, Epoch: 335/1500, this epoch time: 0.86s Train loss/score: 0.1537/0.9039
Run: 1/10, Epoch: 335/1500, Average Train epoch time: 0.87s, Average Eval epoch time: 0.48s
Loss: 0.1537 Train/Val/Test loss: 0.6189/0.8522/0.9040
Train/Val/Test: 0.7834/0.6609/0.6417
Best val/Final test score/Best Step: 0.6872/0.6512/230
Run: 1/10, Epoch: 336/1500, this epoch time: 0.87s Train loss/score: 0.1499/0.9078
Run: 1/10, Epoch: 337/1500, this epoch time: 0.86s Train loss/score: 0.1484/0.9054
Run: 1/10, Epoch: 338/1500, this epoch time: 0.87s Train loss/score: 0.1516/0.9022
Run: 1/10, Epoch: 339/1500, this epoch time: 0.87s Train loss/score: 0.1479/0.9031
Run: 1/10, Epoch: 340/1500, this epoch time: 0.87s Train loss/score: 0.1470/0.9108
Run: 1/10, Epoch: 340/1500, Average Train epoch time: 0.87s, Average Eval epoch time: 0.48s
Loss: 0.1470 Train/Val/Test loss: 0.4674/0.7131/0.7491
Train/Val/Test: 0.8236/0.6820/0.6766
Best val/Final test score/Best Step: 0.6872/0.6512/230
Run: 1/10, Epoch: 341/1500, this epoch time: 0.93s Train loss/score: 0.1475/0.9088
Run: 1/10, Epoch: 342/1500, this epoch time: 0.94s Train loss/score: 0.1472/0.9107
Run: 1/10, Epoch: 343/1500, this epoch time: 0.92s Train loss/score: 0.1460/0.9099
Run: 1/10, Epoch: 344/1500, this epoch time: 0.86s Train loss/score: 0.1452/0.9084
Run: 1/10, Epoch: 345/1500, this epoch time: 0.87s Train loss/score: 0.1444/0.9110
Run: 1/10, Epoch: 345/1500, Average Train epoch time: 0.87s, Average Eval epoch time: 0.48s
Loss: 0.1444 Train/Val/Test loss: 0.4801/0.7233/0.7598
Train/Val/Test: 0.8201/0.6817/0.6724
Best val/Final test score/Best Step: 0.6872/0.6512/230
Run: 1/10, Epoch: 346/1500, this epoch time: 0.87s Train loss/score: 0.1428/0.9074
Run: 1/10, Epoch: 347/1500, this epoch time: 0.86s Train loss/score: 0.1471/0.9096
Run: 1/10, Epoch: 348/1500, this epoch time: 0.86s Train loss/score: 0.1425/0.9137
Run: 1/10, Epoch: 349/1500, this epoch time: 0.87s Train loss/score: 0.1426/0.9130
Run: 1/10, Epoch: 350/1500, this epoch time: 0.86s Train loss/score: 0.1403/0.9104
Run: 1/10, Epoch: 350/1500, Average Train epoch time: 0.87s, Average Eval epoch time: 0.48s
Loss: 0.1403 Train/Val/Test loss: 0.4754/0.7225/0.7622
Train/Val/Test: 0.8226/0.6798/0.6647
Best val/Final test score/Best Step: 0.6872/0.6512/230
Run: 1/10, Epoch: 351/1500, this epoch time: 0.86s Train loss/score: 0.1412/0.9092
Run: 1/10, Epoch: 352/1500, this epoch time: 0.87s Train loss/score: 0.1375/0.9128
Run: 1/10, Epoch: 353/1500, this epoch time: 0.86s Train loss/score: 0.1436/0.9116
Run: 1/10, Epoch: 354/1500, this epoch time: 0.88s Train loss/score: 0.1391/0.9143
Run: 1/10, Epoch: 355/1500, this epoch time: 0.91s Train loss/score: 0.1365/0.9175
Run: 1/10, Epoch: 355/1500, Average Train epoch time: 0.87s, Average Eval epoch time: 0.48s
Loss: 0.1365 Train/Val/Test loss: 0.4555/0.7030/0.7457
Train/Val/Test: 0.8261/0.6808/0.6670
Best val/Final test score/Best Step: 0.6872/0.6512/230
Run: 1/10, Epoch: 356/1500, this epoch time: 0.92s Train loss/score: 0.1352/0.9163
Run: 1/10, Epoch: 357/1500, this epoch time: 0.92s Train loss/score: 0.1387/0.9164
Run: 1/10, Epoch: 358/1500, this epoch time: 0.87s Train loss/score: 0.1368/0.9144
Run: 1/10, Epoch: 359/1500, this epoch time: 0.87s Train loss/score: 0.1374/0.9134
Run: 1/10, Epoch: 360/1500, this epoch time: 0.87s Train loss/score: 0.1382/0.9160
Run: 1/10, Epoch: 360/1500, Average Train epoch time: 0.87s, Average Eval epoch time: 0.48s
Loss: 0.1382 Train/Val/Test loss: 0.4283/0.6900/0.7317
Train/Val/Test: 0.8321/0.6780/0.6646
Best val/Final test score/Best Step: 0.6872/0.6512/230
Run: 1/10, Epoch: 361/1500, this epoch time: 0.86s Train loss/score: 0.1374/0.9143
Run: 1/10, Epoch: 362/1500, this epoch time: 0.86s Train loss/score: 0.1333/0.9198
Run: 1/10, Epoch: 363/1500, this epoch time: 0.86s Train loss/score: 0.1349/0.9116
Run: 1/10, Epoch: 364/1500, this epoch time: 0.86s Train loss/score: 0.1344/0.9178
Run: 1/10, Epoch: 365/1500, this epoch time: 0.88s Train loss/score: 0.1349/0.9199
Run: 1/10, Epoch: 365/1500, Average Train epoch time: 0.87s, Average Eval epoch time: 0.48s
Loss: 0.1349 Train/Val/Test loss: 0.5183/0.7800/0.8262
Train/Val/Test: 0.8177/0.6788/0.6592
Best val/Final test score/Best Step: 0.6872/0.6512/230
Run: 1/10, Epoch: 366/1500, this epoch time: 0.86s Train loss/score: 0.1334/0.9144
Run: 1/10, Epoch: 367/1500, this epoch time: 0.87s Train loss/score: 0.1328/0.9155
Run: 1/10, Epoch: 368/1500, this epoch time: 0.94s Train loss/score: 0.1339/0.9176
Run: 1/10, Epoch: 369/1500, this epoch time: 0.93s Train loss/score: 0.1319/0.9196
Run: 1/10, Epoch: 370/1500, this epoch time: 0.95s Train loss/score: 0.1294/0.9200
Run: 1/10, Epoch: 370/1500, Average Train epoch time: 0.87s, Average Eval epoch time: 0.49s
Loss: 0.1294 Train/Val/Test loss: 0.4881/0.7494/0.7999
Train/Val/Test: 0.8229/0.6746/0.6574
Best val/Final test score/Best Step: 0.6872/0.6512/230
Run: 1/10, Epoch: 371/1500, this epoch time: 0.89s Train loss/score: 0.1293/0.9212
Run: 1/10, Epoch: 372/1500, this epoch time: 0.86s Train loss/score: 0.1297/0.9218
Run: 1/10, Epoch: 373/1500, this epoch time: 0.86s Train loss/score: 0.1303/0.9186
Run: 1/10, Epoch: 374/1500, this epoch time: 0.86s Train loss/score: 0.1298/0.9219
Run: 1/10, Epoch: 375/1500, this epoch time: 0.86s Train loss/score: 0.1284/0.9188
Run: 1/10, Epoch: 375/1500, Average Train epoch time: 0.87s, Average Eval epoch time: 0.49s
Loss: 0.1284 Train/Val/Test loss: 0.4062/0.6721/0.7114
Train/Val/Test: 0.8373/0.6802/0.6620
Best val/Final test score/Best Step: 0.6872/0.6512/230
Run: 1/10, Epoch: 376/1500, this epoch time: 0.86s Train loss/score: 0.1297/0.9199
Run: 1/10, Epoch: 377/1500, this epoch time: 0.87s Train loss/score: 0.1289/0.9207
Run: 1/10, Epoch: 378/1500, this epoch time: 0.86s Train loss/score: 0.1302/0.9181
Run: 1/10, Epoch: 379/1500, this epoch time: 0.86s Train loss/score: 0.1274/0.9226
Run: 1/10, Epoch: 380/1500, this epoch time: 0.86s Train loss/score: 0.1260/0.9252
Run: 1/10, Epoch: 380/1500, Average Train epoch time: 0.87s, Average Eval epoch time: 0.49s
Loss: 0.1260 Train/Val/Test loss: 0.4074/0.6819/0.7246
Train/Val/Test: 0.8318/0.6683/0.6549
Best val/Final test score/Best Step: 0.6872/0.6512/230
Run: 1/10, Epoch: 381/1500, this epoch time: 0.90s Train loss/score: 0.1285/0.9184
Run: 1/10, Epoch: 382/1500, this epoch time: 0.92s Train loss/score: 0.1235/0.9207
Run: 1/10, Epoch: 383/1500, this epoch time: 0.92s Train loss/score: 0.1262/0.9229
Run: 1/10, Epoch: 384/1500, this epoch time: 0.93s Train loss/score: 0.1239/0.9264
Run: 1/10, Epoch: 385/1500, this epoch time: 0.85s Train loss/score: 0.1236/0.9256
Run: 1/10, Epoch: 385/1500, Average Train epoch time: 0.87s, Average Eval epoch time: 0.49s
Loss: 0.1236 Train/Val/Test loss: 0.4886/0.7542/0.8040
Train/Val/Test: 0.8231/0.6738/0.6594
Best val/Final test score/Best Step: 0.6872/0.6512/230
Run: 1/10, Epoch: 386/1500, this epoch time: 0.86s Train loss/score: 0.1229/0.9252
Run: 1/10, Epoch: 387/1500, this epoch time: 0.87s Train loss/score: 0.1228/0.9262
Run: 1/10, Epoch: 388/1500, this epoch time: 0.86s Train loss/score: 0.1246/0.9226
Run: 1/10, Epoch: 389/1500, this epoch time: 0.86s Train loss/score: 0.1229/0.9257
Run: 1/10, Epoch: 390/1500, this epoch time: 0.86s Train loss/score: 0.1234/0.9201
Run: 1/10, Epoch: 390/1500, Average Train epoch time: 0.87s, Average Eval epoch time: 0.49s
Loss: 0.1234 Train/Val/Test loss: 0.4971/0.7662/0.8127
Train/Val/Test: 0.8188/0.6723/0.6570
Best val/Final test score/Best Step: 0.6872/0.6512/230
Run: 1/10, Epoch: 391/1500, this epoch time: 0.86s Train loss/score: 0.1207/0.9269
Run: 1/10, Epoch: 392/1500, this epoch time: 0.86s Train loss/score: 0.1228/0.9244
Run: 1/10, Epoch: 393/1500, this epoch time: 0.86s Train loss/score: 0.1197/0.9274
Run: 1/10, Epoch: 394/1500, this epoch time: 0.86s Train loss/score: 0.1205/0.9278
Run: 1/10, Epoch: 395/1500, this epoch time: 0.91s Train loss/score: 0.1176/0.9255
Run: 1/10, Epoch: 395/1500, Average Train epoch time: 0.87s, Average Eval epoch time: 0.49s
Loss: 0.1176 Train/Val/Test loss: 0.5175/0.8098/0.8607
Train/Val/Test: 0.8256/0.6773/0.6650
Best val/Final test score/Best Step: 0.6872/0.6512/230
Run: 1/10, Epoch: 396/1500, this epoch time: 0.93s Train loss/score: 0.1208/0.9267
Run: 1/10, Epoch: 397/1500, this epoch time: 0.93s Train loss/score: 0.1193/0.9270
Run: 1/10, Epoch: 398/1500, this epoch time: 0.86s Train loss/score: 0.1206/0.9280
Run: 1/10, Epoch: 399/1500, this epoch time: 0.86s Train loss/score: 0.1188/0.9279
Run: 1/10, Epoch: 400/1500, this epoch time: 0.86s Train loss/score: 0.1192/0.9256
Run: 1/10, Epoch: 400/1500, Average Train epoch time: 0.87s, Average Eval epoch time: 0.49s
Loss: 0.1192 Train/Val/Test loss: 0.4737/0.7590/0.8075
Train/Val/Test: 0.8303/0.6756/0.6603
Best val/Final test score/Best Step: 0.6872/0.6512/230
Run: 1/10, Epoch: 401/1500, this epoch time: 0.87s Train loss/score: 0.1208/0.9264
Run: 1/10, Epoch: 402/1500, this epoch time: 0.86s Train loss/score: 0.1162/0.9326
Run: 1/10, Epoch: 403/1500, this epoch time: 0.86s Train loss/score: 0.1185/0.9283
Run: 1/10, Epoch: 404/1500, this epoch time: 0.86s Train loss/score: 0.1198/0.9244
Run: 1/10, Epoch: 405/1500, this epoch time: 0.87s Train loss/score: 0.1179/0.9262
Run: 1/10, Epoch: 405/1500, Average Train epoch time: 0.87s, Average Eval epoch time: 0.49s
Loss: 0.1179 Train/Val/Test loss: 0.4322/0.7208/0.7624
Train/Val/Test: 0.8373/0.6715/0.6597
Best val/Final test score/Best Step: 0.6872/0.6512/230
Run: 1/10, Epoch: 406/1500, this epoch time: 0.86s Train loss/score: 0.1149/0.9329
Run: 1/10, Epoch: 407/1500, this epoch time: 0.86s Train loss/score: 0.1137/0.9317
Run: 1/10, Epoch: 408/1500, this epoch time: 0.87s Train loss/score: 0.1145/0.9294
Run: 1/10, Epoch: 409/1500, this epoch time: 0.90s Train loss/score: 0.1185/0.9246
Run: 1/10, Epoch: 410/1500, this epoch time: 0.93s Train loss/score: 0.1133/0.9283
Run: 1/10, Epoch: 410/1500, Average Train epoch time: 0.87s, Average Eval epoch time: 0.49s
Loss: 0.1133 Train/Val/Test loss: 0.3949/0.6922/0.7365
Train/Val/Test: 0.8428/0.6763/0.6646
Best val/Final test score/Best Step: 0.6872/0.6512/230
Run: 1/10, Epoch: 411/1500, this epoch time: 0.92s Train loss/score: 0.1147/0.9324
Run: 1/10, Epoch: 412/1500, this epoch time: 0.86s Train loss/score: 0.1155/0.9347
Run: 1/10, Epoch: 413/1500, this epoch time: 0.86s Train loss/score: 0.1141/0.9270
Run: 1/10, Epoch: 414/1500, this epoch time: 0.86s Train loss/score: 0.1140/0.9269
Run: 1/10, Epoch: 415/1500, this epoch time: 0.86s Train loss/score: 0.1147/0.9274
Run: 1/10, Epoch: 415/1500, Average Train epoch time: 0.87s, Average Eval epoch time: 0.49s
Loss: 0.1147 Train/Val/Test loss: 0.5408/0.8324/0.8884
Train/Val/Test: 0.8141/0.6688/0.6527
Best val/Final test score/Best Step: 0.6872/0.6512/230
Run: 1/10, Epoch: 416/1500, this epoch time: 0.86s Train loss/score: 0.1131/0.9340
Run: 1/10, Epoch: 417/1500, this epoch time: 0.86s Train loss/score: 0.1121/0.9368
Run: 1/10, Epoch: 418/1500, this epoch time: 0.86s Train loss/score: 0.1141/0.9350
Run: 1/10, Epoch: 419/1500, this epoch time: 0.87s Train loss/score: 0.1128/0.9311
Run: 1/10, Epoch: 420/1500, this epoch time: 0.86s Train loss/score: 0.1140/0.9267
Run: 1/10, Epoch: 420/1500, Average Train epoch time: 0.87s, Average Eval epoch time: 0.49s
Loss: 0.1140 Train/Val/Test loss: 0.4671/0.7700/0.8231
Train/Val/Test: 0.8297/0.6704/0.6582
Best val/Final test score/Best Step: 0.6872/0.6512/230
Run: 1/10, Epoch: 421/1500, this epoch time: 0.87s Train loss/score: 0.1110/0.9327
Run: 1/10, Epoch: 422/1500, this epoch time: 0.91s Train loss/score: 0.1124/0.9340
Run: 1/10, Epoch: 423/1500, this epoch time: 0.92s Train loss/score: 0.1124/0.9330
Run: 1/10, Epoch: 424/1500, this epoch time: 0.92s Train loss/score: 0.1136/0.9316
Run: 1/10, Epoch: 425/1500, this epoch time: 0.91s Train loss/score: 0.1099/0.9319
Run: 1/10, Epoch: 425/1500, Average Train epoch time: 0.87s, Average Eval epoch time: 0.49s
Loss: 0.1099 Train/Val/Test loss: 0.5359/0.8366/0.8936
Train/Val/Test: 0.8254/0.6792/0.6586
Best val/Final test score/Best Step: 0.6872/0.6512/230
Run: 1/10, Epoch: 426/1500, this epoch time: 0.86s Train loss/score: 0.1092/0.9324
Run: 1/10, Epoch: 427/1500, this epoch time: 0.86s Train loss/score: 0.1099/0.9312
Run: 1/10, Epoch: 428/1500, this epoch time: 0.86s Train loss/score: 0.1115/0.9336
Run: 1/10, Epoch: 429/1500, this epoch time: 0.86s Train loss/score: 0.1094/0.9345
Run: 1/10, Epoch: 430/1500, this epoch time: 0.86s Train loss/score: 0.1101/0.9322
Run: 1/10, Epoch: 430/1500, Average Train epoch time: 0.87s, Average Eval epoch time: 0.49s
Loss: 0.1101 Train/Val/Test loss: 0.4082/0.7174/0.7588
Train/Val/Test: 0.8468/0.6849/0.6637
Best val/Final test score/Best Step: 0.6872/0.6512/230
Run: 1/10, Epoch: 431/1500, this epoch time: 0.86s Train loss/score: 0.1098/0.9300
Run: 1/10, Epoch: 432/1500, this epoch time: 0.86s Train loss/score: 0.1097/0.9338
Run: 1/10, Epoch: 433/1500, this epoch time: 0.86s Train loss/score: 0.1079/0.9374
Run: 1/10, Epoch: 434/1500, this epoch time: 0.86s Train loss/score: 0.1091/0.9345
Run: 1/10, Epoch: 435/1500, this epoch time: 0.87s Train loss/score: 0.1100/0.9332
Run: 1/10, Epoch: 435/1500, Average Train epoch time: 0.87s, Average Eval epoch time: 0.49s
Loss: 0.1100 Train/Val/Test loss: 0.4823/0.7998/0.8506
Train/Val/Test: 0.8326/0.6744/0.6574
Best val/Final test score/Best Step: 0.6872/0.6512/230
Run: 1/10, Epoch: 436/1500, this epoch time: 0.91s Train loss/score: 0.1097/0.9316
Run: 1/10, Epoch: 437/1500, this epoch time: 0.93s Train loss/score: 0.1073/0.9340
Run: 1/10, Epoch: 438/1500, this epoch time: 0.92s Train loss/score: 0.1095/0.9309
Run: 1/10, Epoch: 439/1500, this epoch time: 0.87s Train loss/score: 0.1080/0.9356
Run: 1/10, Epoch: 440/1500, this epoch time: 0.86s Train loss/score: 0.1075/0.9374
Run: 1/10, Epoch: 440/1500, Average Train epoch time: 0.87s, Average Eval epoch time: 0.49s
Loss: 0.1075 Train/Val/Test loss: 0.4479/0.7749/0.8250
Train/Val/Test: 0.8300/0.6647/0.6507
Best val/Final test score/Best Step: 0.6872/0.6512/230
Run: 1/10, Epoch: 441/1500, this epoch time: 0.86s Train loss/score: 0.1084/0.9355
Run: 1/10, Epoch: 442/1500, this epoch time: 0.87s Train loss/score: 0.1059/0.9384
Run: 1/10, Epoch: 443/1500, this epoch time: 0.86s Train loss/score: 0.1055/0.9339
Run: 1/10, Epoch: 444/1500, this epoch time: 0.86s Train loss/score: 0.1037/0.9333
Run: 1/10, Epoch: 445/1500, this epoch time: 0.86s Train loss/score: 0.1052/0.9349
Run: 1/10, Epoch: 445/1500, Average Train epoch time: 0.87s, Average Eval epoch time: 0.49s
Loss: 0.1052 Train/Val/Test loss: 0.4690/0.8071/0.8666
Train/Val/Test: 0.8317/0.6691/0.6554
Best val/Final test score/Best Step: 0.6872/0.6512/230
Run: 1/10, Epoch: 446/1500, this epoch time: 0.86s Train loss/score: 0.1047/0.9375
Run: 1/10, Epoch: 447/1500, this epoch time: 0.86s Train loss/score: 0.1049/0.9401
Run: 1/10, Epoch: 448/1500, this epoch time: 0.87s Train loss/score: 0.1028/0.9375
Run: 1/10, Epoch: 449/1500, this epoch time: 0.86s Train loss/score: 0.1066/0.9348
Run: 1/10, Epoch: 450/1500, this epoch time: 0.91s Train loss/score: 0.1068/0.9327
Run: 1/10, Epoch: 450/1500, Average Train epoch time: 0.87s, Average Eval epoch time: 0.49s
Loss: 0.1068 Train/Val/Test loss: 0.5115/0.8386/0.8955
Train/Val/Test: 0.8329/0.6804/0.6609
Best val/Final test score/Best Step: 0.6872/0.6512/230
Run: 1/10, Epoch: 451/1500, this epoch time: 0.93s Train loss/score: 0.1078/0.9334
Run: 1/10, Epoch: 452/1500, this epoch time: 0.92s Train loss/score: 0.1055/0.9368
Run: 1/10, Epoch: 453/1500, this epoch time: 0.86s Train loss/score: 0.1045/0.9363
Run: 1/10, Epoch: 454/1500, this epoch time: 0.86s Train loss/score: 0.1013/0.9386
Run: 1/10, Epoch: 455/1500, this epoch time: 0.87s Train loss/score: 0.1042/0.9378
Run: 1/10, Epoch: 455/1500, Average Train epoch time: 0.87s, Average Eval epoch time: 0.49s
Loss: 0.1042 Train/Val/Test loss: 0.4418/0.7630/0.8155
Train/Val/Test: 0.8402/0.6754/0.6645
Best val/Final test score/Best Step: 0.6872/0.6512/230
Run: 1/10, Epoch: 456/1500, this epoch time: 0.86s Train loss/score: 0.1059/0.9346
Run: 1/10, Epoch: 457/1500, this epoch time: 0.86s Train loss/score: 0.1013/0.9388
Run: 1/10, Epoch: 458/1500, this epoch time: 0.87s Train loss/score: 0.1029/0.9388
Run: 1/10, Epoch: 459/1500, this epoch time: 0.86s Train loss/score: 0.1041/0.9369
Run: 1/10, Epoch: 460/1500, this epoch time: 0.86s Train loss/score: 0.1050/0.9350
Run: 1/10, Epoch: 460/1500, Average Train epoch time: 0.87s, Average Eval epoch time: 0.49s
Loss: 0.1050 Train/Val/Test loss: 0.4128/0.7295/0.7767
Train/Val/Test: 0.8438/0.6738/0.6639
Best val/Final test score/Best Step: 0.6872/0.6512/230
Run: 1/10, Epoch: 461/1500, this epoch time: 0.86s Train loss/score: 0.1025/0.9385
Run: 1/10, Epoch: 462/1500, this epoch time: 0.86s Train loss/score: 0.1043/0.9339
Run: 1/10, Epoch: 463/1500, this epoch time: 0.87s Train loss/score: 0.1042/0.9341
Run: 1/10, Epoch: 464/1500, this epoch time: 0.92s Train loss/score: 0.1022/0.9418
Run: 1/10, Epoch: 465/1500, this epoch time: 0.92s Train loss/score: 0.1034/0.9402
Run: 1/10, Epoch: 465/1500, Average Train epoch time: 0.87s, Average Eval epoch time: 0.49s
Loss: 0.1034 Train/Val/Test loss: 0.4963/0.8144/0.8701
Train/Val/Test: 0.8289/0.6750/0.6598
Best val/Final test score/Best Step: 0.6872/0.6512/230
Run: 1/10, Epoch: 466/1500, this epoch time: 0.92s Train loss/score: 0.1032/0.9362
Run: 1/10, Epoch: 467/1500, this epoch time: 0.86s Train loss/score: 0.1017/0.9356
Run: 1/10, Epoch: 468/1500, this epoch time: 0.86s Train loss/score: 0.1024/0.9348
Run: 1/10, Epoch: 469/1500, this epoch time: 0.87s Train loss/score: 0.1016/0.9385
Run: 1/10, Epoch: 470/1500, this epoch time: 0.87s Train loss/score: 0.0996/0.9432
Run: 1/10, Epoch: 470/1500, Average Train epoch time: 0.87s, Average Eval epoch time: 0.49s
Loss: 0.0996 Train/Val/Test loss: 0.5012/0.8227/0.8793
Train/Val/Test: 0.8275/0.6744/0.6579
Best val/Final test score/Best Step: 0.6872/0.6512/230
Run: 1/10, Epoch: 471/1500, this epoch time: 0.86s Train loss/score: 0.1015/0.9406
Run: 1/10, Epoch: 472/1500, this epoch time: 0.86s Train loss/score: 0.1006/0.9409
Run: 1/10, Epoch: 473/1500, this epoch time: 0.86s Train loss/score: 0.0994/0.9378
Run: 1/10, Epoch: 474/1500, this epoch time: 0.86s Train loss/score: 0.0999/0.9380
Run: 1/10, Epoch: 475/1500, this epoch time: 0.86s Train loss/score: 0.0989/0.9431
Run: 1/10, Epoch: 475/1500, Average Train epoch time: 0.87s, Average Eval epoch time: 0.49s
Loss: 0.0989 Train/Val/Test loss: 0.3674/0.6940/0.7398
Train/Val/Test: 0.8481/0.6699/0.6563
Best val/Final test score/Best Step: 0.6872/0.6512/230
Run: 1/10, Epoch: 476/1500, this epoch time: 0.87s Train loss/score: 0.1011/0.9404
Run: 1/10, Epoch: 477/1500, this epoch time: 0.92s Train loss/score: 0.1016/0.9362
Run: 1/10, Epoch: 478/1500, this epoch time: 0.93s Train loss/score: 0.0980/0.9378
Run: 1/10, Epoch: 479/1500, this epoch time: 0.92s Train loss/score: 0.1000/0.9353
Run: 1/10, Epoch: 480/1500, this epoch time: 0.91s Train loss/score: 0.0999/0.9394
Run: 1/10, Epoch: 480/1500, Average Train epoch time: 0.87s, Average Eval epoch time: 0.49s
Loss: 0.0999 Train/Val/Test loss: 0.4465/0.7767/0.8304
Train/Val/Test: 0.8424/0.6761/0.6636
Best val/Final test score/Best Step: 0.6872/0.6512/230
Run: 1/10, Epoch: 481/1500, this epoch time: 0.86s Train loss/score: 0.1005/0.9426
Run: 1/10, Epoch: 482/1500, this epoch time: 0.87s Train loss/score: 0.0981/0.9447
Run: 1/10, Epoch: 483/1500, this epoch time: 0.86s Train loss/score: 0.0989/0.9408
Run: 1/10, Epoch: 484/1500, this epoch time: 0.86s Train loss/score: 0.0980/0.9402
Run: 1/10, Epoch: 485/1500, this epoch time: 0.86s Train loss/score: 0.0984/0.9375
Run: 1/10, Epoch: 485/1500, Average Train epoch time: 0.87s, Average Eval epoch time: 0.49s
Loss: 0.0984 Train/Val/Test loss: 0.4400/0.7670/0.8169
Train/Val/Test: 0.8425/0.6788/0.6639
Best val/Final test score/Best Step: 0.6872/0.6512/230
Run: 1/10, Epoch: 486/1500, this epoch time: 0.86s Train loss/score: 0.0989/0.9398
Run: 1/10, Epoch: 487/1500, this epoch time: 0.86s Train loss/score: 0.0987/0.9403
Run: 1/10, Epoch: 488/1500, this epoch time: 0.88s Train loss/score: 0.0967/0.9412
Run: 1/10, Epoch: 489/1500, this epoch time: 0.86s Train loss/score: 0.0957/0.9448
Run: 1/10, Epoch: 490/1500, this epoch time: 0.86s Train loss/score: 0.0952/0.9455
Run: 1/10, Epoch: 490/1500, Average Train epoch time: 0.87s, Average Eval epoch time: 0.49s
Loss: 0.0952 Train/Val/Test loss: 0.4391/0.7734/0.8205
Train/Val/Test: 0.8427/0.6748/0.6662
Best val/Final test score/Best Step: 0.6872/0.6512/230
Run: 1/10, Epoch: 491/1500, this epoch time: 0.92s Train loss/score: 0.0955/0.9435
Run: 1/10, Epoch: 492/1500, this epoch time: 0.93s Train loss/score: 0.0962/0.9435
Run: 1/10, Epoch: 493/1500, this epoch time: 0.92s Train loss/score: 0.0976/0.9412
Run: 1/10, Epoch: 494/1500, this epoch time: 0.86s Train loss/score: 0.0960/0.9394
Run: 1/10, Epoch: 495/1500, this epoch time: 0.86s Train loss/score: 0.0966/0.9424
Run: 1/10, Epoch: 495/1500, Average Train epoch time: 0.87s, Average Eval epoch time: 0.49s
Loss: 0.0966 Train/Val/Test loss: 0.4902/0.8182/0.8736
Train/Val/Test: 0.8366/0.6792/0.6571
Best val/Final test score/Best Step: 0.6872/0.6512/230
Run: 1/10, Epoch: 496/1500, this epoch time: 0.86s Train loss/score: 0.0959/0.9439
Run: 1/10, Epoch: 497/1500, this epoch time: 0.86s Train loss/score: 0.0939/0.9437
Run: 1/10, Epoch: 498/1500, this epoch time: 0.86s Train loss/score: 0.0970/0.9420
Run: 1/10, Epoch: 499/1500, this epoch time: 0.86s Train loss/score: 0.0951/0.9427
Run: 1/10, Epoch: 500/1500, this epoch time: 0.86s Train loss/score: 0.0934/0.9435
Run: 1/10, Epoch: 500/1500, Average Train epoch time: 0.87s, Average Eval epoch time: 0.49s
Loss: 0.0934 Train/Val/Test loss: 0.4417/0.7676/0.8255
Train/Val/Test: 0.8409/0.6779/0.6585
Best val/Final test score/Best Step: 0.6872/0.6512/230
Run: 1/10, Epoch: 501/1500, this epoch time: 0.86s Train loss/score: 0.0983/0.9402
Run: 1/10, Epoch: 502/1500, this epoch time: 0.86s Train loss/score: 0.0943/0.9422
Run: 1/10, Epoch: 503/1500, this epoch time: 0.86s Train loss/score: 0.0912/0.9463
Run: 1/10, Epoch: 504/1500, this epoch time: 0.87s Train loss/score: 0.0973/0.9417
Run: 1/10, Epoch: 505/1500, this epoch time: 0.91s Train loss/score: 0.0920/0.9460
Run: 1/10, Epoch: 505/1500, Average Train epoch time: 0.87s, Average Eval epoch time: 0.49s
Loss: 0.0920 Train/Val/Test loss: 0.4705/0.8043/0.8586
Train/Val/Test: 0.8408/0.6794/0.6603
Best val/Final test score/Best Step: 0.6872/0.6512/230
Run: 1/10, Epoch: 506/1500, this epoch time: 0.91s Train loss/score: 0.0950/0.9432
Run: 1/10, Epoch: 507/1500, this epoch time: 0.94s Train loss/score: 0.0938/0.9408
Run: 1/10, Epoch: 508/1500, this epoch time: 0.86s Train loss/score: 0.0931/0.9415
Run: 1/10, Epoch: 509/1500, this epoch time: 0.86s Train loss/score: 0.0917/0.9456
Run: 1/10, Epoch: 510/1500, this epoch time: 0.86s Train loss/score: 0.0955/0.9432
Run: 1/10, Epoch: 510/1500, Average Train epoch time: 0.87s, Average Eval epoch time: 0.49s
Loss: 0.0955 Train/Val/Test loss: 0.4100/0.7571/0.8122
Train/Val/Test: 0.8470/0.6710/0.6551
Best val/Final test score/Best Step: 0.6872/0.6512/230
Run: 1/10, Epoch: 511/1500, this epoch time: 0.86s Train loss/score: 0.0920/0.9479
Run: 1/10, Epoch: 512/1500, this epoch time: 0.86s Train loss/score: 0.0936/0.9434
Run: 1/10, Epoch: 513/1500, this epoch time: 0.86s Train loss/score: 0.0935/0.9442
Run: 1/10, Epoch: 514/1500, this epoch time: 0.86s Train loss/score: 0.0926/0.9414
Run: 1/10, Epoch: 515/1500, this epoch time: 0.86s Train loss/score: 0.0936/0.9412
Run: 1/10, Epoch: 515/1500, Average Train epoch time: 0.87s, Average Eval epoch time: 0.49s
Loss: 0.0936 Train/Val/Test loss: 0.4801/0.8253/0.8832
Train/Val/Test: 0.8399/0.6846/0.6611
Best val/Final test score/Best Step: 0.6872/0.6512/230
Run: 1/10, Epoch: 516/1500, this epoch time: 0.86s Train loss/score: 0.0920/0.9454
Run: 1/10, Epoch: 517/1500, this epoch time: 0.86s Train loss/score: 0.0926/0.9490
Run: 1/10, Epoch: 518/1500, this epoch time: 0.89s Train loss/score: 0.0927/0.9464
Run: 1/10, Epoch: 519/1500, this epoch time: 0.93s Train loss/score: 0.0909/0.9455
Run: 1/10, Epoch: 520/1500, this epoch time: 0.92s Train loss/score: 0.0950/0.9402
Run: 1/10, Epoch: 520/1500, Average Train epoch time: 0.87s, Average Eval epoch time: 0.49s
Loss: 0.0950 Train/Val/Test loss: 0.4939/0.8463/0.9047
Train/Val/Test: 0.8364/0.6784/0.6648
Best val/Final test score/Best Step: 0.6872/0.6512/230
Run: 1/10, Epoch: 521/1500, this epoch time: 0.87s Train loss/score: 0.0930/0.9421
Run: 1/10, Epoch: 522/1500, this epoch time: 0.88s Train loss/score: 0.0941/0.9421
Run: 1/10, Epoch: 523/1500, this epoch time: 0.86s Train loss/score: 0.0906/0.9460
Run: 1/10, Epoch: 524/1500, this epoch time: 0.87s Train loss/score: 0.0922/0.9459
Run: 1/10, Epoch: 525/1500, this epoch time: 0.87s Train loss/score: 0.0926/0.9436
Run: 1/10, Epoch: 525/1500, Average Train epoch time: 0.87s, Average Eval epoch time: 0.49s
Loss: 0.0926 Train/Val/Test loss: 0.4185/0.7646/0.8152
Train/Val/Test: 0.8481/0.6769/0.6639
Best val/Final test score/Best Step: 0.6872/0.6512/230
Run: 1/10, Epoch: 526/1500, this epoch time: 0.88s Train loss/score: 0.0915/0.9452
Run: 1/10, Epoch: 527/1500, this epoch time: 0.86s Train loss/score: 0.0909/0.9466
Run: 1/10, Epoch: 528/1500, this epoch time: 0.86s Train loss/score: 0.0901/0.9456
Run: 1/10, Epoch: 529/1500, this epoch time: 0.86s Train loss/score: 0.0913/0.9451
Run: 1/10, Epoch: 530/1500, this epoch time: 0.86s Train loss/score: 0.0895/0.9470
Run: 1/10, Epoch: 530/1500, Average Train epoch time: 0.87s, Average Eval epoch time: 0.49s
Loss: 0.0895 Train/Val/Test loss: 0.5011/0.8436/0.9044
Train/Val/Test: 0.8352/0.6795/0.6624
Best val/Final test score/Best Step: 0.6872/0.6512/230
Run: 1/10, Epoch: 531/1500, this epoch time: 0.87s Train loss/score: 0.0907/0.9448
Run: 1/10, Epoch: 532/1500, this epoch time: 0.91s Train loss/score: 0.0906/0.9450
Run: 1/10, Epoch: 533/1500, this epoch time: 0.92s Train loss/score: 0.0914/0.9446
Run: 1/10, Epoch: 534/1500, this epoch time: 0.91s Train loss/score: 0.0907/0.9455
Run: 1/10, Epoch: 535/1500, this epoch time: 0.86s Train loss/score: 0.0903/0.9467
Run: 1/10, Epoch: 535/1500, Average Train epoch time: 0.87s, Average Eval epoch time: 0.49s
Loss: 0.0903 Train/Val/Test loss: 0.4260/0.7704/0.8293
Train/Val/Test: 0.8465/0.6769/0.6625
Best val/Final test score/Best Step: 0.6872/0.6512/230
Run: 1/10, Epoch: 536/1500, this epoch time: 0.86s Train loss/score: 0.0892/0.9456
Run: 1/10, Epoch: 537/1500, this epoch time: 0.86s Train loss/score: 0.0927/0.9425
Run: 1/10, Epoch: 538/1500, this epoch time: 0.86s Train loss/score: 0.0920/0.9467
Run: 1/10, Epoch: 539/1500, this epoch time: 0.85s Train loss/score: 0.0882/0.9464
Run: 1/10, Epoch: 540/1500, this epoch time: 0.86s Train loss/score: 0.0906/0.9437
Run: 1/10, Epoch: 540/1500, Average Train epoch time: 0.87s, Average Eval epoch time: 0.49s
Loss: 0.0906 Train/Val/Test loss: 0.4949/0.8385/0.9009
Train/Val/Test: 0.8362/0.6778/0.6620
Best val/Final test score/Best Step: 0.6872/0.6512/230
Run: 1/10, Epoch: 541/1500, this epoch time: 0.89s Train loss/score: 0.0892/0.9454
Run: 1/10, Epoch: 542/1500, this epoch time: 0.86s Train loss/score: 0.0878/0.9490
Run: 1/10, Epoch: 543/1500, this epoch time: 0.86s Train loss/score: 0.0903/0.9478
Run: 1/10, Epoch: 544/1500, this epoch time: 0.86s Train loss/score: 0.0873/0.9486
Run: 1/10, Epoch: 545/1500, this epoch time: 0.87s Train loss/score: 0.0890/0.9476
Run: 1/10, Epoch: 545/1500, Average Train epoch time: 0.87s, Average Eval epoch time: 0.49s
Loss: 0.0890 Train/Val/Test loss: 0.4770/0.8279/0.8928
Train/Val/Test: 0.8373/0.6699/0.6566
Best val/Final test score/Best Step: 0.6872/0.6512/230
Run: 1/10, Epoch: 546/1500, this epoch time: 0.91s Train loss/score: 0.0910/0.9450
Run: 1/10, Epoch: 547/1500, this epoch time: 0.92s Train loss/score: 0.0901/0.9463
Run: 1/10, Epoch: 548/1500, this epoch time: 0.91s Train loss/score: 0.0887/0.9478
Run: 1/10, Epoch: 549/1500, this epoch time: 0.86s Train loss/score: 0.0886/0.9456
Run: 1/10, Epoch: 550/1500, this epoch time: 0.87s Train loss/score: 0.0883/0.9477
Run: 1/10, Epoch: 550/1500, Average Train epoch time: 0.87s, Average Eval epoch time: 0.49s
Loss: 0.0883 Train/Val/Test loss: 0.4015/0.7497/0.8041
Train/Val/Test: 0.8521/0.6774/0.6620
Best val/Final test score/Best Step: 0.6872/0.6512/230
Run: 1/10, Epoch: 551/1500, this epoch time: 0.87s Train loss/score: 0.0884/0.9462
Run: 1/10, Epoch: 552/1500, this epoch time: 0.86s Train loss/score: 0.0899/0.9464
Run: 1/10, Epoch: 553/1500, this epoch time: 0.87s Train loss/score: 0.0877/0.9487
Run: 1/10, Epoch: 554/1500, this epoch time: 0.86s Train loss/score: 0.0882/0.9460
Run: 1/10, Epoch: 555/1500, this epoch time: 0.86s Train loss/score: 0.0895/0.9478
Run: 1/10, Epoch: 555/1500, Average Train epoch time: 0.87s, Average Eval epoch time: 0.49s
Loss: 0.0895 Train/Val/Test loss: 0.5376/0.8889/0.9555
Train/Val/Test: 0.8296/0.6701/0.6557
Best val/Final test score/Best Step: 0.6872/0.6512/230
Run: 1/10, Epoch: 556/1500, this epoch time: 0.85s Train loss/score: 0.0882/0.9450
Run: 1/10, Epoch: 557/1500, this epoch time: 0.85s Train loss/score: 0.0902/0.9447
Run: 1/10, Epoch: 558/1500, this epoch time: 0.87s Train loss/score: 0.0898/0.9449
Run: 1/10, Epoch: 559/1500, this epoch time: 0.91s Train loss/score: 0.0874/0.9490
Run: 1/10, Epoch: 560/1500, this epoch time: 0.91s Train loss/score: 0.0866/0.9505
Run: 1/10, Epoch: 560/1500, Average Train epoch time: 0.87s, Average Eval epoch time: 0.49s
Loss: 0.0866 Train/Val/Test loss: 0.4539/0.8079/0.8655
Train/Val/Test: 0.8455/0.6768/0.6601
Best val/Final test score/Best Step: 0.6872/0.6512/230
Run: 1/10, Epoch: 561/1500, this epoch time: 0.92s Train loss/score: 0.0884/0.9471
Run: 1/10, Epoch: 562/1500, this epoch time: 0.86s Train loss/score: 0.0871/0.9484
Run: 1/10, Epoch: 563/1500, this epoch time: 0.86s Train loss/score: 0.0889/0.9447
Run: 1/10, Epoch: 564/1500, this epoch time: 0.86s Train loss/score: 0.0863/0.9463
Run: 1/10, Epoch: 565/1500, this epoch time: 0.86s Train loss/score: 0.0884/0.9456
Run: 1/10, Epoch: 565/1500, Average Train epoch time: 0.87s, Average Eval epoch time: 0.49s
Loss: 0.0884 Train/Val/Test loss: 0.4786/0.8421/0.9024
Train/Val/Test: 0.8427/0.6769/0.6585
Best val/Final test score/Best Step: 0.6872/0.6512/230
Run: 1/10, Epoch: 566/1500, this epoch time: 0.86s Train loss/score: 0.0867/0.9469
Run: 1/10, Epoch: 567/1500, this epoch time: 0.86s Train loss/score: 0.0854/0.9496
Run: 1/10, Epoch: 568/1500, this epoch time: 0.87s Train loss/score: 0.0865/0.9490
Run: 1/10, Epoch: 569/1500, this epoch time: 0.86s Train loss/score: 0.0860/0.9486
Run: 1/10, Epoch: 570/1500, this epoch time: 0.85s Train loss/score: 0.0864/0.9502
Run: 1/10, Epoch: 570/1500, Average Train epoch time: 0.87s, Average Eval epoch time: 0.49s
Loss: 0.0864 Train/Val/Test loss: 0.4406/0.8048/0.8592
Train/Val/Test: 0.8492/0.6783/0.6628
Best val/Final test score/Best Step: 0.6872/0.6512/230
Run: 1/10, Epoch: 571/1500, this epoch time: 0.86s Train loss/score: 0.0879/0.9465
Run: 1/10, Epoch: 572/1500, this epoch time: 0.86s Train loss/score: 0.0846/0.9495
Run: 1/10, Epoch: 573/1500, this epoch time: 0.91s Train loss/score: 0.0879/0.9473
Run: 1/10, Epoch: 574/1500, this epoch time: 0.92s Train loss/score: 0.0855/0.9479
Run: 1/10, Epoch: 575/1500, this epoch time: 0.91s Train loss/score: 0.0864/0.9499
Run: 1/10, Epoch: 575/1500, Average Train epoch time: 0.87s, Average Eval epoch time: 0.49s
Loss: 0.0864 Train/Val/Test loss: 0.4323/0.8071/0.8638
Train/Val/Test: 0.8439/0.6661/0.6546
Best val/Final test score/Best Step: 0.6872/0.6512/230
Run: 1/10, Epoch: 576/1500, this epoch time: 0.86s Train loss/score: 0.0857/0.9499
Run: 1/10, Epoch: 577/1500, this epoch time: 0.86s Train loss/score: 0.0867/0.9499
Run: 1/10, Epoch: 578/1500, this epoch time: 0.86s Train loss/score: 0.0854/0.9483
Run: 1/10, Epoch: 579/1500, this epoch time: 0.86s Train loss/score: 0.0860/0.9483
Run: 1/10, Epoch: 580/1500, this epoch time: 0.88s Train loss/score: 0.0871/0.9471
Run: 1/10, Epoch: 580/1500, Average Train epoch time: 0.87s, Average Eval epoch time: 0.49s
Loss: 0.0871 Train/Val/Test loss: 0.4429/0.8161/0.8699
Train/Val/Test: 0.8495/0.6765/0.6617
Best val/Final test score/Best Step: 0.6872/0.6512/230
Run: 1/10, Epoch: 581/1500, this epoch time: 0.86s Train loss/score: 0.0832/0.9527
Run: 1/10, Epoch: 582/1500, this epoch time: 0.86s Train loss/score: 0.0861/0.9496
Run: 1/10, Epoch: 583/1500, this epoch time: 0.86s Train loss/score: 0.0841/0.9500
Run: 1/10, Epoch: 584/1500, this epoch time: 0.86s Train loss/score: 0.0842/0.9506
Run: 1/10, Epoch: 585/1500, this epoch time: 0.86s Train loss/score: 0.0874/0.9483
Run: 1/10, Epoch: 585/1500, Average Train epoch time: 0.87s, Average Eval epoch time: 0.49s
Loss: 0.0874 Train/Val/Test loss: 0.5524/0.9266/0.9922
Train/Val/Test: 0.8300/0.6673/0.6534
Best val/Final test score/Best Step: 0.6872/0.6512/230
Run: 1/10, Epoch: 586/1500, this epoch time: 0.92s Train loss/score: 0.0854/0.9479
Run: 1/10, Epoch: 587/1500, this epoch time: 0.90s Train loss/score: 0.0860/0.9460
Run: 1/10, Epoch: 588/1500, this epoch time: 0.93s Train loss/score: 0.0862/0.9467
Run: 1/10, Epoch: 589/1500, this epoch time: 0.92s Train loss/score: 0.0858/0.9486
Run: 1/10, Epoch: 590/1500, this epoch time: 0.86s Train loss/score: 0.0844/0.9471
Run: 1/10, Epoch: 590/1500, Average Train epoch time: 0.87s, Average Eval epoch time: 0.49s
Loss: 0.0844 Train/Val/Test loss: 0.5008/0.8691/0.9309
Train/Val/Test: 0.8376/0.6720/0.6605
Best val/Final test score/Best Step: 0.6872/0.6512/230
Run: 1/10, Epoch: 591/1500, this epoch time: 0.86s Train loss/score: 0.0869/0.9459
Run: 1/10, Epoch: 592/1500, this epoch time: 0.86s Train loss/score: 0.0856/0.9476
Run: 1/10, Epoch: 593/1500, this epoch time: 0.86s Train loss/score: 0.0856/0.9481
Run: 1/10, Epoch: 594/1500, this epoch time: 0.86s Train loss/score: 0.0856/0.9501
Run: 1/10, Epoch: 595/1500, this epoch time: 0.86s Train loss/score: 0.0840/0.9500
Run: 1/10, Epoch: 595/1500, Average Train epoch time: 0.87s, Average Eval epoch time: 0.49s
Loss: 0.0840 Train/Val/Test loss: 0.4395/0.8121/0.8655
Train/Val/Test: 0.8482/0.6731/0.6618
Best val/Final test score/Best Step: 0.6872/0.6512/230
Run: 1/10, Epoch: 596/1500, this epoch time: 0.86s Train loss/score: 0.0845/0.9512
Run: 1/10, Epoch: 597/1500, this epoch time: 0.85s Train loss/score: 0.0831/0.9518
Run: 1/10, Epoch: 598/1500, this epoch time: 0.87s Train loss/score: 0.0843/0.9498
Run: 1/10, Epoch: 599/1500, this epoch time: 0.85s Train loss/score: 0.0835/0.9499
Run: 1/10, Epoch: 600/1500, this epoch time: 0.86s Train loss/score: 0.0829/0.9518
Run: 1/10, Epoch: 600/1500, Average Train epoch time: 0.87s, Average Eval epoch time: 0.49s
Loss: 0.0829 Train/Val/Test loss: 0.4462/0.8185/0.8732
Train/Val/Test: 0.8468/0.6707/0.6621
Best val/Final test score/Best Step: 0.6872/0.6512/230
Run: 1/10, Epoch: 601/1500, this epoch time: 0.92s Train loss/score: 0.0829/0.9490
Run: 1/10, Epoch: 602/1500, this epoch time: 0.90s Train loss/score: 0.0839/0.9494
Run: 1/10, Epoch: 603/1500, this epoch time: 0.90s Train loss/score: 0.0848/0.9495
Run: 1/10, Epoch: 604/1500, this epoch time: 0.86s Train loss/score: 0.0850/0.9484
Run: 1/10, Epoch: 605/1500, this epoch time: 0.86s Train loss/score: 0.0854/0.9491
Run: 1/10, Epoch: 605/1500, Average Train epoch time: 0.87s, Average Eval epoch time: 0.49s
Loss: 0.0854 Train/Val/Test loss: 0.5076/0.8780/0.9387
Train/Val/Test: 0.8353/0.6708/0.6584
Best val/Final test score/Best Step: 0.6872/0.6512/230
Run: 1/10, Epoch: 606/1500, this epoch time: 0.86s Train loss/score: 0.0843/0.9484
Run: 1/10, Epoch: 607/1500, this epoch time: 0.86s Train loss/score: 0.0848/0.9501
Run: 1/10, Epoch: 608/1500, this epoch time: 0.86s Train loss/score: 0.0842/0.9502
Run: 1/10, Epoch: 609/1500, this epoch time: 0.86s Train loss/score: 0.0855/0.9482
Run: 1/10, Epoch: 610/1500, this epoch time: 0.85s Train loss/score: 0.0859/0.9493
Run: 1/10, Epoch: 610/1500, Average Train epoch time: 0.87s, Average Eval epoch time: 0.49s
Loss: 0.0859 Train/Val/Test loss: 0.4315/0.8054/0.8616
Train/Val/Test: 0.8501/0.6729/0.6613
Best val/Final test score/Best Step: 0.6872/0.6512/230
Run: 1/10, Epoch: 611/1500, this epoch time: 0.86s Train loss/score: 0.0840/0.9491
Run: 1/10, Epoch: 612/1500, this epoch time: 0.86s Train loss/score: 0.0831/0.9516
Run: 1/10, Epoch: 613/1500, this epoch time: 0.88s Train loss/score: 0.0828/0.9487
Run: 1/10, Epoch: 614/1500, this epoch time: 0.90s Train loss/score: 0.0831/0.9498
Run: 1/10, Epoch: 615/1500, this epoch time: 0.91s Train loss/score: 0.0842/0.9498
Run: 1/10, Epoch: 615/1500, Average Train epoch time: 0.87s, Average Eval epoch time: 0.49s
Loss: 0.0842 Train/Val/Test loss: 0.4171/0.7952/0.8499
Train/Val/Test: 0.8533/0.6768/0.6619
Best val/Final test score/Best Step: 0.6872/0.6512/230
Run: 1/10, Epoch: 616/1500, this epoch time: 0.91s Train loss/score: 0.0855/0.9479
Run: 1/10, Epoch: 617/1500, this epoch time: 0.86s Train loss/score: 0.0840/0.9495
Run: 1/10, Epoch: 618/1500, this epoch time: 0.86s Train loss/score: 0.0833/0.9518
Run: 1/10, Epoch: 619/1500, this epoch time: 0.87s Train loss/score: 0.0829/0.9507
Run: 1/10, Epoch: 620/1500, this epoch time: 0.85s Train loss/score: 0.0809/0.9533
Run: 1/10, Epoch: 620/1500, Average Train epoch time: 0.87s, Average Eval epoch time: 0.49s
Loss: 0.0809 Train/Val/Test loss: 0.4459/0.8214/0.8778
Train/Val/Test: 0.8507/0.6779/0.6615
Best val/Final test score/Best Step: 0.6872/0.6512/230
Run: 1/10, Epoch: 621/1500, this epoch time: 0.86s Train loss/score: 0.0835/0.9500
Run: 1/10, Epoch: 622/1500, this epoch time: 0.85s Train loss/score: 0.0822/0.9502
Run: 1/10, Epoch: 623/1500, this epoch time: 0.86s Train loss/score: 0.0818/0.9489
Run: 1/10, Epoch: 624/1500, this epoch time: 0.86s Train loss/score: 0.0833/0.9480
Run: 1/10, Epoch: 625/1500, this epoch time: 0.86s Train loss/score: 0.0846/0.9497
Run: 1/10, Epoch: 625/1500, Average Train epoch time: 0.87s, Average Eval epoch time: 0.49s
Loss: 0.0846 Train/Val/Test loss: 0.4178/0.7887/0.8416
Train/Val/Test: 0.8534/0.6806/0.6654
Best val/Final test score/Best Step: 0.6872/0.6512/230
Run: 1/10, Epoch: 626/1500, this epoch time: 0.86s Train loss/score: 0.0863/0.9488
Run: 1/10, Epoch: 627/1500, this epoch time: 0.87s Train loss/score: 0.0833/0.9534
Run: 1/10, Epoch: 628/1500, this epoch time: 0.92s Train loss/score: 0.0819/0.9545
Run: 1/10, Epoch: 629/1500, this epoch time: 0.92s Train loss/score: 0.0858/0.9511
Run: 1/10, Epoch: 630/1500, this epoch time: 0.91s Train loss/score: 0.0829/0.9505
Run: 1/10, Epoch: 630/1500, Average Train epoch time: 0.87s, Average Eval epoch time: 0.49s
Loss: 0.0829 Train/Val/Test loss: 0.4209/0.7930/0.8486
Train/Val/Test: 0.8511/0.6772/0.6613
Best val/Final test score/Best Step: 0.6872/0.6512/230
Run: 1/10, Epoch: 631/1500, this epoch time: 0.86s Train loss/score: 0.0818/0.9512
Run: 1/10, Epoch: 632/1500, this epoch time: 0.86s Train loss/score: 0.0814/0.9509
Run: 1/10, Epoch: 633/1500, this epoch time: 0.86s Train loss/score: 0.0835/0.9497
Run: 1/10, Epoch: 634/1500, this epoch time: 0.86s Train loss/score: 0.0824/0.9502
Run: 1/10, Epoch: 635/1500, this epoch time: 0.86s Train loss/score: 0.0815/0.9506
Run: 1/10, Epoch: 635/1500, Average Train epoch time: 0.87s, Average Eval epoch time: 0.49s
Loss: 0.0815 Train/Val/Test loss: 0.4528/0.8226/0.8769
Train/Val/Test: 0.8474/0.6811/0.6623
Best val/Final test score/Best Step: 0.6872/0.6512/230
Run: 1/10, Epoch: 636/1500, this epoch time: 0.86s Train loss/score: 0.0818/0.9506
Run: 1/10, Epoch: 637/1500, this epoch time: 0.85s Train loss/score: 0.0807/0.9510
Run: 1/10, Epoch: 638/1500, this epoch time: 0.86s Train loss/score: 0.0816/0.9502
Run: 1/10, Epoch: 639/1500, this epoch time: 0.86s Train loss/score: 0.0826/0.9502
Run: 1/10, Epoch: 640/1500, this epoch time: 0.87s Train loss/score: 0.0823/0.9509
